{"meta": {"format": 3, "version": "7.10.7", "timestamp": "2025-10-01T13:16:39.484766", "branch_coverage": false, "show_contexts": false}, "files": {"app\\components\\technology_widget.py": {"executed_lines": [1, 5, 6, 7, 9, 11, 13, 16, 32, 34, 35, 37, 38, 43, 45, 47, 48, 50, 51, 54, 55, 57, 60, 62, 65, 67, 68, 70, 71, 74, 80, 81, 82, 83, 85, 86, 87, 88, 91, 93, 94, 95, 97, 98, 99, 100, 102, 105, 121, 124, 127, 128, 131, 136, 139, 142, 147, 149, 151, 153, 161, 162, 163, 165, 170, 172, 173, 177, 178, 180, 183, 185, 186, 189, 190, 191, 192, 195, 197, 198, 200, 201, 202, 203, 206, 208, 210, 212, 213, 214, 217, 219, 220, 221, 222, 224, 225, 228, 230, 231, 232, 234, 235, 236, 238, 241, 243, 245, 246, 247, 249, 250, 251, 252, 253, 254, 255, 256, 257, 260, 262, 263, 264, 267, 269, 271, 275, 276, 278, 279], "summary": {"covered_lines": 129, "num_statements": 130, "percent_covered": 99.23076923076923, "percent_covered_display": "99", "missing_lines": 1, "excluded_lines": 0}, "missing_lines": [167], "excluded_lines": [], "functions": {"_parse_current_technologies": {"executed_lines": [34, 35, 37, 38, 43, 45, 47, 48, 50, 51, 54, 55, 57], "summary": {"covered_lines": 13, "num_statements": 13, "percent_covered": 100.0, "percent_covered_display": "100", "missing_lines": 0, "excluded_lines": 0}, "missing_lines": [], "excluded_lines": []}, "_add_custom_technology_if_needed": {"executed_lines": [62], "summary": {"covered_lines": 1, "num_statements": 1, "percent_covered": 100.0, "percent_covered_display": "100", "missing_lines": 0, "excluded_lines": 0}, "missing_lines": [], "excluded_lines": []}, "_render_add_technology_form": {"executed_lines": [67, 68, 70, 71, 74, 80, 81, 82, 83, 85, 86, 87, 88], "summary": {"covered_lines": 13, "num_statements": 13, "percent_covered": 100.0, "percent_covered_display": "100", "missing_lines": 0, "excluded_lines": 0}, "missing_lines": [], "excluded_lines": []}, "_handle_add_technology": {"executed_lines": [93, 94, 95, 97, 98, 99, 100, 102], "summary": {"covered_lines": 8, "num_statements": 8, "percent_covered": 100.0, "percent_covered_display": "100", "missing_lines": 0, "excluded_lines": 0}, "missing_lines": [], "excluded_lines": []}, "technology_multiselect": {"executed_lines": [121, 124, 127, 128, 131, 136, 139], "summary": {"covered_lines": 7, "num_statements": 7, "percent_covered": 100.0, "percent_covered_display": "100", "missing_lines": 0, "excluded_lines": 0}, "missing_lines": [], "excluded_lines": []}, "_render_multiselect_interface": {"executed_lines": [147, 149, 151, 153, 161, 162, 163, 165], "summary": {"covered_lines": 8, "num_statements": 9, "percent_covered": 88.88888888888889, "percent_covered_display": "89", "missing_lines": 1, "excluded_lines": 0}, "missing_lines": [167], "excluded_lines": []}, "_render_technologies_search_tab": {"executed_lines": [172, 173, 177, 178, 180], "summary": {"covered_lines": 5, "num_statements": 5, "percent_covered": 100.0, "percent_covered_display": "100", "missing_lines": 0, "excluded_lines": 0}, "missing_lines": [], "excluded_lines": []}, "_display_search_results": {"executed_lines": [185, 186, 189, 190, 191, 192], "summary": {"covered_lines": 6, "num_statements": 6, "percent_covered": 100.0, "percent_covered_display": "100", "missing_lines": 0, "excluded_lines": 0}, "missing_lines": [], "excluded_lines": []}, "_display_technologies_by_category": {"executed_lines": [197, 198, 200, 201, 202, 203], "summary": {"covered_lines": 6, "num_statements": 6, "percent_covered": 100.0, "percent_covered_display": "100", "missing_lines": 0, "excluded_lines": 0}, "missing_lines": [], "excluded_lines": []}, "_render_add_technology_tab": {"executed_lines": [208, 210, 212, 213, 214], "summary": {"covered_lines": 5, "num_statements": 5, "percent_covered": 100.0, "percent_covered_display": "100", "missing_lines": 0, "excluded_lines": 0}, "missing_lines": [], "excluded_lines": []}, "_render_add_technology_form_main": {"executed_lines": [219, 220, 221, 222, 224, 225], "summary": {"covered_lines": 6, "num_statements": 6, "percent_covered": 100.0, "percent_covered_display": "100", "missing_lines": 0, "excluded_lines": 0}, "missing_lines": [], "excluded_lines": []}, "_handle_form_submission": {"executed_lines": [230, 231, 232, 234, 235, 236, 238], "summary": {"covered_lines": 7, "num_statements": 7, "percent_covered": 100.0, "percent_covered_display": "100", "missing_lines": 0, "excluded_lines": 0}, "missing_lines": [], "excluded_lines": []}, "_display_custom_technologies_list": {"executed_lines": [243, 245, 246, 247, 249, 250, 251, 252, 253, 254, 255, 256, 257], "summary": {"covered_lines": 13, "num_statements": 13, "percent_covered": 100.0, "percent_covered_display": "100", "missing_lines": 0, "excluded_lines": 0}, "missing_lines": [], "excluded_lines": []}, "_handle_delete_technology": {"executed_lines": [262, 263, 264], "summary": {"covered_lines": 3, "num_statements": 3, "percent_covered": 100.0, "percent_covered_display": "100", "missing_lines": 0, "excluded_lines": 0}, "missing_lines": [], "excluded_lines": []}, "show_technologies_referentiel": {"executed_lines": [269, 271, 275, 276, 278, 279], "summary": {"covered_lines": 6, "num_statements": 6, "percent_covered": 100.0, "percent_covered_display": "100", "missing_lines": 0, "excluded_lines": 0}, "missing_lines": [], "excluded_lines": []}, "": {"executed_lines": [1, 5, 6, 7, 9, 11, 13, 16, 32, 60, 65, 91, 105, 142, 170, 183, 195, 206, 217, 228, 241, 260, 267], "summary": {"covered_lines": 22, "num_statements": 22, "percent_covered": 100.0, "percent_covered_display": "100", "missing_lines": 0, "excluded_lines": 0}, "missing_lines": [], "excluded_lines": []}}, "classes": {"": {"executed_lines": [1, 5, 6, 7, 9, 11, 13, 16, 32, 34, 35, 37, 38, 43, 45, 47, 48, 50, 51, 54, 55, 57, 60, 62, 65, 67, 68, 70, 71, 74, 80, 81, 82, 83, 85, 86, 87, 88, 91, 93, 94, 95, 97, 98, 99, 100, 102, 105, 121, 124, 127, 128, 131, 136, 139, 142, 147, 149, 151, 153, 161, 162, 163, 165, 170, 172, 173, 177, 178, 180, 183, 185, 186, 189, 190, 191, 192, 195, 197, 198, 200, 201, 202, 203, 206, 208, 210, 212, 213, 214, 217, 219, 220, 221, 222, 224, 225, 228, 230, 231, 232, 234, 235, 236, 238, 241, 243, 245, 246, 247, 249, 250, 251, 252, 253, 254, 255, 256, 257, 260, 262, 263, 264, 267, 269, 271, 275, 276, 278, 279], "summary": {"covered_lines": 129, "num_statements": 130, "percent_covered": 99.23076923076923, "percent_covered_display": "99", "missing_lines": 1, "excluded_lines": 0}, "missing_lines": [167], "excluded_lines": []}}}, "app\\database\\database.py": {"executed_lines": [1, 7, 9, 10, 11, 12, 13, 15, 16, 17, 18, 19, 20, 21, 24, 27, 30, 33, 34, 36, 46, 47, 49, 50, 53, 55, 56, 60, 63, 66, 67, 70, 71, 73, 74, 75, 79, 84, 85, 88, 89, 91, 93, 96, 99, 102, 104, 105, 107, 108, 109, 112, 116, 118, 121, 124, 127, 129, 130, 137, 139, 142, 143, 145, 146, 148, 149, 150, 151, 152, 153, 155], "summary": {"covered_lines": 71, "num_statements": 77, "percent_covered": 92.20779220779221, "percent_covered_display": "92", "missing_lines": 6, "excluded_lines": 0}, "missing_lines": [76, 132, 133, 134, 163, 164], "excluded_lines": [], "functions": {"get_database_engine": {"executed_lines": [36], "summary": {"covered_lines": 1, "num_statements": 1, "percent_covered": 100.0, "percent_covered_display": "100", "missing_lines": 0, "excluded_lines": 0}, "missing_lines": [], "excluded_lines": []}, "get_session_factory": {"executed_lines": [49, 50], "summary": {"covered_lines": 2, "num_statements": 2, "percent_covered": 100.0, "percent_covered_display": "100", "missing_lines": 0, "excluded_lines": 0}, "missing_lines": [], "excluded_lines": []}, "get_database_session": {"executed_lines": [55, 56], "summary": {"covered_lines": 2, "num_statements": 2, "percent_covered": 100.0, "percent_covered_display": "100", "missing_lines": 0, "excluded_lines": 0}, "missing_lines": [], "excluded_lines": []}, "is_database_initialized": {"executed_lines": [70, 71, 73, 74, 75], "summary": {"covered_lines": 5, "num_statements": 6, "percent_covered": 83.33333333333333, "percent_covered_display": "83", "missing_lines": 1, "excluded_lines": 0}, "missing_lines": [76], "excluded_lines": []}, "init_database": {"executed_lines": [84, 85, 88, 89, 91, 93, 96, 99, 102, 104, 105, 107, 108, 109], "summary": {"covered_lines": 14, "num_statements": 14, "percent_covered": 100.0, "percent_covered_display": "100", "missing_lines": 0, "excluded_lines": 0}, "missing_lines": [], "excluded_lines": []}, "reset_database": {"executed_lines": [116, 118, 121, 124, 127, 129, 130], "summary": {"covered_lines": 7, "num_statements": 10, "percent_covered": 70.0, "percent_covered_display": "70", "missing_lines": 3, "excluded_lines": 0}, "missing_lines": [132, 133, 134], "excluded_lines": []}, "check_database_exists": {"executed_lines": [139], "summary": {"covered_lines": 1, "num_statements": 1, "percent_covered": 100.0, "percent_covered_display": "100", "missing_lines": 0, "excluded_lines": 0}, "missing_lines": [], "excluded_lines": []}, "get_database_info": {"executed_lines": [145, 146, 148, 149, 150, 151, 152, 153, 155], "summary": {"covered_lines": 9, "num_statements": 11, "percent_covered": 81.81818181818181, "percent_covered_display": "82", "missing_lines": 2, "excluded_lines": 0}, "missing_lines": [163, 164], "excluded_lines": []}, "": {"executed_lines": [1, 7, 9, 10, 11, 12, 13, 15, 16, 17, 18, 19, 20, 21, 24, 27, 30, 33, 34, 46, 47, 53, 60, 63, 66, 67, 79, 112, 137, 142, 143], "summary": {"covered_lines": 30, "num_statements": 30, "percent_covered": 100.0, "percent_covered_display": "100", "missing_lines": 0, "excluded_lines": 0}, "missing_lines": [], "excluded_lines": []}}, "classes": {"": {"executed_lines": [1, 7, 9, 10, 11, 12, 13, 15, 16, 17, 18, 19, 20, 21, 24, 27, 30, 33, 34, 36, 46, 47, 49, 50, 53, 55, 56, 60, 63, 66, 67, 70, 71, 73, 74, 75, 79, 84, 85, 88, 89, 91, 93, 96, 99, 102, 104, 105, 107, 108, 109, 112, 116, 118, 121, 124, 127, 129, 130, 137, 139, 142, 143, 145, 146, 148, 149, 150, 151, 152, 153, 155], "summary": {"covered_lines": 71, "num_statements": 77, "percent_covered": 92.20779220779221, "percent_covered_display": "92", "missing_lines": 6, "excluded_lines": 0}, "missing_lines": [76, 132, 133, 134, 163, 164], "excluded_lines": []}}}, "app\\database\\models.py": {"executed_lines": [1, 7, 8, 9, 10, 11, 13, 14, 15, 16, 17, 18, 19, 20, 21, 22, 23, 24, 25, 27, 31, 32, 34, 37, 38, 40, 42, 43, 44, 45, 48, 49, 52, 56, 57, 59, 60, 62, 65, 66, 68, 70, 71, 72, 73, 74, 75, 76, 77, 80, 81, 84, 87, 88, 89, 92, 98, 100, 103, 106, 109, 114, 115, 118, 123, 126, 129, 134, 139, 146, 154, 155, 157, 158, 170, 172, 173, 175, 176, 177, 180, 181, 197, 198, 200, 201, 202, 204, 205, 222, 223, 225, 226, 228, 230, 231, 239, 240, 243, 244, 246, 247, 248, 249, 251, 252, 258, 259, 261, 263, 264, 266, 268, 269, 270, 275, 279, 280, 283, 284, 286, 288, 289, 292, 295, 297, 298, 299, 300, 303, 306, 310, 314, 315, 317, 319, 320, 323, 324, 325, 328, 329, 330, 333, 336, 339, 340, 343, 346, 351, 359, 360, 364, 365, 379, 380, 381, 384, 385, 387, 389, 390, 393, 394, 395, 396, 397, 400, 402, 403, 406, 407, 409, 411, 412, 413, 416, 417, 419, 420, 423, 424, 426, 427, 428, 431, 432, 435, 436, 437, 441, 442, 445, 446, 448, 450, 451, 452, 453, 456, 460, 461, 464, 465, 467, 469, 470, 473, 474, 475, 476, 479, 482, 486, 487, 489, 490, 509, 516, 519, 520, 522, 524, 525, 526, 527, 528, 529, 530, 533, 534, 537, 543, 544, 548, 549, 561, 563, 564, 580, 584, 585, 596, 599, 600, 602, 604, 605, 608, 609, 610, 611, 612, 613, 614, 615, 616, 619, 622, 630, 633, 634, 640, 641, 650, 651, 663, 664, 666, 668, 669, 672, 675, 678, 681, 684, 687, 690, 694, 695, 697, 698, 710, 712, 713, 729, 730], "summary": {"covered_lines": 249, "num_statements": 266, "percent_covered": 93.60902255639098, "percent_covered_display": "94", "missing_lines": 17, "excluded_lines": 30}, "missing_lines": [28, 178, 255, 636, 637, 638, 643, 645, 646, 653, 654, 655, 656, 657, 658, 659, 660], "excluded_lines": [56, 57, 154, 155, 279, 280, 310, 311, 359, 360, 361, 362, 402, 403, 419, 420, 441, 442, 460, 461, 486, 487, 543, 544, 545, 546, 630, 631, 694, 695], "functions": {"Practice.__repr__": {"executed_lines": [57], "summary": {"covered_lines": 0, "num_statements": 0, "percent_covered": 100.0, "percent_covered_display": "100", "missing_lines": 0, "excluded_lines": 1}, "missing_lines": [], "excluded_lines": [57]}, "Practice.nombre_consultants": {"executed_lines": [62], "summary": {"covered_lines": 1, "num_statements": 1, "percent_covered": 100.0, "percent_covered_display": "100", "missing_lines": 0, "excluded_lines": 0}, "missing_lines": [], "excluded_lines": []}, "Consultant.__repr__": {"executed_lines": [155], "summary": {"covered_lines": 0, "num_statements": 0, "percent_covered": 100.0, "percent_covered_display": "100", "missing_lines": 0, "excluded_lines": 1}, "missing_lines": [], "excluded_lines": [155]}, "Consultant.nom_complet": {"executed_lines": [170], "summary": {"covered_lines": 1, "num_statements": 1, "percent_covered": 100.0, "percent_covered_display": "100", "missing_lines": 0, "excluded_lines": 0}, "missing_lines": [], "excluded_lines": []}, "Consultant.business_manager_actuel": {"executed_lines": [175, 176, 177], "summary": {"covered_lines": 3, "num_statements": 4, "percent_covered": 75.0, "percent_covered_display": "75", "missing_lines": 1, "excluded_lines": 0}, "missing_lines": [178], "excluded_lines": []}, "Consultant.experience_annees": {"executed_lines": [197, 198, 200, 201, 202], "summary": {"covered_lines": 5, "num_statements": 5, "percent_covered": 100.0, "percent_covered_display": "100", "missing_lines": 0, "excluded_lines": 0}, "missing_lines": [], "excluded_lines": []}, "Consultant.statut_societe": {"executed_lines": [222, 223, 225, 226, 228], "summary": {"covered_lines": 5, "num_statements": 5, "percent_covered": 100.0, "percent_covered_display": "100", "missing_lines": 0, "excluded_lines": 0}, "missing_lines": [], "excluded_lines": []}, "Consultant.date_disponibilite": {"executed_lines": [239, 240, 243, 244, 246, 247, 248, 249, 251, 252], "summary": {"covered_lines": 10, "num_statements": 11, "percent_covered": 90.9090909090909, "percent_covered_display": "91", "missing_lines": 1, "excluded_lines": 0}, "missing_lines": [255], "excluded_lines": []}, "Competence.__repr__": {"executed_lines": [280], "summary": {"covered_lines": 0, "num_statements": 0, "percent_covered": 100.0, "percent_covered_display": "100", "missing_lines": 0, "excluded_lines": 1}, "missing_lines": [], "excluded_lines": [280]}, "ConsultantCompetence.__repr__": {"executed_lines": [], "summary": {"covered_lines": 0, "num_statements": 0, "percent_covered": 100.0, "percent_covered_display": "100", "missing_lines": 0, "excluded_lines": 1}, "missing_lines": [], "excluded_lines": [311]}, "Mission.__repr__": {"executed_lines": [360], "summary": {"covered_lines": 0, "num_statements": 0, "percent_covered": 100.0, "percent_covered_display": "100", "missing_lines": 0, "excluded_lines": 3}, "missing_lines": [], "excluded_lines": [360, 361, 362]}, "Mission.duree_jours": {"executed_lines": [379, 380, 381], "summary": {"covered_lines": 3, "num_statements": 3, "percent_covered": 100.0, "percent_covered_display": "100", "missing_lines": 0, "excluded_lines": 0}, "missing_lines": [], "excluded_lines": []}, "CV.__repr__": {"executed_lines": [403], "summary": {"covered_lines": 0, "num_statements": 0, "percent_covered": 100.0, "percent_covered_display": "100", "missing_lines": 0, "excluded_lines": 1}, "missing_lines": [], "excluded_lines": [403]}, "CustomTechnology.__repr__": {"executed_lines": [420], "summary": {"covered_lines": 0, "num_statements": 0, "percent_covered": 100.0, "percent_covered_display": "100", "missing_lines": 0, "excluded_lines": 1}, "missing_lines": [], "excluded_lines": [420]}, "ConsultantSalaire.__repr__": {"executed_lines": [442], "summary": {"covered_lines": 0, "num_statements": 0, "percent_covered": 100.0, "percent_covered_display": "100", "missing_lines": 0, "excluded_lines": 1}, "missing_lines": [], "excluded_lines": [442]}, "Langue.__repr__": {"executed_lines": [461], "summary": {"covered_lines": 0, "num_statements": 0, "percent_covered": 100.0, "percent_covered_display": "100", "missing_lines": 0, "excluded_lines": 1}, "missing_lines": [], "excluded_lines": [461]}, "ConsultantLangue.__repr__": {"executed_lines": [487], "summary": {"covered_lines": 0, "num_statements": 0, "percent_covered": 100.0, "percent_covered_display": "100", "missing_lines": 0, "excluded_lines": 1}, "missing_lines": [], "excluded_lines": [487]}, "ConsultantLangue.niveau_label": {"executed_lines": [509, 516], "summary": {"covered_lines": 2, "num_statements": 2, "percent_covered": 100.0, "percent_covered_display": "100", "missing_lines": 0, "excluded_lines": 0}, "missing_lines": [], "excluded_lines": []}, "BusinessManager.__repr__": {"executed_lines": [544], "summary": {"covered_lines": 0, "num_statements": 0, "percent_covered": 100.0, "percent_covered_display": "100", "missing_lines": 0, "excluded_lines": 3}, "missing_lines": [], "excluded_lines": [544, 545, 546]}, "BusinessManager.nom_complet": {"executed_lines": [561], "summary": {"covered_lines": 1, "num_statements": 1, "percent_covered": 100.0, "percent_covered_display": "100", "missing_lines": 0, "excluded_lines": 0}, "missing_lines": [], "excluded_lines": []}, "BusinessManager.consultants_actuels": {"executed_lines": [580], "summary": {"covered_lines": 1, "num_statements": 1, "percent_covered": 100.0, "percent_covered_display": "100", "missing_lines": 0, "excluded_lines": 0}, "missing_lines": [], "excluded_lines": []}, "BusinessManager.nombre_consultants_actuels": {"executed_lines": [596], "summary": {"covered_lines": 1, "num_statements": 1, "percent_covered": 100.0, "percent_covered_display": "100", "missing_lines": 0, "excluded_lines": 0}, "missing_lines": [], "excluded_lines": []}, "VsaMission.__repr__": {"executed_lines": [], "summary": {"covered_lines": 0, "num_statements": 0, "percent_covered": 100.0, "percent_covered_display": "100", "missing_lines": 0, "excluded_lines": 1}, "missing_lines": [], "excluded_lines": [631]}, "VsaMission.duree_jours": {"executed_lines": [], "summary": {"covered_lines": 0, "num_statements": 3, "percent_covered": 0.0, "percent_covered_display": "0", "missing_lines": 3, "excluded_lines": 0}, "missing_lines": [636, 637, 638], "excluded_lines": []}, "VsaMission.consultant": {"executed_lines": [], "summary": {"covered_lines": 0, "num_statements": 3, "percent_covered": 0.0, "percent_covered_display": "0", "missing_lines": 3, "excluded_lines": 0}, "missing_lines": [643, 645, 646], "excluded_lines": []}, "VsaMission.est_active": {"executed_lines": [], "summary": {"covered_lines": 0, "num_statements": 8, "percent_covered": 0.0, "percent_covered_display": "0", "missing_lines": 8, "excluded_lines": 0}, "missing_lines": [653, 654, 655, 656, 657, 658, 659, 660], "excluded_lines": []}, "ConsultantBusinessManager.__repr__": {"executed_lines": [695], "summary": {"covered_lines": 0, "num_statements": 0, "percent_covered": 100.0, "percent_covered_display": "100", "missing_lines": 0, "excluded_lines": 1}, "missing_lines": [], "excluded_lines": [695]}, "ConsultantBusinessManager.est_actuel": {"executed_lines": [710], "summary": {"covered_lines": 1, "num_statements": 1, "percent_covered": 100.0, "percent_covered_display": "100", "missing_lines": 0, "excluded_lines": 0}, "missing_lines": [], "excluded_lines": []}, "ConsultantBusinessManager.duree_jours": {"executed_lines": [729, 730], "summary": {"covered_lines": 2, "num_statements": 2, "percent_covered": 100.0, "percent_covered_display": "100", "missing_lines": 0, "excluded_lines": 0}, "missing_lines": [], "excluded_lines": []}, "": {"executed_lines": [1, 7, 8, 9, 10, 11, 13, 14, 15, 16, 17, 18, 19, 20, 21, 22, 23, 24, 25, 27, 31, 32, 34, 37, 38, 40, 42, 43, 44, 45, 48, 49, 52, 56, 59, 60, 65, 66, 68, 70, 71, 72, 73, 74, 75, 76, 77, 80, 81, 84, 87, 88, 89, 92, 98, 100, 103, 106, 109, 114, 115, 118, 123, 126, 129, 134, 139, 146, 154, 157, 158, 172, 173, 180, 181, 204, 205, 230, 231, 258, 259, 261, 263, 264, 266, 268, 269, 270, 275, 279, 283, 284, 286, 288, 289, 292, 295, 297, 298, 299, 300, 303, 306, 310, 314, 315, 317, 319, 320, 323, 324, 325, 328, 329, 330, 333, 336, 339, 340, 343, 346, 351, 359, 364, 365, 384, 385, 387, 389, 390, 393, 394, 395, 396, 397, 400, 402, 406, 407, 409, 411, 412, 413, 416, 417, 419, 423, 424, 426, 427, 428, 431, 432, 435, 436, 437, 441, 445, 446, 448, 450, 451, 452, 453, 456, 460, 464, 465, 467, 469, 470, 473, 474, 475, 476, 479, 482, 486, 489, 490, 519, 520, 522, 524, 525, 526, 527, 528, 529, 530, 533, 534, 537, 543, 548, 549, 563, 564, 584, 585, 599, 600, 602, 604, 605, 608, 609, 610, 611, 612, 613, 614, 615, 616, 619, 622, 630, 633, 634, 640, 641, 650, 651, 663, 664, 666, 668, 669, 672, 675, 678, 681, 684, 687, 690, 694, 697, 698, 712, 713], "summary": {"covered_lines": 213, "num_statements": 214, "percent_covered": 99.53271028037383, "percent_covered_display": "99", "missing_lines": 1, "excluded_lines": 13}, "missing_lines": [28], "excluded_lines": [56, 154, 279, 310, 359, 402, 419, 441, 460, 486, 543, 630, 694]}}, "classes": {"Practice": {"executed_lines": [57, 62], "summary": {"covered_lines": 1, "num_statements": 1, "percent_covered": 100.0, "percent_covered_display": "100", "missing_lines": 0, "excluded_lines": 1}, "missing_lines": [], "excluded_lines": [57]}, "Consultant": {"executed_lines": [155, 170, 175, 176, 177, 197, 198, 200, 201, 202, 222, 223, 225, 226, 228, 239, 240, 243, 244, 246, 247, 248, 249, 251, 252], "summary": {"covered_lines": 24, "num_statements": 26, "percent_covered": 92.3076923076923, "percent_covered_display": "92", "missing_lines": 2, "excluded_lines": 1}, "missing_lines": [178, 255], "excluded_lines": [155]}, "Competence": {"executed_lines": [280], "summary": {"covered_lines": 0, "num_statements": 0, "percent_covered": 100.0, "percent_covered_display": "100", "missing_lines": 0, "excluded_lines": 1}, "missing_lines": [], "excluded_lines": [280]}, "ConsultantCompetence": {"executed_lines": [], "summary": {"covered_lines": 0, "num_statements": 0, "percent_covered": 100.0, "percent_covered_display": "100", "missing_lines": 0, "excluded_lines": 1}, "missing_lines": [], "excluded_lines": [311]}, "Mission": {"executed_lines": [360, 379, 380, 381], "summary": {"covered_lines": 3, "num_statements": 3, "percent_covered": 100.0, "percent_covered_display": "100", "missing_lines": 0, "excluded_lines": 3}, "missing_lines": [], "excluded_lines": [360, 361, 362]}, "CV": {"executed_lines": [403], "summary": {"covered_lines": 0, "num_statements": 0, "percent_covered": 100.0, "percent_covered_display": "100", "missing_lines": 0, "excluded_lines": 1}, "missing_lines": [], "excluded_lines": [403]}, "CustomTechnology": {"executed_lines": [420], "summary": {"covered_lines": 0, "num_statements": 0, "percent_covered": 100.0, "percent_covered_display": "100", "missing_lines": 0, "excluded_lines": 1}, "missing_lines": [], "excluded_lines": [420]}, "ConsultantSalaire": {"executed_lines": [442], "summary": {"covered_lines": 0, "num_statements": 0, "percent_covered": 100.0, "percent_covered_display": "100", "missing_lines": 0, "excluded_lines": 1}, "missing_lines": [], "excluded_lines": [442]}, "Langue": {"executed_lines": [461], "summary": {"covered_lines": 0, "num_statements": 0, "percent_covered": 100.0, "percent_covered_display": "100", "missing_lines": 0, "excluded_lines": 1}, "missing_lines": [], "excluded_lines": [461]}, "ConsultantLangue": {"executed_lines": [487, 509, 516], "summary": {"covered_lines": 2, "num_statements": 2, "percent_covered": 100.0, "percent_covered_display": "100", "missing_lines": 0, "excluded_lines": 1}, "missing_lines": [], "excluded_lines": [487]}, "BusinessManager": {"executed_lines": [544, 561, 580, 596], "summary": {"covered_lines": 3, "num_statements": 3, "percent_covered": 100.0, "percent_covered_display": "100", "missing_lines": 0, "excluded_lines": 3}, "missing_lines": [], "excluded_lines": [544, 545, 546]}, "VsaMission": {"executed_lines": [], "summary": {"covered_lines": 0, "num_statements": 14, "percent_covered": 0.0, "percent_covered_display": "0", "missing_lines": 14, "excluded_lines": 1}, "missing_lines": [636, 637, 638, 643, 645, 646, 653, 654, 655, 656, 657, 658, 659, 660], "excluded_lines": [631]}, "ConsultantBusinessManager": {"executed_lines": [695, 710, 729, 730], "summary": {"covered_lines": 3, "num_statements": 3, "percent_covered": 100.0, "percent_covered_display": "100", "missing_lines": 0, "excluded_lines": 1}, "missing_lines": [], "excluded_lines": [695]}, "": {"executed_lines": [1, 7, 8, 9, 10, 11, 13, 14, 15, 16, 17, 18, 19, 20, 21, 22, 23, 24, 25, 27, 31, 32, 34, 37, 38, 40, 42, 43, 44, 45, 48, 49, 52, 56, 59, 60, 65, 66, 68, 70, 71, 72, 73, 74, 75, 76, 77, 80, 81, 84, 87, 88, 89, 92, 98, 100, 103, 106, 109, 114, 115, 118, 123, 126, 129, 134, 139, 146, 154, 157, 158, 172, 173, 180, 181, 204, 205, 230, 231, 258, 259, 261, 263, 264, 266, 268, 269, 270, 275, 279, 283, 284, 286, 288, 289, 292, 295, 297, 298, 299, 300, 303, 306, 310, 314, 315, 317, 319, 320, 323, 324, 325, 328, 329, 330, 333, 336, 339, 340, 343, 346, 351, 359, 364, 365, 384, 385, 387, 389, 390, 393, 394, 395, 396, 397, 400, 402, 406, 407, 409, 411, 412, 413, 416, 417, 419, 423, 424, 426, 427, 428, 431, 432, 435, 436, 437, 441, 445, 446, 448, 450, 451, 452, 453, 456, 460, 464, 465, 467, 469, 470, 473, 474, 475, 476, 479, 482, 486, 489, 490, 519, 520, 522, 524, 525, 526, 527, 528, 529, 530, 533, 534, 537, 543, 548, 549, 563, 564, 584, 585, 599, 600, 602, 604, 605, 608, 609, 610, 611, 612, 613, 614, 615, 616, 619, 622, 630, 633, 634, 640, 641, 650, 651, 663, 664, 666, 668, 669, 672, 675, 678, 681, 684, 687, 690, 694, 697, 698, 712, 713], "summary": {"covered_lines": 213, "num_statements": 214, "percent_covered": 99.53271028037383, "percent_covered_display": "99", "missing_lines": 1, "excluded_lines": 13}, "missing_lines": [28], "excluded_lines": [56, 154, 279, 310, 359, 402, 419, 441, 460, 486, 543, 630, 694]}}}, "app\\main.py": {"executed_lines": [2, 7, 8, 10, 11, 14, 17, 25, 26, 29, 31, 32, 34, 35, 37, 39, 41, 43, 45, 48, 60, 64, 65, 95, 104, 107, 109, 111, 116, 119, 121, 122, 123, 124, 125, 126, 128, 129, 131, 134, 135, 137, 138, 139, 141, 142, 143, 146, 148, 149, 152, 154, 155, 157, 158, 160, 161, 163, 164, 167], "summary": {"covered_lines": 58, "num_statements": 70, "percent_covered": 82.85714285714286, "percent_covered_display": "83", "missing_lines": 12, "excluded_lines": 2}, "missing_lines": [36, 38, 40, 42, 44, 46, 51, 52, 53, 55, 56, 57], "excluded_lines": [167, 168], "functions": {"load_module_safe": {"executed_lines": [31, 32, 34, 35, 37, 39, 41, 43, 45, 48], "summary": {"covered_lines": 10, "num_statements": 22, "percent_covered": 45.45454545454545, "percent_covered_display": "45", "missing_lines": 12, "excluded_lines": 0}, "missing_lines": [36, 38, 40, 42, 44, 46, 51, 52, 53, 55, 56, 57], "excluded_lines": []}, "show_navigation": {"executed_lines": [64, 65, 95, 104], "summary": {"covered_lines": 4, "num_statements": 4, "percent_covered": 100.0, "percent_covered_display": "100", "missing_lines": 0, "excluded_lines": 0}, "missing_lines": [], "excluded_lines": []}, "main": {"executed_lines": [109, 111, 116, 119, 121, 122, 123, 124, 125, 126, 128, 129, 131, 134, 135, 137, 138, 139, 141, 142, 143], "summary": {"covered_lines": 21, "num_statements": 21, "percent_covered": 100.0, "percent_covered_display": "100", "missing_lines": 0, "excluded_lines": 0}, "missing_lines": [], "excluded_lines": []}, "show_fallback_home": {"executed_lines": [148, 149, 152, 154, 155, 157, 158, 160, 161, 163, 164], "summary": {"covered_lines": 11, "num_statements": 11, "percent_covered": 100.0, "percent_covered_display": "100", "missing_lines": 0, "excluded_lines": 0}, "missing_lines": [], "excluded_lines": []}, "": {"executed_lines": [2, 7, 8, 10, 11, 14, 17, 25, 26, 29, 60, 107, 146, 167], "summary": {"covered_lines": 12, "num_statements": 12, "percent_covered": 100.0, "percent_covered_display": "100", "missing_lines": 0, "excluded_lines": 2}, "missing_lines": [], "excluded_lines": [167, 168]}}, "classes": {"": {"executed_lines": [2, 7, 8, 10, 11, 14, 17, 25, 26, 29, 31, 32, 34, 35, 37, 39, 41, 43, 45, 48, 60, 64, 65, 95, 104, 107, 109, 111, 116, 119, 121, 122, 123, 124, 125, 126, 128, 129, 131, 134, 135, 137, 138, 139, 141, 142, 143, 146, 148, 149, 152, 154, 155, 157, 158, 160, 161, 163, 164, 167], "summary": {"covered_lines": 58, "num_statements": 70, "percent_covered": 82.85714285714286, "percent_covered_display": "83", "missing_lines": 12, "excluded_lines": 2}, "missing_lines": [36, 38, 40, 42, 44, 46, 51, 52, 53, 55, 56, 57], "excluded_lines": [167, 168]}}}, "app\\main_simple.py": {"executed_lines": [], "summary": {"covered_lines": 0, "num_statements": 0, "percent_covered": 100.0, "percent_covered_display": "100", "missing_lines": 0, "excluded_lines": 0}, "missing_lines": [], "excluded_lines": [], "functions": {"": {"executed_lines": [], "summary": {"covered_lines": 0, "num_statements": 0, "percent_covered": 100.0, "percent_covered_display": "100", "missing_lines": 0, "excluded_lines": 0}, "missing_lines": [], "excluded_lines": []}}, "classes": {"": {"executed_lines": [], "summary": {"covered_lines": 0, "num_statements": 0, "percent_covered": 100.0, "percent_covered_display": "100", "missing_lines": 0, "excluded_lines": 0}, "missing_lines": [], "excluded_lines": []}}}, "app\\pages_modules\\__init__.py": {"executed_lines": [1, 7, 8, 9, 10, 11, 12, 14, 15, 19, 20, 27, 28, 32, 33, 37, 38, 42, 43, 47], "summary": {"covered_lines": 19, "num_statements": 34, "percent_covered": 55.88235294117647, "percent_covered_display": "56", "missing_lines": 15, "excluded_lines": 0}, "missing_lines": [16, 17, 21, 22, 23, 24, 25, 29, 30, 34, 35, 39, 40, 44, 45], "excluded_lines": [], "functions": {"": {"executed_lines": [1, 7, 8, 9, 10, 11, 12, 14, 15, 19, 20, 27, 28, 32, 33, 37, 38, 42, 43, 47], "summary": {"covered_lines": 19, "num_statements": 34, "percent_covered": 55.88235294117647, "percent_covered_display": "56", "missing_lines": 15, "excluded_lines": 0}, "missing_lines": [16, 17, 21, 22, 23, 24, 25, 29, 30, 34, 35, 39, 40, 44, 45], "excluded_lines": []}}, "classes": {"": {"executed_lines": [1, 7, 8, 9, 10, 11, 12, 14, 15, 19, 20, 27, 28, 32, 33, 37, 38, 42, 43, 47], "summary": {"covered_lines": 19, "num_statements": 34, "percent_covered": 55.88235294117647, "percent_covered_display": "56", "missing_lines": 15, "excluded_lines": 0}, "missing_lines": [16, 17, 21, 22, 23, 24, 25, 29, 30, 34, 35, 39, 40, 44, 45], "excluded_lines": []}}}, "app\\pages_modules\\business_managers.py": {"executed_lines": [1, 2, 4, 5, 6, 8, 9, 10, 11, 12, 13, 16, 17, 18, 21, 22, 23, 24, 25, 26, 27, 28, 29, 32, 33, 34, 37, 40, 43, 44, 45, 46, 47, 48, 51, 52, 53, 54, 55, 56, 57, 60, 61, 64, 67, 69, 70, 72, 73, 74, 75, 77, 80, 83, 85, 86, 87, 88, 89, 90, 93, 95, 97, 108, 111, 113, 115, 116, 119, 120, 124, 127, 128, 131, 132, 135, 151, 154, 155, 156, 159, 161, 162, 164, 165, 167, 168, 171, 189, 192, 193, 194, 195, 196, 198, 199, 200, 206, 207, 208, 209, 210, 213, 214, 217, 219, 222, 224, 225, 228, 252, 254, 255, 257, 258, 259, 260, 262, 263, 264, 266, 268, 270, 271, 273, 274, 276, 277, 278, 280, 281, 282, 283, 284, 285, 286, 287, 288, 291, 292, 293, 295, 296, 297, 298, 300, 301, 304, 328, 331, 332, 333, 344, 350, 351, 354, 356, 357, 359, 362, 364, 366, 367, 368, 370, 382, 390, 392, 397, 398, 399, 401, 404, 405, 406, 408, 409, 411, 412, 416, 417, 419, 420, 423, 443, 446, 450, 451, 453, 454, 456, 457, 460, 462, 475, 477, 490, 491, 496, 497, 498, 499, 503, 507, 515, 518, 525, 529, 549, 552, 561, 562, 564, 565, 570, 587, 589, 590, 591, 594, 595, 596, 597, 598, 601, 603, 620, 622, 623, 624, 625, 626, 627, 632, 633, 634, 635, 637, 638, 641, 666, 668, 670, 671, 672, 675, 676, 677, 678, 681, 684, 689, 690, 693, 745, 777, 816, 840, 842, 855, 858, 862, 863, 866, 870, 871, 874, 875, 936, 937, 940, 965, 967, 975, 980, 981, 1004, 1006, 1023, 1024, 1026, 1037, 1038, 1041, 1066, 1073, 1075, 1076, 1079, 1080, 1087, 1089, 1097, 1100, 1103, 1107, 1110, 1113, 1116, 1120, 1122, 1123, 1126, 1154, 1156, 1157, 1159, 1160, 1161, 1162, 1164, 1165, 1166, 1168, 1174, 1176, 1178, 1182, 1186, 1187, 1189, 1195, 1196, 1199, 1202, 1212, 1213, 1215, 1216, 1219, 1225, 1253, 1255, 1256, 1258, 1259, 1262, 1268, 1270, 1271, 1273, 1274, 1276, 1277, 1279, 1280, 1361, 1362, 1368, 1370, 1371, 1373, 1400, 1403, 1407, 1410, 1422, 1434, 1437, 1462, 1475, 1496, 1498, 1577, 1579, 1580, 1582, 1583, 1589, 1606, 1609, 1612, 1613, 1614, 1615, 1616, 1617, 1618, 1619, 1620, 1621, 1622, 1623, 1624, 1625, 1626, 1628, 1631, 1695, 1697, 1698], "summary": {"covered_lines": 391, "num_statements": 610, "percent_covered": 64.09836065573771, "percent_covered_display": "64", "missing_lines": 219, "excluded_lines": 0}, "missing_lines": [117, 121, 383, 384, 413, 414, 500, 501, 566, 567, 568, 571, 573, 575, 577, 578, 579, 581, 583, 584, 604, 606, 607, 609, 610, 611, 612, 614, 615, 616, 617, 636, 687, 696, 709, 712, 713, 715, 716, 717, 720, 731, 733, 738, 740, 742, 747, 750, 751, 752, 753, 754, 762, 763, 764, 765, 766, 767, 774, 781, 782, 783, 784, 787, 788, 789, 792, 804, 805, 807, 813, 878, 883, 886, 888, 891, 892, 893, 896, 899, 905, 906, 908, 909, 911, 913, 914, 916, 918, 919, 924, 927, 930, 932, 933, 934, 976, 977, 982, 983, 989, 1028, 1029, 1031, 1032, 1034, 1035, 1084, 1085, 1090, 1091, 1094, 1104, 1117, 1179, 1180, 1183, 1184, 1221, 1222, 1283, 1286, 1288, 1303, 1305, 1306, 1307, 1308, 1315, 1317, 1318, 1320, 1323, 1326, 1328, 1329, 1331, 1347, 1348, 1349, 1350, 1351, 1358, 1359, 1374, 1375, 1378, 1389, 1391, 1396, 1398, 1411, 1412, 1413, 1414, 1423, 1424, 1425, 1426, 1427, 1439, 1440, 1443, 1444, 1447, 1448, 1450, 1451, 1453, 1456, 1459, 1464, 1471, 1472, 1477, 1478, 1484, 1489, 1490, 1633, 1635, 1636, 1638, 1640, 1643, 1648, 1650, 1651, 1652, 1653, 1654, 1656, 1657, 1658, 1659, 1660, 1664, 1666, 1675, 1676, 1678, 1679, 1681, 1682, 1684, 1685, 1688, 1689, 1700, 1701, 1703, 1704, 1705, 1707, 1708, 1709, 1711, 1712, 1717], "excluded_lines": [], "functions": {"_validate_and_convert_bm_id": {"executed_lines": [43, 44, 45, 46, 47, 48, 51, 52, 53, 54, 55, 56, 57, 60, 61], "summary": {"covered_lines": 15, "num_statements": 15, "percent_covered": 100.0, "percent_covered_display": "100", "missing_lines": 0, "excluded_lines": 0}, "missing_lines": [], "excluded_lines": []}, "_display_bm_header_and_info": {"executed_lines": [67, 69, 70, 72, 73, 74, 75, 77], "summary": {"covered_lines": 8, "num_statements": 8, "percent_covered": 100.0, "percent_covered_display": "100", "missing_lines": 0, "excluded_lines": 0}, "missing_lines": [], "excluded_lines": []}, "_display_bm_general_info": {"executed_lines": [83, 85, 86, 87, 88, 89, 90, 93, 95, 97, 108, 111, 113, 115, 116, 119, 120], "summary": {"covered_lines": 17, "num_statements": 19, "percent_covered": 89.47368421052632, "percent_covered_display": "89", "missing_lines": 2, "excluded_lines": 0}, "missing_lines": [117, 121], "excluded_lines": []}, "_handle_bm_form_actions": {"executed_lines": [127, 128, 131, 132], "summary": {"covered_lines": 4, "num_statements": 4, "percent_covered": 100.0, "percent_covered_display": "100", "missing_lines": 0, "excluded_lines": 0}, "missing_lines": [], "excluded_lines": []}, "show": {"executed_lines": [151, 154, 155, 156, 159, 161, 162, 164, 165, 167, 168], "summary": {"covered_lines": 11, "num_statements": 11, "percent_covered": 100.0, "percent_covered_display": "100", "missing_lines": 0, "excluded_lines": 0}, "missing_lines": [], "excluded_lines": []}, "show_bm_profile": {"executed_lines": [189, 192, 193, 194, 195, 196, 198, 199, 200, 206, 207, 208, 209, 210, 213, 214, 217, 219, 222, 224, 225], "summary": {"covered_lines": 21, "num_statements": 21, "percent_covered": 100.0, "percent_covered_display": "100", "missing_lines": 0, "excluded_lines": 0}, "missing_lines": [], "excluded_lines": []}, "show_edit_bm_form": {"executed_lines": [252, 254, 255, 257, 258, 259, 260, 262, 263, 264, 266, 268, 270, 271, 273, 274, 276, 277, 278, 280, 281, 282, 283, 284, 285, 286, 287, 288, 291, 292, 293, 295, 296, 297, 298, 300, 301], "summary": {"covered_lines": 37, "num_statements": 37, "percent_covered": 100.0, "percent_covered_display": "100", "missing_lines": 0, "excluded_lines": 0}, "missing_lines": [], "excluded_lines": []}, "show_delete_bm_confirmation": {"executed_lines": [328, 331, 332, 333, 344, 350, 351, 354, 356, 357, 359, 362, 364, 366, 367, 368, 370, 382, 390, 392, 397, 398, 399, 401, 404, 405, 406, 408, 409, 411, 412, 416, 417, 419, 420], "summary": {"covered_lines": 35, "num_statements": 39, "percent_covered": 89.74358974358974, "percent_covered_display": "90", "missing_lines": 4, "excluded_lines": 0}, "missing_lines": [383, 384, 413, 414], "excluded_lines": []}, "show_bm_consultants_management": {"executed_lines": [443, 446, 450, 451, 453, 454, 456, 457], "summary": {"covered_lines": 8, "num_statements": 8, "percent_covered": 100.0, "percent_covered_display": "100", "missing_lines": 0, "excluded_lines": 0}, "missing_lines": [], "excluded_lines": []}, "_get_current_assignments": {"executed_lines": [462], "summary": {"covered_lines": 1, "num_statements": 1, "percent_covered": 100.0, "percent_covered_display": "100", "missing_lines": 0, "excluded_lines": 0}, "missing_lines": [], "excluded_lines": []}, "_get_mission_data": {"executed_lines": [477, 490, 491, 496, 497, 498, 499, 503, 507], "summary": {"covered_lines": 9, "num_statements": 11, "percent_covered": 81.81818181818181, "percent_covered_display": "82", "missing_lines": 2, "excluded_lines": 0}, "missing_lines": [500, 501], "excluded_lines": []}, "_format_consultant_data": {"executed_lines": [518, 525, 529], "summary": {"covered_lines": 3, "num_statements": 3, "percent_covered": 100.0, "percent_covered_display": "100", "missing_lines": 0, "excluded_lines": 0}, "missing_lines": [], "excluded_lines": []}, "_handle_assignment_selection": {"executed_lines": [552, 561, 562, 564, 565, 570], "summary": {"covered_lines": 6, "num_statements": 18, "percent_covered": 33.333333333333336, "percent_covered_display": "33", "missing_lines": 12, "excluded_lines": 0}, "missing_lines": [566, 567, 568, 571, 573, 575, 577, 578, 579, 581, 583, 584], "excluded_lines": []}, "_end_assignment": {"executed_lines": [589, 590, 591, 594, 595, 596, 597, 598], "summary": {"covered_lines": 8, "num_statements": 8, "percent_covered": 100.0, "percent_covered_display": "100", "missing_lines": 0, "excluded_lines": 0}, "missing_lines": [], "excluded_lines": []}, "_handle_comment_form": {"executed_lines": [603], "summary": {"covered_lines": 1, "num_statements": 12, "percent_covered": 8.333333333333334, "percent_covered_display": "8", "missing_lines": 11, "excluded_lines": 0}, "missing_lines": [604, 606, 607, 609, 610, 611, 612, 614, 615, 616, 617], "excluded_lines": []}, "_add_comment_to_assignment": {"executed_lines": [622, 623, 624, 625, 626, 627, 632, 633, 634, 635, 637, 638], "summary": {"covered_lines": 12, "num_statements": 13, "percent_covered": 92.3076923076923, "percent_covered_display": "92", "missing_lines": 1, "excluded_lines": 0}, "missing_lines": [636], "excluded_lines": []}, "show_current_bm_consultants": {"executed_lines": [666, 668, 670, 671, 672, 675, 676, 677, 678, 681, 684, 689, 690], "summary": {"covered_lines": 13, "num_statements": 14, "percent_covered": 92.85714285714286, "percent_covered_display": "93", "missing_lines": 1, "excluded_lines": 0}, "missing_lines": [687], "excluded_lines": []}, "_get_consultant_assignment_status": {"executed_lines": [], "summary": {"covered_lines": 0, "num_statements": 13, "percent_covered": 0.0, "percent_covered_display": "0", "missing_lines": 13, "excluded_lines": 0}, "missing_lines": [696, 709, 712, 713, 715, 716, 717, 720, 731, 733, 738, 740, 742], "excluded_lines": []}, "_build_consultant_options": {"executed_lines": [], "summary": {"covered_lines": 0, "num_statements": 13, "percent_covered": 0.0, "percent_covered_display": "0", "missing_lines": 13, "excluded_lines": 0}, "missing_lines": [747, 750, 751, 752, 753, 754, 762, 763, 764, 765, 766, 767, 774], "excluded_lines": []}, "_process_assignment_creation": {"executed_lines": [], "summary": {"covered_lines": 0, "num_statements": 12, "percent_covered": 0.0, "percent_covered_display": "0", "missing_lines": 12, "excluded_lines": 0}, "missing_lines": [781, 782, 783, 784, 787, 788, 789, 792, 804, 805, 807, 813], "excluded_lines": []}, "show_add_bm_assignment": {"executed_lines": [840, 842, 855, 858, 862, 863, 866, 870, 871, 874, 875, 936, 937], "summary": {"covered_lines": 13, "num_statements": 38, "percent_covered": 34.21052631578947, "percent_covered_display": "34", "missing_lines": 25, "excluded_lines": 0}, "missing_lines": [878, 883, 886, 888, 891, 892, 893, 896, 899, 905, 906, 908, 909, 911, 913, 914, 916, 918, 919, 924, 927, 930, 932, 933, 934], "excluded_lines": []}, "show_bm_assignments_history": {"executed_lines": [965, 967, 975, 980, 981, 1004, 1006, 1023, 1024, 1026, 1037, 1038], "summary": {"covered_lines": 12, "num_statements": 23, "percent_covered": 52.17391304347826, "percent_covered_display": "52", "missing_lines": 11, "excluded_lines": 0}, "missing_lines": [976, 977, 982, 983, 989, 1028, 1029, 1031, 1032, 1034, 1035], "excluded_lines": []}, "show_business_managers_list": {"executed_lines": [1066, 1073, 1075, 1076, 1079, 1080, 1087, 1089, 1097, 1100, 1103, 1107, 1110, 1113, 1116, 1120, 1122, 1123], "summary": {"covered_lines": 18, "num_statements": 25, "percent_covered": 72.0, "percent_covered_display": "72", "missing_lines": 7, "excluded_lines": 0}, "missing_lines": [1084, 1085, 1090, 1091, 1094, 1104, 1117], "excluded_lines": []}, "show_add_business_manager": {"executed_lines": [1154, 1156, 1157, 1159, 1160, 1161, 1162, 1164, 1165, 1166, 1168, 1174, 1176, 1178, 1182, 1186, 1187, 1189, 1195, 1196, 1199, 1202, 1212, 1213, 1215, 1216, 1219], "summary": {"covered_lines": 27, "num_statements": 33, "percent_covered": 81.81818181818181, "percent_covered_display": "82", "missing_lines": 6, "excluded_lines": 0}, "missing_lines": [1179, 1180, 1183, 1184, 1221, 1222], "excluded_lines": []}, "show_statistics": {"executed_lines": [1253, 1255, 1256, 1258, 1259, 1262, 1268, 1270, 1271, 1273, 1274, 1276, 1277, 1279, 1280, 1361, 1362], "summary": {"covered_lines": 17, "num_statements": 41, "percent_covered": 41.46341463414634, "percent_covered_display": "41", "missing_lines": 24, "excluded_lines": 0}, "missing_lines": [1283, 1286, 1288, 1303, 1305, 1306, 1307, 1308, 1315, 1317, 1318, 1320, 1323, 1326, 1328, 1329, 1331, 1347, 1348, 1349, 1350, 1351, 1358, 1359], "excluded_lines": []}, "_separate_consultants_by_status": {"executed_lines": [1370, 1371, 1373, 1400], "summary": {"covered_lines": 4, "num_statements": 11, "percent_covered": 36.36363636363637, "percent_covered_display": "36", "missing_lines": 7, "excluded_lines": 0}, "missing_lines": [1374, 1375, 1378, 1389, 1391, 1396, 1398], "excluded_lines": []}, "_build_consultant_options_for_assignment": {"executed_lines": [1407, 1410, 1422, 1434], "summary": {"covered_lines": 4, "num_statements": 13, "percent_covered": 30.76923076923077, "percent_covered_display": "31", "missing_lines": 9, "excluded_lines": 0}, "missing_lines": [1411, 1412, 1413, 1414, 1423, 1424, 1425, 1426, 1427], "excluded_lines": []}, "_handle_assignment_transfer": {"executed_lines": [], "summary": {"covered_lines": 0, "num_statements": 11, "percent_covered": 0.0, "percent_covered_display": "0", "missing_lines": 11, "excluded_lines": 0}, "missing_lines": [1439, 1440, 1443, 1444, 1447, 1448, 1450, 1451, 1453, 1456, 1459], "excluded_lines": []}, "_create_new_assignment": {"executed_lines": [], "summary": {"covered_lines": 0, "num_statements": 3, "percent_covered": 0.0, "percent_covered_display": "0", "missing_lines": 3, "excluded_lines": 0}, "missing_lines": [1464, 1471, 1472], "excluded_lines": []}, "_display_assignment_success_message": {"executed_lines": [], "summary": {"covered_lines": 0, "num_statements": 5, "percent_covered": 0.0, "percent_covered_display": "0", "missing_lines": 5, "excluded_lines": 0}, "missing_lines": [1477, 1478, 1484, 1489, 1490], "excluded_lines": []}, "_apply_bm_list_css": {"executed_lines": [1498], "summary": {"covered_lines": 1, "num_statements": 1, "percent_covered": 100.0, "percent_covered_display": "100", "missing_lines": 0, "excluded_lines": 0}, "missing_lines": [], "excluded_lines": []}, "_build_bm_data_table": {"executed_lines": [1579, 1580, 1582, 1583, 1589, 1606], "summary": {"covered_lines": 6, "num_statements": 6, "percent_covered": 100.0, "percent_covered_display": "100", "missing_lines": 0, "excluded_lines": 0}, "missing_lines": [], "excluded_lines": []}, "_display_bm_table_header": {"executed_lines": [1612, 1613, 1614, 1615, 1616, 1617, 1618, 1619, 1620, 1621, 1622, 1623, 1624, 1625, 1626, 1628], "summary": {"covered_lines": 16, "num_statements": 16, "percent_covered": 100.0, "percent_covered_display": "100", "missing_lines": 0, "excluded_lines": 0}, "missing_lines": [], "excluded_lines": []}, "_display_bm_table_row": {"executed_lines": [], "summary": {"covered_lines": 0, "num_statements": 29, "percent_covered": 0.0, "percent_covered_display": "0", "missing_lines": 29, "excluded_lines": 0}, "missing_lines": [1633, 1635, 1636, 1638, 1640, 1643, 1648, 1650, 1651, 1652, 1653, 1654, 1656, 1657, 1658, 1659, 1660, 1664, 1666, 1675, 1676, 1678, 1679, 1681, 1682, 1684, 1685, 1688, 1689], "excluded_lines": []}, "_display_bm_metrics": {"executed_lines": [1697, 1698], "summary": {"covered_lines": 2, "num_statements": 13, "percent_covered": 15.384615384615385, "percent_covered_display": "15", "missing_lines": 11, "excluded_lines": 0}, "missing_lines": [1700, 1701, 1703, 1704, 1705, 1707, 1708, 1709, 1711, 1712, 1717], "excluded_lines": []}, "": {"executed_lines": [1, 2, 4, 5, 6, 8, 9, 10, 11, 12, 13, 16, 17, 18, 21, 22, 23, 24, 25, 26, 27, 28, 29, 32, 33, 34, 37, 40, 64, 80, 124, 135, 171, 228, 304, 423, 460, 475, 515, 549, 587, 601, 620, 641, 693, 745, 777, 816, 940, 1041, 1126, 1225, 1368, 1403, 1437, 1462, 1475, 1496, 1577, 1609, 1631, 1695], "summary": {"covered_lines": 62, "num_statements": 62, "percent_covered": 100.0, "percent_covered_display": "100", "missing_lines": 0, "excluded_lines": 0}, "missing_lines": [], "excluded_lines": []}}, "classes": {"": {"executed_lines": [1, 2, 4, 5, 6, 8, 9, 10, 11, 12, 13, 16, 17, 18, 21, 22, 23, 24, 25, 26, 27, 28, 29, 32, 33, 34, 37, 40, 43, 44, 45, 46, 47, 48, 51, 52, 53, 54, 55, 56, 57, 60, 61, 64, 67, 69, 70, 72, 73, 74, 75, 77, 80, 83, 85, 86, 87, 88, 89, 90, 93, 95, 97, 108, 111, 113, 115, 116, 119, 120, 124, 127, 128, 131, 132, 135, 151, 154, 155, 156, 159, 161, 162, 164, 165, 167, 168, 171, 189, 192, 193, 194, 195, 196, 198, 199, 200, 206, 207, 208, 209, 210, 213, 214, 217, 219, 222, 224, 225, 228, 252, 254, 255, 257, 258, 259, 260, 262, 263, 264, 266, 268, 270, 271, 273, 274, 276, 277, 278, 280, 281, 282, 283, 284, 285, 286, 287, 288, 291, 292, 293, 295, 296, 297, 298, 300, 301, 304, 328, 331, 332, 333, 344, 350, 351, 354, 356, 357, 359, 362, 364, 366, 367, 368, 370, 382, 390, 392, 397, 398, 399, 401, 404, 405, 406, 408, 409, 411, 412, 416, 417, 419, 420, 423, 443, 446, 450, 451, 453, 454, 456, 457, 460, 462, 475, 477, 490, 491, 496, 497, 498, 499, 503, 507, 515, 518, 525, 529, 549, 552, 561, 562, 564, 565, 570, 587, 589, 590, 591, 594, 595, 596, 597, 598, 601, 603, 620, 622, 623, 624, 625, 626, 627, 632, 633, 634, 635, 637, 638, 641, 666, 668, 670, 671, 672, 675, 676, 677, 678, 681, 684, 689, 690, 693, 745, 777, 816, 840, 842, 855, 858, 862, 863, 866, 870, 871, 874, 875, 936, 937, 940, 965, 967, 975, 980, 981, 1004, 1006, 1023, 1024, 1026, 1037, 1038, 1041, 1066, 1073, 1075, 1076, 1079, 1080, 1087, 1089, 1097, 1100, 1103, 1107, 1110, 1113, 1116, 1120, 1122, 1123, 1126, 1154, 1156, 1157, 1159, 1160, 1161, 1162, 1164, 1165, 1166, 1168, 1174, 1176, 1178, 1182, 1186, 1187, 1189, 1195, 1196, 1199, 1202, 1212, 1213, 1215, 1216, 1219, 1225, 1253, 1255, 1256, 1258, 1259, 1262, 1268, 1270, 1271, 1273, 1274, 1276, 1277, 1279, 1280, 1361, 1362, 1368, 1370, 1371, 1373, 1400, 1403, 1407, 1410, 1422, 1434, 1437, 1462, 1475, 1496, 1498, 1577, 1579, 1580, 1582, 1583, 1589, 1606, 1609, 1612, 1613, 1614, 1615, 1616, 1617, 1618, 1619, 1620, 1621, 1622, 1623, 1624, 1625, 1626, 1628, 1631, 1695, 1697, 1698], "summary": {"covered_lines": 391, "num_statements": 610, "percent_covered": 64.09836065573771, "percent_covered_display": "64", "missing_lines": 219, "excluded_lines": 0}, "missing_lines": [117, 121, 383, 384, 413, 414, 500, 501, 566, 567, 568, 571, 573, 575, 577, 578, 579, 581, 583, 584, 604, 606, 607, 609, 610, 611, 612, 614, 615, 616, 617, 636, 687, 696, 709, 712, 713, 715, 716, 717, 720, 731, 733, 738, 740, 742, 747, 750, 751, 752, 753, 754, 762, 763, 764, 765, 766, 767, 774, 781, 782, 783, 784, 787, 788, 789, 792, 804, 805, 807, 813, 878, 883, 886, 888, 891, 892, 893, 896, 899, 905, 906, 908, 909, 911, 913, 914, 916, 918, 919, 924, 927, 930, 932, 933, 934, 976, 977, 982, 983, 989, 1028, 1029, 1031, 1032, 1034, 1035, 1084, 1085, 1090, 1091, 1094, 1104, 1117, 1179, 1180, 1183, 1184, 1221, 1222, 1283, 1286, 1288, 1303, 1305, 1306, 1307, 1308, 1315, 1317, 1318, 1320, 1323, 1326, 1328, 1329, 1331, 1347, 1348, 1349, 1350, 1351, 1358, 1359, 1374, 1375, 1378, 1389, 1391, 1396, 1398, 1411, 1412, 1413, 1414, 1423, 1424, 1425, 1426, 1427, 1439, 1440, 1443, 1444, 1447, 1448, 1450, 1451, 1453, 1456, 1459, 1464, 1471, 1472, 1477, 1478, 1484, 1489, 1490, 1633, 1635, 1636, 1638, 1640, 1643, 1648, 1650, 1651, 1652, 1653, 1654, 1656, 1657, 1658, 1659, 1660, 1664, 1666, 1675, 1676, 1678, 1679, 1681, 1682, 1684, 1685, 1688, 1689, 1700, 1701, 1703, 1704, 1705, 1707, 1708, 1709, 1711, 1712, 1717], "excluded_lines": []}}}, "app\\pages_modules\\chatbot.py": {"executed_lines": [1, 6, 7, 8, 10, 13, 16, 17, 24, 27, 28, 33, 34, 37, 38, 41, 57, 60, 62, 63, 64, 65, 68, 76, 78, 80, 85, 88, 89, 92, 93, 94, 96, 101, 104, 105, 108, 111, 112, 117, 118, 121, 131, 133, 134, 135, 138, 143, 146, 149, 152, 155, 156, 158, 159, 161, 163, 164, 165, 167, 168, 169, 171, 172, 174, 175, 177, 178, 180, 182, 183, 184, 185, 191, 192, 193, 194, 197, 198, 199, 200, 203, 206, 207, 210, 211, 212, 214, 216, 219, 222, 224, 225, 227, 228, 248, 249, 259, 260, 263, 264, 265, 267, 268, 270, 271, 273, 274, 277], "summary": {"covered_lines": 107, "num_statements": 113, "percent_covered": 94.69026548672566, "percent_covered_display": "95", "missing_lines": 6, "excluded_lines": 2}, "missing_lines": [18, 20, 21, 72, 73, 213], "excluded_lines": [277, 278], "functions": {"show": {"executed_lines": [27, 28, 33, 34, 37, 38, 41, 57, 60, 62, 63, 64, 65, 68, 76, 78, 80, 85, 88, 89, 92, 93, 94, 96, 101, 104, 105, 108, 111, 112, 117, 118, 121, 131, 133, 134, 135, 138, 143, 146, 149], "summary": {"covered_lines": 41, "num_statements": 43, "percent_covered": 95.34883720930233, "percent_covered_display": "95", "missing_lines": 2, "excluded_lines": 0}, "missing_lines": [72, 73], "excluded_lines": []}, "show_data_insights": {"executed_lines": [155, 156, 158, 159, 161, 163, 164, 165, 167, 168, 169, 171, 172, 174, 175, 177, 178, 180, 182, 183, 184, 185, 191, 192, 193, 194, 197, 198, 199, 200], "summary": {"covered_lines": 30, "num_statements": 30, "percent_covered": 100.0, "percent_covered_display": "100", "missing_lines": 0, "excluded_lines": 0}, "missing_lines": [], "excluded_lines": []}, "show_sidebar": {"executed_lines": [206, 207, 210, 211, 212, 214, 216, 219, 222, 224, 225, 227, 228, 248, 249, 259, 260, 263, 264, 265, 267, 268, 270, 271, 273, 274], "summary": {"covered_lines": 26, "num_statements": 27, "percent_covered": 96.29629629629629, "percent_covered_display": "96", "missing_lines": 1, "excluded_lines": 0}, "missing_lines": [213], "excluded_lines": []}, "": {"executed_lines": [1, 6, 7, 8, 10, 13, 16, 17, 24, 152, 203, 277], "summary": {"covered_lines": 10, "num_statements": 13, "percent_covered": 76.92307692307692, "percent_covered_display": "77", "missing_lines": 3, "excluded_lines": 2}, "missing_lines": [18, 20, 21], "excluded_lines": [277, 278]}}, "classes": {"": {"executed_lines": [1, 6, 7, 8, 10, 13, 16, 17, 24, 27, 28, 33, 34, 37, 38, 41, 57, 60, 62, 63, 64, 65, 68, 76, 78, 80, 85, 88, 89, 92, 93, 94, 96, 101, 104, 105, 108, 111, 112, 117, 118, 121, 131, 133, 134, 135, 138, 143, 146, 149, 152, 155, 156, 158, 159, 161, 163, 164, 165, 167, 168, 169, 171, 172, 174, 175, 177, 178, 180, 182, 183, 184, 185, 191, 192, 193, 194, 197, 198, 199, 200, 203, 206, 207, 210, 211, 212, 214, 216, 219, 222, 224, 225, 227, 228, 248, 249, 259, 260, 263, 264, 265, 267, 268, 270, 271, 273, 274, 277], "summary": {"covered_lines": 107, "num_statements": 113, "percent_covered": 94.69026548672566, "percent_covered_display": "95", "missing_lines": 6, "excluded_lines": 2}, "missing_lines": [18, 20, 21, 72, 73, 213], "excluded_lines": [277, 278]}}}, "app\\pages_modules\\consultant_cv.py": {"executed_lines": [1, 6, 7, 8, 9, 10, 11, 13, 16, 17, 18, 22, 23, 24, 25, 27, 28, 29, 36, 38, 41, 44, 45, 46, 48, 50, 51, 52, 54, 55, 56, 58, 59, 61, 62, 63, 66, 68, 69, 73, 75, 76, 77, 79, 80, 81, 84, 87, 88, 89, 91, 92, 93, 94, 96, 99, 102, 103, 104, 107, 110, 113, 114, 115, 117, 119, 121, 122, 123, 125, 126, 127, 129, 131, 132, 135, 140, 151, 154, 157, 159, 161, 162, 163, 165, 166, 167, 169, 170, 171, 172, 175, 177, 179, 180, 181, 183, 184, 185, 188, 191, 194, 220, 232, 241, 242, 243, 245, 246, 249, 250, 251, 253, 256, 259, 260, 280, 283, 284, 285, 344, 347, 348, 350, 352, 354, 355, 357, 359, 360, 361, 362, 364, 367, 369, 371, 372, 375, 378, 381, 382, 383, 386, 387, 388, 391, 392, 394, 396, 400, 403, 406, 409, 411, 414, 415, 416, 421, 422, 423, 426, 427, 428, 430, 431, 434, 435, 436, 437, 438, 440, 441, 446, 447, 448, 453, 456, 458, 459, 461, 467, 474, 475, 476, 477, 480, 486, 539, 540, 543, 546, 547, 549, 550, 593, 594, 595, 598, 601, 604, 605, 619, 620, 621, 624, 625, 628, 629, 630, 631, 634, 641, 642, 643, 646, 649, 657, 664, 667, 670, 672, 673, 675, 676, 680, 681, 685, 700, 703, 704, 706, 726, 728, 729, 730, 732, 733, 734, 736, 737, 738, 740, 741, 743, 746, 747, 750, 758, 764, 767, 769, 770, 771, 772, 824, 827, 829, 831, 832, 834, 837, 839, 844, 850, 851, 854, 860, 864, 869, 870, 872, 873, 876, 877, 878, 879, 884, 893, 894, 896, 907, 909, 910, 912, 913, 914, 915, 916, 919, 922, 923, 925, 929, 930, 935, 937, 938, 940, 941, 942], "summary": {"covered_lines": 299, "num_statements": 420, "percent_covered": 71.19047619047619, "percent_covered_display": "71", "missing_lines": 121, "excluded_lines": 0}, "missing_lines": [19, 30, 31, 32, 33, 35, 136, 137, 141, 142, 143, 144, 145, 146, 147, 148, 247, 262, 263, 264, 274, 276, 277, 287, 288, 290, 296, 298, 307, 308, 311, 320, 321, 322, 325, 327, 335, 336, 338, 340, 341, 393, 395, 397, 401, 450, 478, 488, 489, 493, 494, 500, 507, 514, 516, 517, 518, 520, 534, 535, 537, 552, 557, 558, 561, 562, 564, 565, 566, 567, 570, 572, 574, 588, 589, 591, 606, 609, 611, 612, 613, 614, 615, 616, 696, 697, 744, 760, 761, 774, 776, 783, 786, 789, 790, 791, 793, 795, 796, 798, 799, 801, 802, 805, 806, 807, 808, 810, 811, 812, 813, 815, 816, 817, 818, 820, 821, 855, 900, 901, 932], "excluded_lines": [], "functions": {"show_cv_missions": {"executed_lines": [44, 45, 46, 48, 50, 51, 52, 54, 55, 56, 58, 59, 61, 62, 63, 66, 68, 69, 73, 75, 76, 77, 79, 80, 81], "summary": {"covered_lines": 25, "num_statements": 25, "percent_covered": 100.0, "percent_covered_display": "100", "missing_lines": 0, "excluded_lines": 0}, "missing_lines": [], "excluded_lines": []}, "show_cv_skills": {"executed_lines": [87, 88, 89, 91, 92, 93, 94, 96, 99, 102, 103, 104, 107], "summary": {"covered_lines": 13, "num_statements": 13, "percent_covered": 100.0, "percent_covered_display": "100", "missing_lines": 0, "excluded_lines": 0}, "missing_lines": [], "excluded_lines": []}, "show_cv_summary": {"executed_lines": [113, 114, 115, 117, 119, 121, 122, 123, 125, 126, 127, 129, 131, 132, 135, 140, 151], "summary": {"covered_lines": 17, "num_statements": 27, "percent_covered": 62.96296296296296, "percent_covered_display": "63", "missing_lines": 10, "excluded_lines": 0}, "missing_lines": [136, 137, 141, 142, 143, 144, 145, 146, 147, 148], "excluded_lines": []}, "show_cv_actions": {"executed_lines": [157, 159, 161, 162, 163, 165, 166, 167, 169, 170, 171, 172, 175, 177, 179, 180, 181, 183, 184, 185], "summary": {"covered_lines": 20, "num_statements": 20, "percent_covered": 100.0, "percent_covered_display": "100", "missing_lines": 0, "excluded_lines": 0}, "missing_lines": [], "excluded_lines": []}, "categorize_skill": {"executed_lines": [191, 194, 220, 232, 241, 242, 243, 245, 246, 249, 250, 251, 253], "summary": {"covered_lines": 13, "num_statements": 14, "percent_covered": 92.85714285714286, "percent_covered_display": "93", "missing_lines": 1, "excluded_lines": 0}, "missing_lines": [247], "excluded_lines": []}, "check_existing_skill": {"executed_lines": [259, 260], "summary": {"covered_lines": 2, "num_statements": 8, "percent_covered": 25.0, "percent_covered_display": "25", "missing_lines": 6, "excluded_lines": 0}, "missing_lines": [262, 263, 264, 274, 276, 277], "excluded_lines": []}, "add_skill_from_cv": {"executed_lines": [283, 284, 285], "summary": {"covered_lines": 3, "num_statements": 21, "percent_covered": 14.285714285714286, "percent_covered_display": "14", "missing_lines": 18, "excluded_lines": 0}, "missing_lines": [287, 288, 290, 296, 298, 307, 308, 311, 320, 321, 322, 325, 327, 335, 336, 338, 340, 341], "excluded_lines": []}, "show_cv_skills_statistics": {"executed_lines": [347, 348, 350, 352, 354, 355, 357, 359, 360, 361, 362, 364, 367, 369, 371, 372], "summary": {"covered_lines": 16, "num_statements": 16, "percent_covered": 100.0, "percent_covered_display": "100", "missing_lines": 0, "excluded_lines": 0}, "missing_lines": [], "excluded_lines": []}, "calculate_cv_quality_score": {"executed_lines": [378, 381, 382, 383, 386, 387, 388, 391, 392, 394, 396, 400, 403], "summary": {"covered_lines": 13, "num_statements": 17, "percent_covered": 76.47058823529412, "percent_covered_display": "76", "missing_lines": 4, "excluded_lines": 0}, "missing_lines": [393, 395, 397, 401], "excluded_lines": []}, "show_cv_recommendations": {"executed_lines": [409, 411, 414, 415, 416, 421, 422, 423, 426, 427, 428, 430, 431, 434, 435, 436, 437, 438, 440, 441, 446, 447, 448], "summary": {"covered_lines": 23, "num_statements": 24, "percent_covered": 95.83333333333333, "percent_covered_display": "96", "missing_lines": 1, "excluded_lines": 0}, "missing_lines": [450], "excluded_lines": []}, "create_mission_from_cv": {"executed_lines": [456, 458, 459, 461, 467, 474, 475, 476, 477, 480, 486, 539, 540], "summary": {"covered_lines": 13, "num_statements": 28, "percent_covered": 46.42857142857143, "percent_covered_display": "46", "missing_lines": 15, "excluded_lines": 0}, "missing_lines": [478, 488, 489, 493, 494, 500, 507, 514, 516, 517, 518, 520, 534, 535, 537], "excluded_lines": []}, "save_mission_from_cv": {"executed_lines": [546, 547, 549, 550, 593, 594, 595], "summary": {"covered_lines": 7, "num_statements": 22, "percent_covered": 31.818181818181817, "percent_covered_display": "32", "missing_lines": 15, "excluded_lines": 0}, "missing_lines": [552, 557, 558, 561, 562, 564, 565, 566, 567, 570, 572, 574, 588, 589, 591], "excluded_lines": []}, "analyze_mission_details": {"executed_lines": [601, 604, 605, 619, 620, 621, 624, 625, 628, 629, 630, 631, 634, 641, 642, 643], "summary": {"covered_lines": 16, "num_statements": 24, "percent_covered": 66.66666666666667, "percent_covered_display": "67", "missing_lines": 8, "excluded_lines": 0}, "missing_lines": [606, 609, 611, 612, 613, 614, 615, 616], "excluded_lines": []}, "copy_mission_to_clipboard": {"executed_lines": [649, 657, 664], "summary": {"covered_lines": 3, "num_statements": 3, "percent_covered": 100.0, "percent_covered_display": "100", "missing_lines": 0, "excluded_lines": 0}, "missing_lines": [], "excluded_lines": []}, "save_cv_analysis_to_profile": {"executed_lines": [670, 672, 673, 675, 676, 680, 681, 685], "summary": {"covered_lines": 8, "num_statements": 10, "percent_covered": 80.0, "percent_covered_display": "80", "missing_lines": 2, "excluded_lines": 0}, "missing_lines": [696, 697], "excluded_lines": []}, "generate_cv_analysis_report": {"executed_lines": [703, 704, 706, 726, 728, 729, 730, 732, 733, 734, 736, 737, 738, 740, 741, 743, 746, 747, 750, 758], "summary": {"covered_lines": 20, "num_statements": 23, "percent_covered": 86.95652173913044, "percent_covered_display": "87", "missing_lines": 3, "excluded_lines": 0}, "missing_lines": [744, 760, 761], "excluded_lines": []}, "compare_cv_with_profile": {"executed_lines": [767, 769, 770, 771, 772], "summary": {"covered_lines": 5, "num_statements": 33, "percent_covered": 15.151515151515152, "percent_covered_display": "15", "missing_lines": 28, "excluded_lines": 0}, "missing_lines": [774, 776, 783, 786, 789, 790, 791, 793, 795, 796, 798, 799, 801, 802, 805, 806, 807, 808, 810, 811, 812, 813, 815, 816, 817, 818, 820, 821], "excluded_lines": []}, "show_career_suggestions": {"executed_lines": [827, 829, 831, 832, 834, 837, 839, 844, 850, 851, 854, 860, 864, 869, 870, 872, 873, 876, 877, 878, 879, 884, 893, 894, 896], "summary": {"covered_lines": 25, "num_statements": 28, "percent_covered": 89.28571428571429, "percent_covered_display": "89", "missing_lines": 3, "excluded_lines": 0}, "missing_lines": [855, 900, 901], "excluded_lines": []}, "_organize_skills_by_category": {"executed_lines": [909, 910, 912, 913, 914, 915, 916], "summary": {"covered_lines": 7, "num_statements": 7, "percent_covered": 100.0, "percent_covered_display": "100", "missing_lines": 0, "excluded_lines": 0}, "missing_lines": [], "excluded_lines": []}, "_display_skill_button": {"executed_lines": [922, 923, 925, 929, 930], "summary": {"covered_lines": 5, "num_statements": 6, "percent_covered": 83.33333333333333, "percent_covered_display": "83", "missing_lines": 1, "excluded_lines": 0}, "missing_lines": [932], "excluded_lines": []}, "_display_skills_in_category": {"executed_lines": [937, 938, 940, 941, 942], "summary": {"covered_lines": 5, "num_statements": 5, "percent_covered": 100.0, "percent_covered_display": "100", "missing_lines": 0, "excluded_lines": 0}, "missing_lines": [], "excluded_lines": []}, "": {"executed_lines": [1, 6, 7, 8, 9, 10, 11, 13, 16, 17, 18, 22, 23, 24, 25, 27, 28, 29, 36, 38, 41, 84, 110, 154, 188, 256, 280, 344, 375, 406, 453, 543, 598, 646, 667, 700, 764, 824, 907, 919, 935], "summary": {"covered_lines": 40, "num_statements": 46, "percent_covered": 86.95652173913044, "percent_covered_display": "87", "missing_lines": 6, "excluded_lines": 0}, "missing_lines": [19, 30, 31, 32, 33, 35], "excluded_lines": []}}, "classes": {"": {"executed_lines": [1, 6, 7, 8, 9, 10, 11, 13, 16, 17, 18, 22, 23, 24, 25, 27, 28, 29, 36, 38, 41, 44, 45, 46, 48, 50, 51, 52, 54, 55, 56, 58, 59, 61, 62, 63, 66, 68, 69, 73, 75, 76, 77, 79, 80, 81, 84, 87, 88, 89, 91, 92, 93, 94, 96, 99, 102, 103, 104, 107, 110, 113, 114, 115, 117, 119, 121, 122, 123, 125, 126, 127, 129, 131, 132, 135, 140, 151, 154, 157, 159, 161, 162, 163, 165, 166, 167, 169, 170, 171, 172, 175, 177, 179, 180, 181, 183, 184, 185, 188, 191, 194, 220, 232, 241, 242, 243, 245, 246, 249, 250, 251, 253, 256, 259, 260, 280, 283, 284, 285, 344, 347, 348, 350, 352, 354, 355, 357, 359, 360, 361, 362, 364, 367, 369, 371, 372, 375, 378, 381, 382, 383, 386, 387, 388, 391, 392, 394, 396, 400, 403, 406, 409, 411, 414, 415, 416, 421, 422, 423, 426, 427, 428, 430, 431, 434, 435, 436, 437, 438, 440, 441, 446, 447, 448, 453, 456, 458, 459, 461, 467, 474, 475, 476, 477, 480, 486, 539, 540, 543, 546, 547, 549, 550, 593, 594, 595, 598, 601, 604, 605, 619, 620, 621, 624, 625, 628, 629, 630, 631, 634, 641, 642, 643, 646, 649, 657, 664, 667, 670, 672, 673, 675, 676, 680, 681, 685, 700, 703, 704, 706, 726, 728, 729, 730, 732, 733, 734, 736, 737, 738, 740, 741, 743, 746, 747, 750, 758, 764, 767, 769, 770, 771, 772, 824, 827, 829, 831, 832, 834, 837, 839, 844, 850, 851, 854, 860, 864, 869, 870, 872, 873, 876, 877, 878, 879, 884, 893, 894, 896, 907, 909, 910, 912, 913, 914, 915, 916, 919, 922, 923, 925, 929, 930, 935, 937, 938, 940, 941, 942], "summary": {"covered_lines": 299, "num_statements": 420, "percent_covered": 71.19047619047619, "percent_covered_display": "71", "missing_lines": 121, "excluded_lines": 0}, "missing_lines": [19, 30, 31, 32, 33, 35, 136, 137, 141, 142, 143, 144, 145, 146, 147, 148, 247, 262, 263, 264, 274, 276, 277, 287, 288, 290, 296, 298, 307, 308, 311, 320, 321, 322, 325, 327, 335, 336, 338, 340, 341, 393, 395, 397, 401, 450, 478, 488, 489, 493, 494, 500, 507, 514, 516, 517, 518, 520, 534, 535, 537, 552, 557, 558, 561, 562, 564, 565, 566, 567, 570, 572, 574, 588, 589, 591, 606, 609, 611, 612, 613, 614, 615, 616, 696, 697, 744, 760, 761, 774, 776, 783, 786, 789, 790, 791, 793, 795, 796, 798, 799, 801, 802, 805, 806, 807, 808, 810, 811, 812, 813, 815, 816, 817, 818, 820, 821, 855, 900, 901, 932], "excluded_lines": []}}}, "app\\pages_modules\\consultant_documents.py": {"executed_lines": [1, 6, 7, 8, 9, 10, 11, 12, 13, 15, 16, 19, 22, 23, 24, 28, 29, 30, 31, 33, 34, 35, 36, 44, 46, 49, 52, 53, 54, 56, 57, 58, 60, 62, 64, 65, 73, 76, 83, 86, 88, 90, 91, 95, 96, 99, 100, 104, 110, 111, 112, 115, 118, 120, 121, 123, 124, 127, 130, 133, 136, 139, 142, 144, 146, 147, 148, 150, 152, 153, 154, 155, 157, 160, 162, 164, 165, 167, 169, 170, 171, 174, 177, 179, 180, 183, 193, 199, 203, 205, 212, 214, 215, 217, 218, 220, 221, 222, 224, 233, 234, 235, 237, 241, 247, 298, 300, 302, 303, 304, 305, 306, 307, 316, 317, 320, 322, 333, 335, 337, 338, 339, 344, 352, 354, 366, 369, 388, 390, 391, 392, 394, 412, 415, 416, 471, 472, 473, 476, 479, 480, 481, 482, 484, 485, 487, 495, 496, 499, 502, 503, 504, 534, 535, 536, 539, 549, 576, 583, 586, 588, 589, 590, 591, 626, 629, 630, 631, 635, 640, 647, 648, 649, 652, 655, 656, 657, 661, 666, 667, 668, 669, 670, 673, 674, 676, 677, 679, 680, 681, 684, 687, 689, 693, 696, 701, 718, 721, 724, 725, 730, 731, 732, 735, 742, 754, 762, 773, 786, 803, 850, 853, 855, 856, 857, 860, 862, 863, 864, 867, 868, 869, 870, 872, 873, 874, 876, 877, 878, 879, 881, 882, 885, 886, 887, 894, 897, 899, 900, 901, 913, 914, 920, 922, 923, 924, 925, 927, 928, 931, 933, 934, 935, 937, 938, 940, 943, 946, 948, 949, 973, 975, 977, 978, 981, 982, 986, 987, 991, 992, 997, 999], "summary": {"covered_lines": 271, "num_statements": 506, "percent_covered": 53.55731225296443, "percent_covered_display": "54", "missing_lines": 235, "excluded_lines": 0}, "missing_lines": [25, 37, 38, 39, 40, 41, 43, 77, 79, 80, 81, 92, 93, 97, 101, 108, 140, 236, 239, 242, 243, 244, 250, 252, 253, 254, 256, 259, 260, 261, 264, 266, 267, 268, 269, 271, 274, 275, 281, 284, 287, 288, 289, 291, 293, 294, 295, 309, 310, 312, 313, 314, 341, 342, 355, 357, 358, 359, 361, 362, 363, 364, 371, 377, 378, 379, 381, 382, 383, 385, 396, 397, 398, 419, 420, 423, 424, 425, 426, 429, 432, 433, 436, 437, 438, 440, 443, 444, 447, 448, 451, 452, 466, 467, 469, 508, 509, 510, 512, 513, 514, 517, 520, 521, 525, 528, 529, 531, 532, 541, 542, 543, 544, 545, 546, 553, 554, 555, 557, 565, 566, 567, 568, 569, 570, 572, 573, 578, 579, 580, 593, 594, 600, 608, 610, 611, 613, 614, 616, 617, 619, 620, 622, 623, 636, 637, 641, 643, 645, 662, 663, 690, 691, 697, 698, 703, 704, 705, 706, 708, 711, 712, 726, 728, 737, 738, 739, 744, 745, 746, 747, 748, 749, 750, 751, 756, 757, 758, 759, 764, 765, 766, 767, 768, 769, 770, 775, 777, 778, 779, 781, 782, 783, 789, 790, 792, 793, 794, 795, 796, 797, 799, 800, 806, 808, 809, 820, 821, 829, 832, 833, 836, 844, 846, 847, 941, 951, 952, 953, 956, 957, 959, 960, 963, 967, 969, 970, 979, 983, 984, 988, 989, 993, 994, 1003], "excluded_lines": [], "functions": {"show_consultant_documents": {"executed_lines": [52, 53, 54, 56, 57, 58, 60, 62, 64, 65, 73, 76, 83, 86, 88, 90, 91, 95, 96, 99, 100, 104, 110, 111, 112], "summary": {"covered_lines": 25, "num_statements": 34, "percent_covered": 73.52941176470588, "percent_covered_display": "74", "missing_lines": 9, "excluded_lines": 0}, "missing_lines": [77, 79, 80, 81, 92, 93, 97, 101, 108], "excluded_lines": []}, "show_document_details": {"executed_lines": [118, 120, 121, 123, 124, 127, 130, 133], "summary": {"covered_lines": 8, "num_statements": 8, "percent_covered": 100.0, "percent_covered_display": "100", "missing_lines": 0, "excluded_lines": 0}, "missing_lines": [], "excluded_lines": []}, "show_documents_statistics": {"executed_lines": [139, 142, 144, 146, 147, 148, 150, 152, 153, 154, 155, 157, 160, 162, 164, 165, 167, 169, 170, 171], "summary": {"covered_lines": 20, "num_statements": 21, "percent_covered": 95.23809523809524, "percent_covered_display": "95", "missing_lines": 1, "excluded_lines": 0}, "missing_lines": [140], "excluded_lines": []}, "show_upload_document_form": {"executed_lines": [177, 179, 180, 183, 193, 199, 203, 205, 212, 214, 215, 217, 218, 220, 221, 222, 224, 233, 234, 235, 237, 241], "summary": {"covered_lines": 22, "num_statements": 27, "percent_covered": 81.48148148148148, "percent_covered_display": "81", "missing_lines": 5, "excluded_lines": 0}, "missing_lines": [236, 239, 242, 243, 244], "excluded_lines": []}, "perform_cv_analysis": {"executed_lines": [687, 689, 693, 696, 701, 718, 721, 724, 725, 730, 731, 732], "summary": {"covered_lines": 12, "num_statements": 25, "percent_covered": 48.0, "percent_covered_display": "48", "missing_lines": 13, "excluded_lines": 0}, "missing_lines": [690, 691, 697, 698, 703, 704, 705, 706, 708, 711, 712, 726, 728], "excluded_lines": []}, "analyze_consultant_cv": {"executed_lines": [300, 302, 303, 304, 305, 306, 307, 316, 317], "summary": {"covered_lines": 9, "num_statements": 14, "percent_covered": 64.28571428571429, "percent_covered_display": "64", "missing_lines": 5, "excluded_lines": 0}, "missing_lines": [309, 310, 312, 313, 314], "excluded_lines": []}, "_find_latest_cv": {"executed_lines": [322], "summary": {"covered_lines": 1, "num_statements": 1, "percent_covered": 100.0, "percent_covered_display": "100", "missing_lines": 0, "excluded_lines": 0}, "missing_lines": [], "excluded_lines": []}, "_display_analysis_method_selection": {"executed_lines": [335, 337, 338, 339, 344], "summary": {"covered_lines": 5, "num_statements": 7, "percent_covered": 71.42857142857143, "percent_covered_display": "71", "missing_lines": 2, "excluded_lines": 0}, "missing_lines": [341, 342], "excluded_lines": []}, "_display_current_analysis_status": {"executed_lines": [354, 366], "summary": {"covered_lines": 2, "num_statements": 10, "percent_covered": 20.0, "percent_covered_display": "20", "missing_lines": 8, "excluded_lines": 0}, "missing_lines": [355, 357, 358, 359, 361, 362, 363, 364], "excluded_lines": []}, "_handle_analysis_button": {"executed_lines": [], "summary": {"covered_lines": 0, "num_statements": 8, "percent_covered": 0.0, "percent_covered_display": "0", "missing_lines": 8, "excluded_lines": 0}, "missing_lines": [371, 377, 378, 379, 381, 382, 383, 385], "excluded_lines": []}, "_display_ai_configuration": {"executed_lines": [390, 391, 392, 394], "summary": {"covered_lines": 4, "num_statements": 7, "percent_covered": 57.142857142857146, "percent_covered_display": "57", "missing_lines": 3, "excluded_lines": 0}, "missing_lines": [396, 397, 398], "excluded_lines": []}, "upload_document": {"executed_lines": [415, 416, 471, 472, 473], "summary": {"covered_lines": 5, "num_statements": 27, "percent_covered": 18.51851851851852, "percent_covered_display": "19", "missing_lines": 22, "excluded_lines": 0}, "missing_lines": [419, 420, 423, 424, 425, 426, 429, 432, 433, 436, 437, 438, 440, 443, 444, 447, 448, 451, 452, 466, 467, 469], "excluded_lines": []}, "download_document": {"executed_lines": [479, 480, 481, 482, 484, 485, 487, 495, 496], "summary": {"covered_lines": 9, "num_statements": 9, "percent_covered": 100.0, "percent_covered_display": "100", "missing_lines": 0, "excluded_lines": 0}, "missing_lines": [], "excluded_lines": []}, "reanalyze_document": {"executed_lines": [502, 503, 504, 534, 535, 536], "summary": {"covered_lines": 6, "num_statements": 20, "percent_covered": 30.0, "percent_covered_display": "30", "missing_lines": 14, "excluded_lines": 0}, "missing_lines": [508, 509, 510, 512, 513, 514, 517, 520, 521, 525, 528, 529, 531, 532], "excluded_lines": []}, "_load_document_for_rename": {"executed_lines": [], "summary": {"covered_lines": 0, "num_statements": 6, "percent_covered": 0.0, "percent_covered_display": "0", "missing_lines": 6, "excluded_lines": 0}, "missing_lines": [541, 542, 543, 544, 545, 546], "excluded_lines": []}, "_handle_rename_form_submission": {"executed_lines": [], "summary": {"covered_lines": 0, "num_statements": 12, "percent_covered": 0.0, "percent_covered_display": "0", "missing_lines": 12, "excluded_lines": 0}, "missing_lines": [553, 554, 555, 557, 565, 566, 567, 568, 569, 570, 572, 573], "excluded_lines": []}, "_handle_rename_form_cancellation": {"executed_lines": [], "summary": {"covered_lines": 0, "num_statements": 3, "percent_covered": 0.0, "percent_covered_display": "0", "missing_lines": 3, "excluded_lines": 0}, "missing_lines": [578, 579, 580], "excluded_lines": []}, "show_rename_document_form": {"executed_lines": [586, 588, 589, 590, 591], "summary": {"covered_lines": 5, "num_statements": 19, "percent_covered": 26.31578947368421, "percent_covered_display": "26", "missing_lines": 14, "excluded_lines": 0}, "missing_lines": [593, 594, 600, 608, 610, 611, 613, 614, 616, 617, 619, 620, 622, 623], "excluded_lines": []}, "rename_document": {"executed_lines": [629, 630, 631, 635, 640, 647, 648, 649], "summary": {"covered_lines": 8, "num_statements": 13, "percent_covered": 61.53846153846154, "percent_covered_display": "62", "missing_lines": 5, "excluded_lines": 0}, "missing_lines": [636, 637, 641, 643, 645], "excluded_lines": []}, "delete_document": {"executed_lines": [655, 656, 657, 661, 666, 667, 668, 669, 670, 673, 674, 676, 677, 679, 680, 681], "summary": {"covered_lines": 16, "num_statements": 18, "percent_covered": 88.88888888888889, "percent_covered_display": "89", "missing_lines": 2, "excluded_lines": 0}, "missing_lines": [662, 663], "excluded_lines": []}, "_display_cv_resume": {"executed_lines": [], "summary": {"covered_lines": 0, "num_statements": 3, "percent_covered": 0.0, "percent_covered_display": "0", "missing_lines": 3, "excluded_lines": 0}, "missing_lines": [737, 738, 739], "excluded_lines": []}, "_display_cv_missions": {"executed_lines": [], "summary": {"covered_lines": 0, "num_statements": 8, "percent_covered": 0.0, "percent_covered_display": "0", "missing_lines": 8, "excluded_lines": 0}, "missing_lines": [744, 745, 746, 747, 748, 749, 750, 751], "excluded_lines": []}, "_display_cv_competences": {"executed_lines": [], "summary": {"covered_lines": 0, "num_statements": 4, "percent_covered": 0.0, "percent_covered_display": "0", "missing_lines": 4, "excluded_lines": 0}, "missing_lines": [756, 757, 758, 759], "excluded_lines": []}, "_display_cv_contact": {"executed_lines": [], "summary": {"covered_lines": 0, "num_statements": 7, "percent_covered": 0.0, "percent_covered_display": "0", "missing_lines": 7, "excluded_lines": 0}, "missing_lines": [764, 765, 766, 767, 768, 769, 770], "excluded_lines": []}, "_display_cv_actions": {"executed_lines": [], "summary": {"covered_lines": 0, "num_statements": 7, "percent_covered": 0.0, "percent_covered_display": "0", "missing_lines": 7, "excluded_lines": 0}, "missing_lines": [775, 777, 778, 779, 781, 782, 783], "excluded_lines": []}, "show_full_cv_analysis": {"executed_lines": [], "summary": {"covered_lines": 0, "num_statements": 10, "percent_covered": 0.0, "percent_covered_display": "0", "missing_lines": 10, "excluded_lines": 0}, "missing_lines": [789, 790, 792, 793, 794, 795, 796, 797, 799, 800], "excluded_lines": []}, "generate_cv_report": {"executed_lines": [], "summary": {"covered_lines": 0, "num_statements": 12, "percent_covered": 0.0, "percent_covered_display": "0", "missing_lines": 12, "excluded_lines": 0}, "missing_lines": [806, 808, 809, 820, 821, 829, 832, 833, 836, 844, 846, 847], "excluded_lines": []}, "show_documents_report": {"executed_lines": [853, 855, 856, 857, 860, 862, 863, 864, 867, 868, 869, 870, 872, 873, 874, 876, 877, 878, 879, 881, 882, 885, 886, 887, 894, 897, 899, 900, 901, 913, 914], "summary": {"covered_lines": 31, "num_statements": 31, "percent_covered": 100.0, "percent_covered_display": "100", "missing_lines": 0, "excluded_lines": 0}, "missing_lines": [], "excluded_lines": []}, "_display_document_basic_info": {"executed_lines": [922, 923, 924, 925, 927, 928], "summary": {"covered_lines": 6, "num_statements": 6, "percent_covered": 100.0, "percent_covered_display": "100", "missing_lines": 0, "excluded_lines": 0}, "missing_lines": [], "excluded_lines": []}, "_display_document_metadata": {"executed_lines": [933, 934, 935, 937, 938, 940, 943], "summary": {"covered_lines": 7, "num_statements": 8, "percent_covered": 87.5, "percent_covered_display": "88", "missing_lines": 1, "excluded_lines": 0}, "missing_lines": [941], "excluded_lines": []}, "_display_cv_analysis_summary": {"executed_lines": [948, 949], "summary": {"covered_lines": 2, "num_statements": 13, "percent_covered": 15.384615384615385, "percent_covered_display": "15", "missing_lines": 11, "excluded_lines": 0}, "missing_lines": [951, 952, 953, 956, 957, 959, 960, 963, 967, 969, 970], "excluded_lines": []}, "_display_document_actions": {"executed_lines": [975, 977, 978, 981, 982, 986, 987, 991, 992], "summary": {"covered_lines": 9, "num_statements": 16, "percent_covered": 56.25, "percent_covered_display": "56", "missing_lines": 7, "excluded_lines": 0}, "missing_lines": [979, 983, 984, 988, 989, 993, 994], "excluded_lines": []}, "_handle_rename_form": {"executed_lines": [999], "summary": {"covered_lines": 1, "num_statements": 2, "percent_covered": 50.0, "percent_covered_display": "50", "missing_lines": 1, "excluded_lines": 0}, "missing_lines": [1003], "excluded_lines": []}, "": {"executed_lines": [1, 6, 7, 8, 9, 10, 11, 12, 13, 15, 16, 19, 22, 23, 24, 28, 29, 30, 31, 33, 34, 35, 36, 44, 46, 49, 115, 136, 174, 247, 298, 320, 333, 352, 369, 388, 412, 476, 499, 539, 549, 576, 583, 626, 652, 684, 735, 742, 754, 762, 773, 786, 803, 850, 920, 931, 946, 973, 997], "summary": {"covered_lines": 58, "num_statements": 65, "percent_covered": 89.23076923076923, "percent_covered_display": "89", "missing_lines": 7, "excluded_lines": 0}, "missing_lines": [25, 37, 38, 39, 40, 41, 43], "excluded_lines": []}}, "classes": {"": {"executed_lines": [1, 6, 7, 8, 9, 10, 11, 12, 13, 15, 16, 19, 22, 23, 24, 28, 29, 30, 31, 33, 34, 35, 36, 44, 46, 49, 52, 53, 54, 56, 57, 58, 60, 62, 64, 65, 73, 76, 83, 86, 88, 90, 91, 95, 96, 99, 100, 104, 110, 111, 112, 115, 118, 120, 121, 123, 124, 127, 130, 133, 136, 139, 142, 144, 146, 147, 148, 150, 152, 153, 154, 155, 157, 160, 162, 164, 165, 167, 169, 170, 171, 174, 177, 179, 180, 183, 193, 199, 203, 205, 212, 214, 215, 217, 218, 220, 221, 222, 224, 233, 234, 235, 237, 241, 247, 298, 300, 302, 303, 304, 305, 306, 307, 316, 317, 320, 322, 333, 335, 337, 338, 339, 344, 352, 354, 366, 369, 388, 390, 391, 392, 394, 412, 415, 416, 471, 472, 473, 476, 479, 480, 481, 482, 484, 485, 487, 495, 496, 499, 502, 503, 504, 534, 535, 536, 539, 549, 576, 583, 586, 588, 589, 590, 591, 626, 629, 630, 631, 635, 640, 647, 648, 649, 652, 655, 656, 657, 661, 666, 667, 668, 669, 670, 673, 674, 676, 677, 679, 680, 681, 684, 687, 689, 693, 696, 701, 718, 721, 724, 725, 730, 731, 732, 735, 742, 754, 762, 773, 786, 803, 850, 853, 855, 856, 857, 860, 862, 863, 864, 867, 868, 869, 870, 872, 873, 874, 876, 877, 878, 879, 881, 882, 885, 886, 887, 894, 897, 899, 900, 901, 913, 914, 920, 922, 923, 924, 925, 927, 928, 931, 933, 934, 93
[...]
ered_lines": 0, "num_statements": 3, "percent_covered": 0.0, "percent_covered_display": "0", "missing_lines": 3, "excluded_lines": 0}, "missing_lines": [448, 449, 450], "excluded_lines": []}, "NotificationManager.show_success": {"executed_lines": [459, 460, 461, 462], "summary": {"covered_lines": 4, "num_statements": 4, "percent_covered": 100.0, "percent_covered_display": "100", "missing_lines": 0, "excluded_lines": 0}, "missing_lines": [], "excluded_lines": []}, "NotificationManager.show_error": {"executed_lines": [467, 468, 469, 470], "summary": {"covered_lines": 4, "num_statements": 4, "percent_covered": 100.0, "percent_covered_display": "100", "missing_lines": 0, "excluded_lines": 0}, "missing_lines": [], "excluded_lines": []}, "NotificationManager.show_warning": {"executed_lines": [475, 476, 477, 478], "summary": {"covered_lines": 4, "num_statements": 4, "percent_covered": 100.0, "percent_covered_display": "100", "missing_lines": 0, "excluded_lines": 0}, "missing_lines": [], "excluded_lines": []}, "NotificationManager.show_info": {"executed_lines": [483, 484, 485, 486], "summary": {"covered_lines": 4, "num_statements": 4, "percent_covered": 100.0, "percent_covered_display": "100", "missing_lines": 0, "excluded_lines": 0}, "missing_lines": [], "excluded_lines": []}, "create_enhanced_consultants_view": {"executed_lines": [493, 496, 499, 502, 505, 506, 509, 510, 513], "summary": {"covered_lines": 9, "num_statements": 9, "percent_covered": 100.0, "percent_covered_display": "100", "missing_lines": 0, "excluded_lines": 0}, "missing_lines": [], "excluded_lines": []}, "_initialize_ui_components": {"executed_lines": [518, 519, 520, 521], "summary": {"covered_lines": 4, "num_statements": 4, "percent_covered": 100.0, "percent_covered_display": "100", "missing_lines": 0, "excluded_lines": 0}, "missing_lines": [], "excluded_lines": []}, "_load_consultant_data": {"executed_lines": [527, 534, 535, 538], "summary": {"covered_lines": 4, "num_statements": 5, "percent_covered": 80.0, "percent_covered_display": "80", "missing_lines": 1, "excluded_lines": 0}, "missing_lines": [536], "excluded_lines": []}, "_display_metrics": {"executed_lines": [543, 546, 548, 549, 551, 552, 553, 555, 556, 558, 559, 562], "summary": {"covered_lines": 12, "num_statements": 13, "percent_covered": 92.3076923076923, "percent_covered_display": "92", "missing_lines": 1, "excluded_lines": 0}, "missing_lines": [544], "excluded_lines": []}, "_handle_consultant_selection": {"executed_lines": [567, 570, 571, 574, 575, 579], "summary": {"covered_lines": 6, "num_statements": 8, "percent_covered": 75.0, "percent_covered_display": "75", "missing_lines": 2, "excluded_lines": 0}, "missing_lines": [568, 572], "excluded_lines": []}, "_execute_consultant_action": {"executed_lines": [584, 585, 586, 587], "summary": {"covered_lines": 4, "num_statements": 8, "percent_covered": 50.0, "percent_covered_display": "50", "missing_lines": 4, "excluded_lines": 0}, "missing_lines": [588, 589, 590, 592], "excluded_lines": []}, "": {"executed_lines": [1, 6, 7, 8, 9, 10, 11, 12, 14, 15, 17, 18, 19, 22, 23, 24, 25, 28, 29, 31, 47, 181, 196, 210, 299, 300, 302, 306, 314, 322, 323, 325, 326, 406, 407, 437, 438, 440, 441, 445, 446, 453, 454, 456, 457, 464, 465, 472, 473, 480, 481, 490, 516, 524, 541, 565, 582, 596], "summary": {"covered_lines": 52, "num_statements": 52, "percent_covered": 100.0, "percent_covered_display": "100", "missing_lines": 0, "excluded_lines": 0}, "missing_lines": [], "excluded_lines": []}}, "classes": {"AdvancedUIFilters": {"executed_lines": [32, 49, 52, 58, 61, 63, 183, 186, 192, 198, 199, 200, 201, 202, 212, 213, 215, 218, 231, 238, 245, 252, 253, 259, 267, 274, 282, 289, 296], "summary": {"covered_lines": 29, "num_statements": 90, "percent_covered": 32.22222222222222, "percent_covered_display": "32", "missing_lines": 61, "excluded_lines": 0}, "missing_lines": [65, 67, 68, 69, 71, 72, 79, 80, 87, 89, 90, 91, 97, 98, 104, 111, 113, 114, 115, 119, 120, 129, 131, 132, 133, 142, 143, 153, 155, 156, 157, 161, 162, 167, 169, 170, 171, 172, 173, 175, 176, 177, 179, 193, 194, 203, 204, 205, 206, 207, 208, 219, 220, 232, 239, 246, 260, 268, 275, 283, 290], "excluded_lines": []}, "RealTimeSearch": {"executed_lines": [303, 304, 308, 309, 310, 311, 316, 319], "summary": {"covered_lines": 8, "num_statements": 10, "percent_covered": 80.0, "percent_covered_display": "80", "missing_lines": 2, "excluded_lines": 0}, "missing_lines": [312, 317], "excluded_lines": []}, "DataTableEnhancer": {"executed_lines": [409, 410, 412, 416, 418, 420, 421, 426, 427, 428, 430, 431, 434], "summary": {"covered_lines": 13, "num_statements": 26, "percent_covered": 50.0, "percent_covered_display": "50", "missing_lines": 13, "excluded_lines": 0}, "missing_lines": [330, 331, 332, 335, 338, 359, 362, 378, 379, 382, 404, 424, 432], "excluded_lines": []}, "LoadingSpinner": {"executed_lines": [443], "summary": {"covered_lines": 1, "num_statements": 4, "percent_covered": 25.0, "percent_covered_display": "25", "missing_lines": 3, "excluded_lines": 0}, "missing_lines": [448, 449, 450], "excluded_lines": []}, "NotificationManager": {"executed_lines": [459, 460, 461, 462, 467, 468, 469, 470, 475, 476, 477, 478, 483, 484, 485, 486], "summary": {"covered_lines": 16, "num_statements": 16, "percent_covered": 100.0, "percent_covered_display": "100", "missing_lines": 0, "excluded_lines": 0}, "missing_lines": [], "excluded_lines": []}, "": {"executed_lines": [1, 6, 7, 8, 9, 10, 11, 12, 14, 15, 17, 18, 19, 22, 23, 24, 25, 28, 29, 31, 47, 181, 196, 210, 299, 300, 302, 306, 314, 322, 323, 325, 326, 406, 407, 437, 438, 440, 441, 445, 446, 453, 454, 456, 457, 464, 465, 472, 473, 480, 481, 490, 493, 496, 499, 502, 505, 506, 509, 510, 513, 516, 518, 519, 520, 521, 524, 527, 534, 535, 538, 541, 543, 546, 548, 549, 551, 552, 553, 555, 556, 558, 559, 562, 565, 567, 570, 571, 574, 575, 579, 582, 584, 585, 586, 587, 596], "summary": {"covered_lines": 91, "num_statements": 99, "percent_covered": 91.91919191919192, "percent_covered_display": "92", "missing_lines": 8, "excluded_lines": 0}, "missing_lines": [536, 544, 568, 572, 588, 589, 590, 592], "excluded_lines": []}}}, "app\\utils\\helpers.py": {"executed_lines": [1, 6, 7, 8, 9, 10, 11, 12, 13, 14, 15, 16, 17, 19, 20, 23, 26, 36, 37, 39, 41, 42, 43, 44, 47, 57, 58, 60, 61, 62, 63, 64, 66, 71, 81, 82, 84, 85, 86, 87, 88, 91, 101, 102, 104, 106, 108, 111, 114, 115, 116, 119, 129, 130, 132, 133, 134, 137, 140, 141, 142, 145, 155, 156, 158, 159, 160, 163, 166, 167, 168, 171, 182, 183, 184, 185, 190, 201, 204, 206, 207, 208, 210, 211, 212, 213, 218, 229, 230, 232, 237, 247, 248, 250, 251, 254, 264, 265, 268, 271, 272, 274, 277, 287, 288, 290, 292, 293, 294, 295, 296, 297, 298, 303, 314, 317, 318, 319, 324, 334, 335, 338, 341, 344, 346, 349, 359, 360, 363, 366, 367, 371, 374, 384, 385, 388, 391, 394, 396, 399, 410, 413, 418, 421, 423, 427, 430, 441, 444, 445, 450, 457, 460, 470, 471, 473, 474, 475], "summary": {"covered_lines": 157, "num_statements": 185, "percent_covered": 84.86486486486487, "percent_covered_display": "85", "missing_lines": 28, "excluded_lines": 0}, "missing_lines": [67, 68, 109, 138, 164, 186, 187, 202, 214, 215, 231, 233, 234, 299, 300, 315, 320, 321, 411, 414, 419, 424, 425, 442, 446, 447, 476, 477], "excluded_lines": [], "functions": {"format_currency": {"executed_lines": [36, 37, 39, 41, 42, 43, 44], "summary": {"covered_lines": 7, "num_statements": 7, "percent_covered": 100.0, "percent_covered_display": "100", "missing_lines": 0, "excluded_lines": 0}, "missing_lines": [], "excluded_lines": []}, "format_date": {"executed_lines": [57, 58, 60, 61, 62, 63, 64, 66], "summary": {"covered_lines": 8, "num_statements": 10, "percent_covered": 80.0, "percent_covered_display": "80", "missing_lines": 2, "excluded_lines": 0}, "missing_lines": [67, 68], "excluded_lines": []}, "format_percentage": {"executed_lines": [81, 82, 84, 85, 86, 87, 88], "summary": {"covered_lines": 7, "num_statements": 7, "percent_covered": 100.0, "percent_covered_display": "100", "missing_lines": 0, "excluded_lines": 0}, "missing_lines": [], "excluded_lines": []}, "format_number": {"executed_lines": [101, 102, 104, 106, 108, 111, 114, 115, 116], "summary": {"covered_lines": 9, "num_statements": 10, "percent_covered": 90.0, "percent_covered_display": "90", "missing_lines": 1, "excluded_lines": 0}, "missing_lines": [109], "excluded_lines": []}, "calculate_age": {"executed_lines": [129, 130, 132, 133, 134, 137, 140, 141, 142], "summary": {"covered_lines": 9, "num_statements": 10, "percent_covered": 90.0, "percent_covered_display": "90", "missing_lines": 1, "excluded_lines": 0}, "missing_lines": [138], "excluded_lines": []}, "calculate_experience_years": {"executed_lines": [155, 156, 158, 159, 160, 163, 166, 167, 168], "summary": {"covered_lines": 9, "num_statements": 10, "percent_covered": 90.0, "percent_covered_display": "90", "missing_lines": 1, "excluded_lines": 0}, "missing_lines": [164], "excluded_lines": []}, "safe_divide": {"executed_lines": [182, 183, 184, 185], "summary": {"covered_lines": 4, "num_statements": 6, "percent_covered": 66.66666666666667, "percent_covered_display": "67", "missing_lines": 2, "excluded_lines": 0}, "missing_lines": [186, 187], "excluded_lines": []}, "round_to_nearest": {"executed_lines": [201, 204, 206, 207, 208, 210, 211, 212, 213], "summary": {"covered_lines": 9, "num_statements": 12, "percent_covered": 75.0, "percent_covered_display": "75", "missing_lines": 3, "excluded_lines": 0}, "missing_lines": [202, 214, 215], "excluded_lines": []}, "calculate_percentage_change": {"executed_lines": [229, 230, 232], "summary": {"covered_lines": 3, "num_statements": 6, "percent_covered": 50.0, "percent_covered_display": "50", "missing_lines": 3, "excluded_lines": 0}, "missing_lines": [231, 233, 234], "excluded_lines": []}, "validate_email": {"executed_lines": [247, 248, 250, 251], "summary": {"covered_lines": 4, "num_statements": 4, "percent_covered": 100.0, "percent_covered_display": "100", "missing_lines": 0, "excluded_lines": 0}, "missing_lines": [], "excluded_lines": []}, "validate_phone": {"executed_lines": [264, 265, 268, 271, 272, 274], "summary": {"covered_lines": 6, "num_statements": 6, "percent_covered": 100.0, "percent_covered_display": "100", "missing_lines": 0, "excluded_lines": 0}, "missing_lines": [], "excluded_lines": []}, "validate_date": {"executed_lines": [287, 288, 290, 292, 293, 294, 295, 296, 297, 298], "summary": {"covered_lines": 10, "num_statements": 12, "percent_covered": 83.33333333333333, "percent_covered_display": "83", "missing_lines": 2, "excluded_lines": 0}, "missing_lines": [299, 300], "excluded_lines": []}, "is_valid_file_type": {"executed_lines": [314, 317, 318, 319], "summary": {"covered_lines": 4, "num_statements": 7, "percent_covered": 57.142857142857146, "percent_covered_display": "57", "missing_lines": 3, "excluded_lines": 0}, "missing_lines": [315, 320, 321], "excluded_lines": []}, "clean_string": {"executed_lines": [334, 335, 338, 341, 344, 346], "summary": {"covered_lines": 6, "num_statements": 6, "percent_covered": 100.0, "percent_covered_display": "100", "missing_lines": 0, "excluded_lines": 0}, "missing_lines": [], "excluded_lines": []}, "normalize_text": {"executed_lines": [359, 360, 363, 366, 367, 371], "summary": {"covered_lines": 6, "num_statements": 6, "percent_covered": 100.0, "percent_covered_display": "100", "missing_lines": 0, "excluded_lines": 0}, "missing_lines": [], "excluded_lines": []}, "slugify": {"executed_lines": [384, 385, 388, 391, 394, 396], "summary": {"covered_lines": 6, "num_statements": 6, "percent_covered": 100.0, "percent_covered_display": "100", "missing_lines": 0, "excluded_lines": 0}, "missing_lines": [], "excluded_lines": []}, "truncate_text": {"executed_lines": [410, 413, 418, 421, 423, 427], "summary": {"covered_lines": 6, "num_statements": 11, "percent_covered": 54.54545454545455, "percent_covered_display": "55", "missing_lines": 5, "excluded_lines": 0}, "missing_lines": [411, 414, 419, 424, 425], "excluded_lines": []}, "split_list_into_chunks": {"executed_lines": [441, 444, 445], "summary": {"covered_lines": 3, "num_statements": 6, "percent_covered": 50.0, "percent_covered_display": "50", "missing_lines": 3, "excluded_lines": 0}, "missing_lines": [442, 446, 447], "excluded_lines": []}, "generate_id": {"executed_lines": [457], "summary": {"covered_lines": 1, "num_statements": 1, "percent_covered": 100.0, "percent_covered_display": "100", "missing_lines": 0, "excluded_lines": 0}, "missing_lines": [], "excluded_lines": []}, "get_file_extension": {"executed_lines": [470, 471, 473, 474, 475], "summary": {"covered_lines": 5, "num_statements": 7, "percent_covered": 71.42857142857143, "percent_covered_display": "71", "missing_lines": 2, "excluded_lines": 0}, "missing_lines": [476, 477], "excluded_lines": []}, "": {"executed_lines": [1, 6, 7, 8, 9, 10, 11, 12, 13, 14, 15, 16, 17, 19, 20, 23, 26, 47, 71, 91, 119, 145, 171, 190, 218, 237, 254, 277, 303, 324, 349, 374, 399, 430, 450, 460], "summary": {"covered_lines": 35, "num_statements": 35, "percent_covered": 100.0, "percent_covered_display": "100", "missing_lines": 0, "excluded_lines": 0}, "missing_lines": [], "excluded_lines": []}}, "classes": {"": {"executed_lines": [1, 6, 7, 8, 9, 10, 11, 12, 13, 14, 15, 16, 17, 19, 20, 23, 26, 36, 37, 39, 41, 42, 43, 44, 47, 57, 58, 60, 61, 62, 63, 64, 66, 71, 81, 82, 84, 85, 86, 87, 88, 91, 101, 102, 104, 106, 108, 111, 114, 115, 116, 119, 129, 130, 132, 133, 134, 137, 140, 141, 142, 145, 155, 156, 158, 159, 160, 163, 166, 167, 168, 171, 182, 183, 184, 185, 190, 201, 204, 206, 207, 208, 210, 211, 212, 213, 218, 229, 230, 232, 237, 247, 248, 250, 251, 254, 264, 265, 268, 271, 272, 274, 277, 287, 288, 290, 292, 293, 294, 295, 296, 297, 298, 303, 314, 317, 318, 319, 324, 334, 335, 338, 341, 344, 346, 349, 359, 360, 363, 366, 367, 371, 374, 384, 385, 388, 391, 394, 396, 399, 410, 413, 418, 421, 423, 427, 430, 441, 444, 445, 450, 457, 460, 470, 471, 473, 474, 475], "summary": {"covered_lines": 157, "num_statements": 185, "percent_covered": 84.86486486486487, "percent_covered_display": "85", "missing_lines": 28, "excluded_lines": 0}, "missing_lines": [67, 68, 109, 138, 164, 186, 187, 202, 214, 215, 231, 233, 234, 299, 300, 315, 320, 321, 411, 414, 419, 424, 425, 442, 446, 447, 476, 477], "excluded_lines": []}}}, "app\\utils\\skill_categories.py": {"executed_lines": [1, 7, 171, 332, 335, 338, 340, 346, 348, 349, 350, 351, 353, 356, 358, 364, 366, 367, 368, 370, 372, 373, 378, 384, 387, 389, 390, 391, 392, 394, 397, 399, 400, 401, 408, 411, 413, 414, 415, 416, 423, 426, 428, 429, 430], "summary": {"covered_lines": 44, "num_statements": 44, "percent_covered": 100.0, "percent_covered_display": "100", "missing_lines": 0, "excluded_lines": 0}, "missing_lines": [], "excluded_lines": [], "functions": {"get_all_competences": {"executed_lines": [340], "summary": {"covered_lines": 1, "num_statements": 1, "percent_covered": 100.0, "percent_covered_display": "100", "missing_lines": 0, "excluded_lines": 0}, "missing_lines": [], "excluded_lines": []}, "get_competences_by_category": {"executed_lines": [348, 349, 350, 351, 353], "summary": {"covered_lines": 5, "num_statements": 5, "percent_covered": 100.0, "percent_covered_display": "100", "missing_lines": 0, "excluded_lines": 0}, "missing_lines": [], "excluded_lines": []}, "get_all_categories": {"executed_lines": [358], "summary": {"covered_lines": 1, "num_statements": 1, "percent_covered": 100.0, "percent_covered_display": "100", "missing_lines": 0, "excluded_lines": 0}, "missing_lines": [], "excluded_lines": []}, "search_competences": {"executed_lines": [366, 367, 368, 370, 372, 373, 378, 384], "summary": {"covered_lines": 8, "num_statements": 8, "percent_covered": 100.0, "percent_covered_display": "100", "missing_lines": 0, "excluded_lines": 0}, "missing_lines": [], "excluded_lines": []}, "_get_competences_dict": {"executed_lines": [389, 390, 391, 392, 394], "summary": {"covered_lines": 5, "num_statements": 5, "percent_covered": 100.0, "percent_covered_display": "100", "missing_lines": 0, "excluded_lines": 0}, "missing_lines": [], "excluded_lines": []}, "_add_all_category_competences": {"executed_lines": [399, 400, 401, 408], "summary": {"covered_lines": 4, "num_statements": 4, "percent_covered": 100.0, "percent_covered_display": "100", "missing_lines": 0, "excluded_lines": 0}, "missing_lines": [], "excluded_lines": []}, "_search_individual_competences": {"executed_lines": [413, 414, 415, 416, 423], "summary": {"covered_lines": 5, "num_statements": 5, "percent_covered": 100.0, "percent_covered_display": "100", "missing_lines": 0, "excluded_lines": 0}, "missing_lines": [], "excluded_lines": []}, "_determine_competence_type": {"executed_lines": [428, 429, 430], "summary": {"covered_lines": 3, "num_statements": 3, "percent_covered": 100.0, "percent_covered_display": "100", "missing_lines": 0, "excluded_lines": 0}, "missing_lines": [], "excluded_lines": []}, "": {"executed_lines": [1, 7, 171, 332, 335, 338, 346, 356, 364, 387, 397, 411, 426], "summary": {"covered_lines": 12, "num_statements": 12, "percent_covered": 100.0, "percent_covered_display": "100", "missing_lines": 0, "excluded_lines": 0}, "missing_lines": [], "excluded_lines": []}}, "classes": {"": {"executed_lines": [1, 7, 171, 332, 335, 338, 340, 346, 348, 349, 350, 351, 353, 356, 358, 364, 366, 367, 368, 370, 372, 373, 378, 384, 387, 389, 390, 391, 392, 394, 397, 399, 400, 401, 408, 411, 413, 414, 415, 416, 423, 426, 428, 429, 430], "summary": {"covered_lines": 44, "num_statements": 44, "percent_covered": 100.0, "percent_covered_display": "100", "missing_lines": 0, "excluded_lines": 0}, "missing_lines": [], "excluded_lines": []}}}, "app\\utils\\technologies_referentiel.py": {"executed_lines": [1, 6, 7, 10, 411, 413, 414, 415, 416, 419, 421, 424, 426, 427, 428, 431, 433, 434, 436, 437, 438, 439, 440, 444], "summary": {"covered_lines": 23, "num_statements": 23, "percent_covered": 100.0, "percent_covered_display": "100", "missing_lines": 0, "excluded_lines": 0}, "missing_lines": [], "excluded_lines": [], "functions": {"get_all_technologies": {"executed_lines": [413, 414, 415, 416], "summary": {"covered_lines": 4, "num_statements": 4, "percent_covered": 100.0, "percent_covered_display": "100", "missing_lines": 0, "excluded_lines": 0}, "missing_lines": [], "excluded_lines": []}, "get_technologies_by_category": {"executed_lines": [421], "summary": {"covered_lines": 1, "num_statements": 1, "percent_covered": 100.0, "percent_covered_display": "100", "missing_lines": 0, "excluded_lines": 0}, "missing_lines": [], "excluded_lines": []}, "search_technologies": {"executed_lines": [426, 427, 428], "summary": {"covered_lines": 3, "num_statements": 3, "percent_covered": 100.0, "percent_covered_display": "100", "missing_lines": 0, "excluded_lines": 0}, "missing_lines": [], "excluded_lines": []}, "add_custom_technology": {"executed_lines": [433, 434, 436, 437, 438, 439, 440], "summary": {"covered_lines": 7, "num_statements": 7, "percent_covered": 100.0, "percent_covered_display": "100", "missing_lines": 0, "excluded_lines": 0}, "missing_lines": [], "excluded_lines": []}, "": {"executed_lines": [1, 6, 7, 10, 411, 419, 424, 431, 444], "summary": {"covered_lines": 8, "num_statements": 8, "percent_covered": 100.0, "percent_covered_display": "100", "missing_lines": 0, "excluded_lines": 0}, "missing_lines": [], "excluded_lines": []}}, "classes": {"": {"executed_lines": [1, 6, 7, 10, 411, 413, 414, 415, 416, 419, 421, 424, 426, 427, 428, 431, 433, 434, 436, 437, 438, 439, 440, 444], "summary": {"covered_lines": 23, "num_statements": 23, "percent_covered": 100.0, "percent_covered_display": "100", "missing_lines": 0, "excluded_lines": 0}, "missing_lines": [], "excluded_lines": []}}}}, "totals": {"covered_lines": 7677, "num_statements": 10859, "percent_covered": 70.69711759830555, "percent_covered_display": "71", "missing_lines": 3182, "excluded_lines": 64}}