{"meta": {"format": 3, "version": "7.10.7", "timestamp": "2025-10-08T09:10:56.974213", "branch_coverage": false, "show_contexts": false}, "files": {"app\\components\\technology_widget.py": {"executed_lines": [1, 5, 6, 7, 9, 11, 13, 16, 32, 34, 35, 37, 38, 41, 43, 45, 46, 48, 49, 52, 53, 55, 58, 60, 63, 65, 66, 68, 69, 70, 76, 77, 78, 79, 81, 82, 83, 84, 87, 89, 90, 91, 93, 94, 95, 96, 98, 101, 115, 118, 121, 122, 125, 128, 131, 134, 137, 139, 141, 143, 151, 152, 153, 155, 160, 162, 163, 165, 166, 168, 171, 173, 174, 177, 178, 179, 180, 183, 185, 186, 188, 189, 190, 191, 194, 196, 198, 200, 201, 202, 205, 207, 208, 209, 210, 212, 213, 216, 218, 219, 220, 222, 223, 224, 226, 229, 231, 233, 234, 235, 237, 238, 239, 240, 241, 242, 243, 244, 245, 248, 250, 251, 252, 255, 257, 259, 261, 262, 264, 265], "summary": {"covered_lines": 129, "num_statements": 130, "percent_covered": 99.23076923076923, "percent_covered_display": "99", "missing_lines": 1, "excluded_lines": 0}, "missing_lines": [157], "excluded_lines": [], "functions": {"_parse_current_technologies": {"executed_lines": [34, 35, 37, 38, 41, 43, 45, 46, 48, 49, 52, 53, 55], "summary": {"covered_lines": 13, "num_statements": 13, "percent_covered": 100.0, "percent_covered_display": "100", "missing_lines": 0, "excluded_lines": 0}, "missing_lines": [], "excluded_lines": []}, "_add_custom_technology_if_needed": {"executed_lines": [60], "summary": {"covered_lines": 1, "num_statements": 1, "percent_covered": 100.0, "percent_covered_display": "100", "missing_lines": 0, "excluded_lines": 0}, "missing_lines": [], "excluded_lines": []}, "_render_add_technology_form": {"executed_lines": [65, 66, 68, 69, 70, 76, 77, 78, 79, 81, 82, 83, 84], "summary": {"covered_lines": 13, "num_statements": 13, "percent_covered": 100.0, "percent_covered_display": "100", "missing_lines": 0, "excluded_lines": 0}, "missing_lines": [], "excluded_lines": []}, "_handle_add_technology": {"executed_lines": [89, 90, 91, 93, 94, 95, 96, 98], "summary": {"covered_lines": 8, "num_statements": 8, "percent_covered": 100.0, "percent_covered_display": "100", "missing_lines": 0, "excluded_lines": 0}, "missing_lines": [], "excluded_lines": []}, "technology_multiselect": {"executed_lines": [115, 118, 121, 122, 125, 128, 131], "summary": {"covered_lines": 7, "num_statements": 7, "percent_covered": 100.0, "percent_covered_display": "100", "missing_lines": 0, "excluded_lines": 0}, "missing_lines": [], "excluded_lines": []}, "_render_multiselect_interface": {"executed_lines": [137, 139, 141, 143, 151, 152, 153, 155], "summary": {"covered_lines": 8, "num_statements": 9, "percent_covered": 88.88888888888889, "percent_covered_display": "89", "missing_lines": 1, "excluded_lines": 0}, "missing_lines": [157], "excluded_lines": []}, "_render_technologies_search_tab": {"executed_lines": [162, 163, 165, 166, 168], "summary": {"covered_lines": 5, "num_statements": 5, "percent_covered": 100.0, "percent_covered_display": "100", "missing_lines": 0, "excluded_lines": 0}, "missing_lines": [], "excluded_lines": []}, "_display_search_results": {"executed_lines": [173, 174, 177, 178, 179, 180], "summary": {"covered_lines": 6, "num_statements": 6, "percent_covered": 100.0, "percent_covered_display": "100", "missing_lines": 0, "excluded_lines": 0}, "missing_lines": [], "excluded_lines": []}, "_display_technologies_by_category": {"executed_lines": [185, 186, 188, 189, 190, 191], "summary": {"covered_lines": 6, "num_statements": 6, "percent_covered": 100.0, "percent_covered_display": "100", "missing_lines": 0, "excluded_lines": 0}, "missing_lines": [], "excluded_lines": []}, "_render_add_technology_tab": {"executed_lines": [196, 198, 200, 201, 202], "summary": {"covered_lines": 5, "num_statements": 5, "percent_covered": 100.0, "percent_covered_display": "100", "missing_lines": 0, "excluded_lines": 0}, "missing_lines": [], "excluded_lines": []}, "_render_add_technology_form_main": {"executed_lines": [207, 208, 209, 210, 212, 213], "summary": {"covered_lines": 6, "num_statements": 6, "percent_covered": 100.0, "percent_covered_display": "100", "missing_lines": 0, "excluded_lines": 0}, "missing_lines": [], "excluded_lines": []}, "_handle_form_submission": {"executed_lines": [218, 219, 220, 222, 223, 224, 226], "summary": {"covered_lines": 7, "num_statements": 7, "percent_covered": 100.0, "percent_covered_display": "100", "missing_lines": 0, "excluded_lines": 0}, "missing_lines": [], "excluded_lines": []}, "_display_custom_technologies_list": {"executed_lines": [231, 233, 234, 235, 237, 238, 239, 240, 241, 242, 243, 244, 245], "summary": {"covered_lines": 13, "num_statements": 13, "percent_covered": 100.0, "percent_covered_display": "100", "missing_lines": 0, "excluded_lines": 0}, "missing_lines": [], "excluded_lines": []}, "_handle_delete_technology": {"executed_lines": [250, 251, 252], "summary": {"covered_lines": 3, "num_statements": 3, "percent_covered": 100.0, "percent_covered_display": "100", "missing_lines": 0, "excluded_lines": 0}, "missing_lines": [], "excluded_lines": []}, "show_technologies_referentiel": {"executed_lines": [257, 259, 261, 262, 264, 265], "summary": {"covered_lines": 6, "num_statements": 6, "percent_covered": 100.0, "percent_covered_display": "100", "missing_lines": 0, "excluded_lines": 0}, "missing_lines": [], "excluded_lines": []}, "": {"executed_lines": [1, 5, 6, 7, 9, 11, 13, 16, 32, 58, 63, 87, 101, 134, 160, 171, 183, 194, 205, 216, 229, 248, 255], "summary": {"covered_lines": 22, "num_statements": 22, "percent_covered": 100.0, "percent_covered_display": "100", "missing_lines": 0, "excluded_lines": 0}, "missing_lines": [], "excluded_lines": []}}, "classes": {"": {"executed_lines": [1, 5, 6, 7, 9, 11, 13, 16, 32, 34, 35, 37, 38, 41, 43, 45, 46, 48, 49, 52, 53, 55, 58, 60, 63, 65, 66, 68, 69, 70, 76, 77, 78, 79, 81, 82, 83, 84, 87, 89, 90, 91, 93, 94, 95, 96, 98, 101, 115, 118, 121, 122, 125, 128, 131, 134, 137, 139, 141, 143, 151, 152, 153, 155, 160, 162, 163, 165, 166, 168, 171, 173, 174, 177, 178, 179, 180, 183, 185, 186, 188, 189, 190, 191, 194, 196, 198, 200, 201, 202, 205, 207, 208, 209, 210, 212, 213, 216, 218, 219, 220, 222, 223, 224, 226, 229, 231, 233, 234, 235, 237, 238, 239, 240, 241, 242, 243, 244, 245, 248, 250, 251, 252, 255, 257, 259, 261, 262, 264, 265], "summary": {"covered_lines": 129, "num_statements": 130, "percent_covered": 99.23076923076923, "percent_covered_display": "99", "missing_lines": 1, "excluded_lines": 0}, "missing_lines": [157], "excluded_lines": []}}}, "app\\database\\database.py": {"executed_lines": [1, 7, 9, 10, 11, 12, 13, 14, 16, 17, 18, 19, 20, 21, 22, 25, 26, 29, 32, 33, 35, 45, 46, 48, 49, 52, 54, 55, 59, 62, 65, 66, 69, 72, 73, 74, 78, 83, 84, 87, 88, 90, 92, 95, 98, 101, 103, 104, 106, 107, 108, 111, 115, 117, 120, 123, 126, 128, 129, 136, 138, 141, 142, 144, 145, 147, 148, 149, 150, 151, 152, 154], "summary": {"covered_lines": 71, "num_statements": 78, "percent_covered": 91.02564102564102, "percent_covered_display": "91", "missing_lines": 7, "excluded_lines": 0}, "missing_lines": [70, 75, 131, 132, 133, 162, 163], "excluded_lines": [], "functions": {"get_database_engine": {"executed_lines": [35], "summary": {"covered_lines": 1, "num_statements": 1, "percent_covered": 100.0, "percent_covered_display": "100", "missing_lines": 0, "excluded_lines": 0}, "missing_lines": [], "excluded_lines": []}, "get_session_factory": {"executed_lines": [48, 49], "summary": {"covered_lines": 2, "num_statements": 2, "percent_covered": 100.0, "percent_covered_display": "100", "missing_lines": 0, "excluded_lines": 0}, "missing_lines": [], "excluded_lines": []}, "get_database_session": {"executed_lines": [54, 55], "summary": {"covered_lines": 2, "num_statements": 2, "percent_covered": 100.0, "percent_covered_display": "100", "missing_lines": 0, "excluded_lines": 0}, "missing_lines": [], "excluded_lines": []}, "is_database_initialized": {"executed_lines": [69, 72, 73, 74], "summary": {"covered_lines": 4, "num_statements": 6, "percent_covered": 66.66666666666667, "percent_covered_display": "67", "missing_lines": 2, "excluded_lines": 0}, "missing_lines": [70, 75], "excluded_lines": []}, "init_database": {"executed_lines": [83, 84, 87, 88, 90, 92, 95, 98, 101, 103, 104, 106, 107, 108], "summary": {"covered_lines": 14, "num_statements": 14, "percent_covered": 100.0, "percent_covered_display": "100", "missing_lines": 0, "excluded_lines": 0}, "missing_lines": [], "excluded_lines": []}, "reset_database": {"executed_lines": [115, 117, 120, 123, 126, 128, 129], "summary": {"covered_lines": 7, "num_statements": 10, "percent_covered": 70.0, "percent_covered_display": "70", "missing_lines": 3, "excluded_lines": 0}, "missing_lines": [131, 132, 133], "excluded_lines": []}, "check_database_exists": {"executed_lines": [138], "summary": {"covered_lines": 1, "num_statements": 1, "percent_covered": 100.0, "percent_covered_display": "100", "missing_lines": 0, "excluded_lines": 0}, "missing_lines": [], "excluded_lines": []}, "get_database_info": {"executed_lines": [144, 145, 147, 148, 149, 150, 151, 152, 154], "summary": {"covered_lines": 9, "num_statements": 11, "percent_covered": 81.81818181818181, "percent_covered_display": "82", "missing_lines": 2, "excluded_lines": 0}, "missing_lines": [162, 163], "excluded_lines": []}, "": {"executed_lines": [1, 7, 9, 10, 11, 12, 13, 14, 16, 17, 18, 19, 20, 21, 22, 25, 26, 29, 32, 33, 45, 46, 52, 59, 62, 65, 66, 78, 111, 136, 141, 142], "summary": {"covered_lines": 31, "num_statements": 31, "percent_covered": 100.0, "percent_covered_display": "100", "missing_lines": 0, "excluded_lines": 0}, "missing_lines": [], "excluded_lines": []}}, "classes": {"": {"executed_lines": [1, 7, 9, 10, 11, 12, 13, 14, 16, 17, 18, 19, 20, 21, 22, 25, 26, 29, 32, 33, 35, 45, 46, 48, 49, 52, 54, 55, 59, 62, 65, 66, 69, 72, 73, 74, 78, 83, 84, 87, 88, 90, 92, 95, 98, 101, 103, 104, 106, 107, 108, 111, 115, 117, 120, 123, 126, 128, 129, 136, 138, 141, 142, 144, 145, 147, 148, 149, 150, 151, 152, 154], "summary": {"covered_lines": 71, "num_statements": 78, "percent_covered": 91.02564102564102, "percent_covered_display": "91", "missing_lines": 7, "excluded_lines": 0}, "missing_lines": [70, 75, 131, 132, 133, 162, 163], "excluded_lines": []}}}, "app\\database\\models.py": {"executed_lines": [1, 7, 8, 9, 10, 11, 13, 14, 15, 16, 17, 18, 19, 20, 21, 22, 23, 24, 25, 26, 28, 32, 33, 35, 38, 39, 41, 43, 44, 45, 46, 47, 48, 51, 53, 54, 56, 57, 59, 62, 63, 65, 67, 68, 69, 70, 71, 72, 73, 74, 75, 76, 79, 80, 81, 82, 83, 87, 89, 92, 93, 94, 97, 98, 99, 104, 107, 108, 113, 118, 125, 133, 134, 136, 137, 149, 151, 152, 154, 155, 156, 157, 159, 160, 176, 177, 179, 180, 181, 183, 184, 201, 202, 204, 205, 207, 209, 210, 218, 219, 222, 223, 225, 226, 227, 228, 230, 231, 234, 237, 238, 240, 242, 243, 245, 247, 248, 249, 252, 256, 257, 260, 261, 263, 265, 266, 267, 268, 270, 271, 272, 273, 276, 277, 279, 283, 284, 286, 288, 289, 290, 291, 292, 293, 294, 295, 296, 297, 298, 299, 300, 303, 306, 314, 315, 317, 318, 332, 333, 334, 337, 338, 340, 342, 343, 344, 345, 346, 347, 348, 351, 353, 354, 357, 358, 360, 362, 363, 364, 365, 366, 368, 369, 372, 373, 375, 376, 377, 378, 379, 380, 381, 382, 384, 385, 388, 389, 391, 393, 394, 395, 396, 399, 401, 402, 405, 406, 408, 410, 411, 412, 413, 414, 415, 418, 419, 421, 422, 426, 427, 446, 453, 456, 457, 459, 461, 462, 463, 464, 465, 466, 467, 468, 469, 472, 478, 479, 481, 482, 494, 496, 497, 513, 515, 516, 527, 530, 531, 533, 535, 536, 537, 538, 539, 540, 541, 542, 543, 544, 545, 546, 549, 557, 560, 561, 567, 568, 575, 576, 588, 589, 591, 593, 594, 595, 596, 597, 598, 599, 602, 603, 605, 606, 608, 609, 621, 623, 624, 640, 641, 649, 650, 654, 656, 657, 658, 659, 660, 661, 662, 663, 664, 665, 666, 669, 671, 675, 676, 680, 682, 683, 684, 685, 686, 687, 688, 689, 690, 691, 694, 696, 700, 701, 705, 707, 708, 709, 710, 711, 712, 713, 714, 715, 716, 717, 718, 720], "summary": {"covered_lines": 293, "num_statements": 308, "percent_covered": 95.12987012987013, "percent_covered_display": "95", "missing_lines": 15, "excluded_lines": 34}, "missing_lines": [29, 563, 564, 565, 570, 572, 573, 578, 579, 580, 581, 582, 583, 584, 585], "excluded_lines": [53, 54, 133, 134, 256, 257, 279, 280, 314, 315, 353, 354, 368, 369, 384, 385, 401, 402, 421, 422, 423, 424, 478, 479, 557, 558, 605, 606, 671, 672, 696, 697, 720, 721], "functions": {"Practice.__repr__": {"executed_lines": [54], "summary": {"covered_lines": 0, "num_statements": 0, "percent_covered": 100.0, "percent_covered_display": "100", "missing_lines": 0, "excluded_lines": 1}, "missing_lines": [], "excluded_lines": [54]}, "Practice.nombre_consultants": {"executed_lines": [59], "summary": {"covered_lines": 1, "num_statements": 1, "percent_covered": 100.0, "percent_covered_display": "100", "missing_lines": 0, "excluded_lines": 0}, "missing_lines": [], "excluded_lines": []}, "Consultant.__repr__": {"executed_lines": [134], "summary": {"covered_lines": 0, "num_statements": 0, "percent_covered": 100.0, "percent_covered_display": "100", "missing_lines": 0, "excluded_lines": 1}, "missing_lines": [], "excluded_lines": [134]}, "Consultant.nom_complet": {"executed_lines": [149], "summary": {"covered_lines": 1, "num_statements": 1, "percent_covered": 100.0, "percent_covered_display": "100", "missing_lines": 0, "excluded_lines": 0}, "missing_lines": [], "excluded_lines": []}, "Consultant.business_manager_actuel": {"executed_lines": [154, 155, 156, 157], "summary": {"covered_lines": 4, "num_statements": 4, "percent_covered": 100.0, "percent_covered_display": "100", "missing_lines": 0, "excluded_lines": 0}, "missing_lines": [], "excluded_lines": []}, "Consultant.experience_annees": {"executed_lines": [176, 177, 179, 180, 181], "summary": {"covered_lines": 5, "num_statements": 5, "percent_covered": 100.0, "percent_covered_display": "100", "missing_lines": 0, "excluded_lines": 0}, "missing_lines": [], "excluded_lines": []}, "Consultant.statut_societe": {"executed_lines": [201, 202, 204, 205, 207], "summary": {"covered_lines": 5, "num_statements": 5, "percent_covered": 100.0, "percent_covered_display": "100", "missing_lines": 0, "excluded_lines": 0}, "missing_lines": [], "excluded_lines": []}, "Consultant.date_disponibilite": {"executed_lines": [218, 219, 222, 223, 225, 226, 227, 228, 230, 231, 234], "summary": {"covered_lines": 11, "num_statements": 11, "percent_covered": 100.0, "percent_covered_display": "100", "missing_lines": 0, "excluded_lines": 0}, "missing_lines": [], "excluded_lines": []}, "Competence.__repr__": {"executed_lines": [257], "summary": {"covered_lines": 0, "num_statements": 0, "percent_covered": 100.0, "percent_covered_display": "100", "missing_lines": 0, "excluded_lines": 1}, "missing_lines": [], "excluded_lines": [257]}, "ConsultantCompetence.__repr__": {"executed_lines": [], "summary": {"covered_lines": 0, "num_statements": 0, "percent_covered": 100.0, "percent_covered_display": "100", "missing_lines": 0, "excluded_lines": 1}, "missing_lines": [], "excluded_lines": [280]}, "Mission.__repr__": {"executed_lines": [315], "summary": {"covered_lines": 0, "num_statements": 0, "percent_covered": 100.0, "percent_covered_display": "100", "missing_lines": 0, "excluded_lines": 1}, "missing_lines": [], "excluded_lines": [315]}, "Mission.duree_jours": {"executed_lines": [332, 333, 334], "summary": {"covered_lines": 3, "num_statements": 3, "percent_covered": 100.0, "percent_covered_display": "100", "missing_lines": 0, "excluded_lines": 0}, "missing_lines": [], "excluded_lines": []}, "CV.__repr__": {"executed_lines": [354], "summary": {"covered_lines": 0, "num_statements": 0, "percent_covered": 100.0, "percent_covered_display": "100", "missing_lines": 0, "excluded_lines": 1}, "missing_lines": [], "excluded_lines": [354]}, "CustomTechnology.__repr__": {"executed_lines": [369], "summary": {"covered_lines": 0, "num_statements": 0, "percent_covered": 100.0, "percent_covered_display": "100", "missing_lines": 0, "excluded_lines": 1}, "missing_lines": [], "excluded_lines": [369]}, "ConsultantSalaire.__repr__": {"executed_lines": [385], "summary": {"covered_lines": 0, "num_statements": 0, "percent_covered": 100.0, "percent_covered_display": "100", "missing_lines": 0, "excluded_lines": 1}, "missing_lines": [], "excluded_lines": [385]}, "Langue.__repr__": {"executed_lines": [402], "summary": {"covered_lines": 0, "num_statements": 0, "percent_covered": 100.0, "percent_covered_display": "100", "missing_lines": 0, "excluded_lines": 1}, "missing_lines": [], "excluded_lines": [402]}, "ConsultantLangue.__repr__": {"executed_lines": [422], "summary": {"covered_lines": 0, "num_statements": 0, "percent_covered": 100.0, "percent_covered_display": "100", "missing_lines": 0, "excluded_lines": 3}, "missing_lines": [], "excluded_lines": [422, 423, 424]}, "ConsultantLangue.niveau_label": {"executed_lines": [446, 453], "summary": {"covered_lines": 2, "num_statements": 2, "percent_covered": 100.0, "percent_covered_display": "100", "missing_lines": 0, "excluded_lines": 0}, "missing_lines": [], "excluded_lines": []}, "BusinessManager.__repr__": {"executed_lines": [479], "summary": {"covered_lines": 0, "num_statements": 0, "percent_covered": 100.0, "percent_covered_display": "100", "missing_lines": 0, "excluded_lines": 1}, "missing_lines": [], "excluded_lines": [479]}, "BusinessManager.nom_complet": {"executed_lines": [494], "summary": {"covered_lines": 1, "num_statements": 1, "percent_covered": 100.0, "percent_covered_display": "100", "missing_lines": 0, "excluded_lines": 0}, "missing_lines": [], "excluded_lines": []}, "BusinessManager.consultants_actuels": {"executed_lines": [513], "summary": {"covered_lines": 1, "num_statements": 1, "percent_covered": 100.0, "percent_covered_display": "100", "missing_lines": 0, "excluded_lines": 0}, "missing_lines": [], "excluded_lines": []}, "BusinessManager.nombre_consultants_actuels": {"executed_lines": [527], "summary": {"covered_lines": 1, "num_statements": 1, "percent_covered": 100.0, "percent_covered_display": "100", "missing_lines": 0, "excluded_lines": 0}, "missing_lines": [], "excluded_lines": []}, "VsaMission.__repr__": {"executed_lines": [], "summary": {"covered_lines": 0, "num_statements": 0, "percent_covered": 100.0, "percent_covered_display": "100", "missing_lines": 0, "excluded_lines": 1}, "missing_lines": [], "excluded_lines": [558]}, "VsaMission.duree_jours": {"executed_lines": [], "summary": {"covered_lines": 0, "num_statements": 3, "percent_covered": 0.0, "percent_covered_display": "0", "missing_lines": 3, "excluded_lines": 0}, "missing_lines": [563, 564, 565], "excluded_lines": []}, "VsaMission.consultant": {"executed_lines": [], "summary": {"covered_lines": 0, "num_statements": 3, "percent_covered": 0.0, "percent_covered_display": "0", "missing_lines": 3, "excluded_lines": 0}, "missing_lines": [570, 572, 573], "excluded_lines": []}, "VsaMission.est_active": {"executed_lines": [], "summary": {"covered_lines": 0, "num_statements": 8, "percent_covered": 0.0, "percent_covered_display": "0", "missing_lines": 8, "excluded_lines": 0}, "missing_lines": [578, 579, 580, 581, 582, 583, 584, 585], "excluded_lines": []}, "ConsultantBusinessManager.__repr__": {"executed_lines": [606], "summary": {"covered_lines": 0, "num_statements": 0, "percent_covered": 100.0, "percent_covered_display": "100", "missing_lines": 0, "excluded_lines": 1}, "missing_lines": [], "excluded_lines": [606]}, "ConsultantBusinessManager.est_actuel": {"executed_lines": [621], "summary": {"covered_lines": 1, "num_statements": 1, "percent_covered": 100.0, "percent_covered_display": "100", "missing_lines": 0, "excluded_lines": 0}, "missing_lines": [], "excluded_lines": []}, "ConsultantBusinessManager.duree_jours": {"executed_lines": [640, 641], "summary": {"covered_lines": 2, "num_statements": 2, "percent_covered": 100.0, "percent_covered_display": "100", "missing_lines": 0, "excluded_lines": 0}, "missing_lines": [], "excluded_lines": []}, "DashboardConfiguration.__repr__": {"executed_lines": [], "summary": {"covered_lines": 0, "num_statements": 0, "percent_covered": 100.0, "percent_covered_display": "100", "missing_lines": 0, "excluded_lines": 1}, "missing_lines": [], "excluded_lines": [672]}, "DashboardWidgetInstance.__repr__": {"executed_lines": [], "summary": {"covered_lines": 0, "num_statements": 0, "percent_covered": 100.0, "percent_covered_display": "100", "missing_lines": 0, "excluded_lines": 1}, "missing_lines": [], "excluded_lines": [697]}, "WidgetCatalog.__repr__": {"executed_lines": [], "summary": {"covered_lines": 0, "num_statements": 0, "percent_covered": 100.0, "percent_covered_display": "100", "missing_lines": 0, "excluded_lines": 1}, "missing_lines": [], "excluded_lines": [721]}, "": {"executed_lines": [1, 7, 8, 9, 10, 11, 13, 14, 15, 16, 17, 18, 19, 20, 21, 22, 23, 24, 25, 26, 28, 32, 33, 35, 38, 39, 41, 43, 44, 45, 46, 47, 48, 51, 53, 56, 57, 62, 63, 65, 67, 68, 69, 70, 71, 72, 73, 74, 75, 76, 79, 80, 81, 82, 83, 87, 89, 92, 93, 94, 97, 98, 99, 104, 107, 108, 113, 118, 125, 133, 136, 137, 151, 152, 159, 160, 183, 184, 209, 210, 237, 238, 240, 242, 243, 245, 247, 248, 249, 252, 256, 260, 261, 263, 265, 266, 267, 268, 270, 271, 272, 273, 276, 277, 279, 283, 284, 286, 288, 289, 290, 291, 292, 293, 294, 295, 296, 297, 298, 299, 300, 303, 306, 314, 317, 318, 337, 338, 340, 342, 343, 344, 345, 346, 347, 348, 351, 353, 357, 358, 360, 362, 363, 364, 365, 366, 368, 372, 373, 375, 376, 377, 378, 379, 380, 381, 382, 384, 388, 389, 391, 393, 394, 395, 396, 399, 401, 405, 406, 408, 410, 411, 412, 413, 414, 415, 418, 419, 421, 426, 427, 456, 457, 459, 461, 462, 463, 464, 465, 466, 467, 468, 469, 472, 478, 481, 482, 496, 497, 515, 516, 530, 531, 533, 535, 536, 537, 538, 539, 540, 541, 542, 543, 544, 545, 546, 549, 557, 560, 561, 567, 568, 575, 576, 588, 589, 591, 593, 594, 595, 596, 597, 598, 599, 602, 603, 605, 608, 609, 623, 624, 649, 650, 654, 656, 657, 658, 659, 660, 661, 662, 663, 664, 665, 666, 669, 671, 675, 676, 680, 682, 683, 684, 685, 686, 687, 688, 689, 690, 691, 694, 696, 700, 701, 705, 707, 708, 709, 710, 711, 712, 713, 714, 715, 716, 717, 718, 720], "summary": {"covered_lines": 255, "num_statements": 256, "percent_covered": 99.609375, "percent_covered_display": "99", "missing_lines": 1, "excluded_lines": 16}, "missing_lines": [29], "excluded_lines": [53, 133, 256, 279, 314, 353, 368, 384, 401, 421, 478, 557, 605, 671, 696, 720]}}, "classes": {"Practice": {"executed_lines": [54, 59], "summary": {"covered_lines": 1, "num_statements": 1, "percent_covered": 100.0, "percent_covered_display": "100", "missing_lines": 0, "excluded_lines": 1}, "missing_lines": [], "excluded_lines": [54]}, "Consultant": {"executed_lines": [134, 149, 154, 155, 156, 157, 176, 177, 179, 180, 181, 201, 202, 204, 205, 207, 218, 219, 222, 223, 225, 226, 227, 228, 230, 231, 234], "summary": {"covered_lines": 26, "num_statements": 26, "percent_covered": 100.0, "percent_covered_display": "100", "missing_lines": 0, "excluded_lines": 1}, "missing_lines": [], "excluded_lines": [134]}, "Competence": {"executed_lines": [257], "summary": {"covered_lines": 0, "num_statements": 0, "percent_covered": 100.0, "percent_covered_display": "100", "missing_lines": 0, "excluded_lines": 1}, "missing_lines": [], "excluded_lines": [257]}, "ConsultantCompetence": {"executed_lines": [], "summary": {"covered_lines": 0, "num_statements": 0, "percent_covered": 100.0, "percent_covered_display": "100", "missing_lines": 0, "excluded_lines": 1}, "missing_lines": [], "excluded_lines": [280]}, "Mission": {"executed_lines": [315, 332, 333, 334], "summary": {"covered_lines": 3, "num_statements": 3, "percent_covered": 100.0, "percent_covered_display": "100", "missing_lines": 0, "excluded_lines": 1}, "missing_lines": [], "excluded_lines": [315]}, "CV": {"executed_lines": [354], "summary": {"covered_lines": 0, "num_statements": 0, "percent_covered": 100.0, "percent_covered_display": "100", "missing_lines": 0, "excluded_lines": 1}, "missing_lines": [], "excluded_lines": [354]}, "CustomTechnology": {"executed_lines": [369], "summary": {"covered_lines": 0, "num_statements": 0, "percent_covered": 100.0, "percent_covered_display": "100", "missing_lines": 0, "excluded_lines": 1}, "missing_lines": [], "excluded_lines": [369]}, "ConsultantSalaire": {"executed_lines": [385], "summary": {"covered_lines": 0, "num_statements": 0, "percent_covered": 100.0, "percent_covered_display": "100", "missing_lines": 0, "excluded_lines": 1}, "missing_lines": [], "excluded_lines": [385]}, "Langue": {"executed_lines": [402], "summary": {"covered_lines": 0, "num_statements": 0, "percent_covered": 100.0, "percent_covered_display": "100", "missing_lines": 0, "excluded_lines": 1}, "missing_lines": [], "excluded_lines": [402]}, "ConsultantLangue": {"executed_lines": [422, 446, 453], "summary": {"covered_lines": 2, "num_statements": 2, "percent_covered": 100.0, "percent_covered_display": "100", "missing_lines": 0, "excluded_lines": 3}, "missing_lines": [], "excluded_lines": [422, 423, 424]}, "BusinessManager": {"executed_lines": [479, 494, 513, 527], "summary": {"covered_lines": 3, "num_statements": 3, "percent_covered": 100.0, "percent_covered_display": "100", "missing_lines": 0, "excluded_lines": 1}, "missing_lines": [], "excluded_lines": [479]}, "VsaMission": {"executed_lines": [], "summary": {"covered_lines": 0, "num_statements": 14, "percent_covered": 0.0, "percent_covered_display": "0", "missing_lines": 14, "excluded_lines": 1}, "missing_lines": [563, 564, 565, 570, 572, 573, 578, 579, 580, 581, 582, 583, 584, 585], "excluded_lines": [558]}, "ConsultantBusinessManager": {"executed_lines": [606, 621, 640, 641], "summary": {"covered_lines": 3, "num_statements": 3, "percent_covered": 100.0, "percent_covered_display": "100", "missing_lines": 0, "excluded_lines": 1}, "missing_lines": [], "excluded_lines": [606]}, "DashboardConfiguration": {"executed_lines": [], "summary": {"covered_lines": 0, "num_statements": 0, "percent_covered": 100.0, "percent_covered_display": "100", "missing_lines": 0, "excluded_lines": 1}, "missing_lines": [], "excluded_lines": [672]}, "DashboardWidgetInstance": {"executed_lines": [], "summary": {"covered_lines": 0, "num_statements": 0, "percent_covered": 100.0, "percent_covered_display": "100", "missing_lines": 0, "excluded_lines": 1}, "missing_lines": [], "excluded_lines": [697]}, "WidgetCatalog": {"executed_lines": [], "summary": {"covered_lines": 0, "num_statements": 0, "percent_covered": 100.0, "percent_covered_display": "100", "missing_lines": 0, "excluded_lines": 1}, "missing_lines": [], "excluded_lines": [721]}, "": {"executed_lines": [1, 7, 8, 9, 10, 11, 13, 14, 15, 16, 17, 18, 19, 20, 21, 22, 23, 24, 25, 26, 28, 32, 33, 35, 38, 39, 41, 43, 44, 45, 46, 47, 48, 51, 53, 56, 57, 62, 63, 65, 67, 68, 69, 70, 71, 72, 73, 74, 75, 76, 79, 80, 81, 82, 83, 87, 89, 92, 93, 94, 97, 98, 99, 104, 107, 108, 113, 118, 125, 133, 136, 137, 151, 152, 159, 160, 183, 184, 209, 210, 237, 238, 240, 242, 243, 245, 247, 248, 249, 252, 256, 260, 261, 263, 265, 266, 267, 268, 270, 271, 272, 273, 276, 277, 279, 283, 284, 286, 288, 289, 290, 291, 292, 293, 294, 295, 296, 297, 298, 299, 300, 303, 306, 314, 317, 318, 337, 338, 340, 342, 343, 344, 345, 346, 347, 348, 351, 353, 357, 358, 360, 362, 363, 364, 365, 366, 368, 372, 373, 375, 376, 377, 378, 379, 380, 381, 382, 384, 388, 389, 391, 393, 394, 395, 396, 399, 401, 405, 406, 408, 410, 411, 412, 413, 414, 415, 418, 419, 421, 426, 427, 456, 457, 459, 461, 462, 463, 464, 465, 466, 467, 468, 469, 472, 478, 481, 482, 496, 497, 515, 516, 530, 531, 533, 535, 536, 537, 538, 539, 540, 541, 542, 543, 544, 545, 546, 549, 557, 560, 561, 567, 568, 575, 576, 588, 589, 591, 593, 594, 595, 596, 597, 598, 599, 602, 603, 605, 608, 609, 623, 624, 649, 650, 654, 656, 657, 658, 659, 660, 661, 662, 663, 664, 665, 666, 669, 671, 675, 676, 680, 682, 683, 684, 685, 686, 687, 688, 689, 690, 691, 694, 696, 700, 701, 705, 707, 708, 709, 710, 711, 712, 713, 714, 715, 716, 717, 718, 720], "summary": {"covered_lines": 255, "num_statements": 256, "percent_covered": 99.609375, "percent_covered_display": "99", "missing_lines": 1, "excluded_lines": 16}, "missing_lines": [29], "excluded_lines": [53, 133, 256, 279, 314, 353, 368, 384, 401, 421, 478, 557, 605, 671, 696, 720]}}}, "app\\main.py": {"executed_lines": [2, 7, 8, 10, 11, 14, 17, 25, 26, 29, 31, 32, 34, 35, 36, 37, 39, 41, 43, 45, 48, 51, 52, 53, 60, 64, 65, 95, 104, 107, 109, 111, 114, 117, 119, 120, 121, 122, 123, 124, 126, 127, 129, 132, 133, 135, 136, 137, 139, 140, 141, 144, 146, 147, 150, 152, 153, 155, 156, 158, 159, 161, 162, 165], "summary": {"covered_lines": 62, "num_statements": 70, "percent_covered": 88.57142857142857, "percent_covered_display": "89", "missing_lines": 8, "excluded_lines": 2}, "missing_lines": [38, 40, 42, 44, 46, 55, 56, 57], "excluded_lines": [165, 166], "functions": {"load_module_safe": {"executed_lines": [31, 32, 34, 35, 36, 37, 39, 41, 43, 45, 48, 51, 52, 53], "summary": {"covered_lines": 14, "num_statements": 22, "percent_covered": 63.63636363636363, "percent_covered_display": "64", "missing_lines": 8, "excluded_lines": 0}, "missing_lines": [38, 40, 42, 44, 46, 55, 56, 57], "excluded_lines": []}, "show_navigation": {"executed_lines": [64, 65, 95, 104], "summary": {"covered_lines": 4, "num_statements": 4, "percent_covered": 100.0, "percent_covered_display": "100", "missing_lines": 0, "excluded_lines": 0}, "missing_lines": [], "excluded_lines": []}, "main": {"executed_lines": [109, 111, 114, 117, 119, 120, 121, 122, 123, 124, 126, 127, 129, 132, 133, 135, 136, 137, 139, 140, 141], "summary": {"covered_lines": 21, "num_statements": 21, "percent_covered": 100.0, "percent_covered_display": "100", "missing_lines": 0, "excluded_lines": 0}, "missing_lines": [], "excluded_lines": []}, "show_fallback_home": {"executed_lines": [146, 147, 150, 152, 153, 155, 156, 158, 159, 161, 162], "summary": {"covered_lines": 11, "num_statements": 11, "percent_covered": 100.0, "percent_covered_display": "100", "missing_lines": 0, "excluded_lines": 0}, "missing_lines": [], "excluded_lines": []}, "": {"executed_lines": [2, 7, 8, 10, 11, 14, 17, 25, 26, 29, 60, 107, 144, 165], "summary": {"covered_lines": 12, "num_statements": 12, "percent_covered": 100.0, "percent_covered_display": "100", "missing_lines": 0, "excluded_lines": 2}, "missing_lines": [], "excluded_lines": [165, 166]}}, "classes": {"": {"executed_lines": [2, 7, 8, 10, 11, 14, 17, 25, 26, 29, 31, 32, 34, 35, 36, 37, 39, 41, 43, 45, 48, 51, 52, 53, 60, 64, 65, 95, 104, 107, 109, 111, 114, 117, 119, 120, 121, 122, 123, 124, 126, 127, 129, 132, 133, 135, 136, 137, 139, 140, 141, 144, 146, 147, 150, 152, 153, 155, 156, 158, 159, 161, 162, 165], "summary": {"covered_lines": 62, "num_statements": 70, "percent_covered": 88.57142857142857, "percent_covered_display": "89", "missing_lines": 8, "excluded_lines": 2}, "missing_lines": [38, 40, 42, 44, 46, 55, 56, 57], "excluded_lines": [165, 166]}}}, "app\\main_simple.py": {"executed_lines": [0], "summary": {"covered_lines": 0, "num_statements": 0, "percent_covered": 100.0, "percent_covered_display": "100", "missing_lines": 0, "excluded_lines": 0}, "missing_lines": [], "excluded_lines": [], "functions": {"": {"executed_lines": [], "summary": {"covered_lines": 0, "num_statements": 0, "percent_covered": 100.0, "percent_covered_display": "100", "missing_lines": 0, "excluded_lines": 0}, "missing_lines": [], "excluded_lines": []}}, "classes": {"": {"executed_lines": [], "summary": {"covered_lines": 0, "num_statements": 0, "percent_covered": 100.0, "percent_covered_display": "100", "missing_lines": 0, "excluded_lines": 0}, "missing_lines": [], "excluded_lines": []}}}, "app\\pages_modules\\__init__.py": {"executed_lines": [1, 7, 8, 9, 10, 11, 12, 14, 15, 19, 20, 27, 28, 32, 33, 37, 38, 42, 43, 47], "summary": {"covered_lines": 19, "num_statements": 34, "percent_covered": 55.88235294117647, "percent_covered_display": "56", "missing_lines": 15, "excluded_lines": 0}, "missing_lines": [16, 17, 21, 22, 23, 24, 25, 29, 30, 34, 35, 39, 40, 44, 45], "excluded_lines": [], "functions": {"": {"executed_lines": [1, 7, 8, 9, 10, 11, 12, 14, 15, 19, 20, 27, 28, 32, 33, 37, 38, 42, 43, 47], "summary": {"covered_lines": 19, "num_statements": 34, "percent_covered": 55.88235294117647, "percent_covered_display": "56", "missing_lines": 15, "excluded_lines": 0}, "missing_lines": [16, 17, 21, 22, 23, 24, 25, 29, 30, 34, 35, 39, 40, 44, 45], "excluded_lines": []}}, "classes": {"": {"executed_lines": [1, 7, 8, 9, 10, 11, 12, 14, 15, 19, 20, 27, 28, 32, 33, 37, 38, 42, 43, 47], "summary": {"covered_lines": 19, "num_statements": 34, "percent_covered": 55.88235294117647, "percent_covered_display": "56", "missing_lines": 15, "excluded_lines": 0}, "missing_lines": [16, 17, 21, 22, 23, 24, 25, 29, 30, 34, 35, 39, 40, 44, 45], "excluded_lines": []}}}, "app\\pages_modules\\business_managers.py": {"executed_lines": [1, 2, 4, 5, 6, 8, 9, 10, 11, 12, 13, 14, 17, 18, 19, 22, 23, 24, 25, 26, 27, 28, 29, 30, 33, 34, 35, 38, 43, 46, 47, 48, 49, 50, 51, 52, 53, 54, 55, 56, 57, 58, 59, 60, 63, 66, 68, 69, 71, 72, 73, 74, 76, 79, 82, 84, 85, 86, 87, 88, 89, 121, 124, 125, 128, 129, 132, 148, 151, 156, 171, 189, 192, 193, 194, 195, 196, 198, 199, 220, 221, 224, 248, 250, 251, 253, 254, 255, 256, 258, 259, 260, 262, 264, 266, 267, 269, 270, 272, 273, 274, 276, 277, 278, 279, 294, 295, 298, 322, 325, 326, 327, 338, 344, 345, 346, 348, 349, 351, 352, 354, 356, 357, 394, 395, 396, 399, 400, 402, 403, 406, 426, 441, 456, 492, 495, 516, 519, 528, 529, 554, 556, 557, 558, 559, 560, 561, 566, 585, 587, 588, 589, 590, 591, 592, 593, 594, 595, 596, 597, 602, 627, 629, 631, 636, 637, 648, 649, 652, 655, 668, 671, 672, 674, 675, 676, 701, 704, 706, 709, 710, 711, 712, 713, 721, 722, 723, 724, 725, 726, 733, 736, 738, 739, 740, 741, 744, 745, 746, 751, 761, 762, 764, 770, 773, 797, 799, 883, 884, 887, 912, 914, 978, 979, 982, 1007, 1014, 1016, 1017, 1018, 1019, 1024, 1026, 1032, 1035, 1038, 1042, 1045, 1048, 1057, 1058, 1061, 1089, 1091, 1156, 1184, 1186, 1187, 1189, 1191, 1192, 1193, 1197, 1284, 1285, 1291, 1326, 1358, 1379, 1392, 1405, 1407, 1486, 1488, 1489, 1511, 1514, 1517, 1518, 1536, 1598], "summary": {"covered_lines": 261, "num_statements": 613, "percent_covered": 42.57748776508972, "percent_covered_display": "43", "missing_lines": 352, "excluded_lines": 0}, "missing_lines": [90, 92, 94, 105, 108, 110, 112, 113, 114, 116, 117, 118, 152, 153, 158, 159, 161, 162, 164, 165, 167, 168, 200, 202, 203, 204, 205, 206, 209, 210, 213, 215, 218, 280, 281, 282, 283, 284, 285, 286, 287, 289, 290, 291, 292, 358, 360, 371, 372, 373, 377, 379, 382, 383, 384, 386, 387, 388, 389, 391, 392, 397, 429, 431, 432, 434, 435, 437, 438, 443, 458, 471, 472, 475, 476, 477, 478, 479, 480, 482, 484, 498, 500, 531, 532, 533, 534, 535, 537, 538, 540, 542, 544, 545, 546, 548, 550, 551, 562, 563, 568, 569, 571, 572, 574, 575, 576, 577, 579, 580, 581, 582, 598, 599, 632, 633, 638, 639, 640, 643, 646, 679, 690, 692, 697, 699, 812, 815, 819, 820, 823, 825, 826, 827, 828, 831, 834, 837, 839, 842, 843, 844, 847, 850, 856, 857, 859, 860, 862, 864, 865, 867, 869, 870, 873, 874, 877, 879, 880, 881, 922, 923, 924, 927, 928, 929, 930, 936, 947, 949, 964, 965, 967, 969, 970, 972, 973, 975, 976, 1021, 1022, 1027, 1028, 1029, 1039, 1051, 1052, 1055, 1092, 1094, 1095, 1096, 1097, 1099, 1100, 1101, 1103, 1109, 1111, 1113, 1114, 1115, 1117, 1118, 1119, 1121, 1122, 1124, 1128, 1129, 1130, 1133, 1143, 1144, 1146, 1147, 1150, 1152, 1153, 1199, 1200, 1202, 1203, 1205, 1206, 1208, 1209, 1210, 1213, 1215, 1232, 1234, 1235, 1236, 1237, 1244, 1246, 1247, 1249, 1252, 1255, 1256, 1258, 1270, 1271, 1272, 1273, 1274, 1281, 1282, 1293, 1294, 1296, 1297, 1298, 1301, 1312, 1314, 1319, 1321, 1323, 1328, 1331, 1332, 1333, 1334, 1335, 1343, 1344, 1345, 1346, 1347, 1348, 1355, 1360, 1361, 1364, 1365, 1366, 1367, 1369, 1370, 1372, 1375, 1376, 1381, 1388, 1389, 1394, 1395, 1397, 1398, 1399, 1491, 1492, 1498, 1519, 1520, 1521, 1522, 1523, 1524, 1525, 1526, 1527, 1528, 1529, 1530, 1531, 1533, 1538, 1540, 1541, 1543, 1545, 1548, 1553, 1555, 1556, 1557, 1558, 1559, 1561, 1562, 1563, 1564, 1565, 1567, 1569, 1578, 1579, 1581, 1582, 1584, 1585, 1587, 1588, 1591, 1592, 1600, 1601, 1603, 1604, 1606, 1607, 1608, 1610, 1611, 1612, 1614, 1615, 1616], "excluded_lines": [], "functions": {"_validate_and_convert_bm_id": {"executed_lines": [46, 47, 48, 49, 50, 51, 52, 53, 54, 55, 56, 57, 58, 59, 60], "summary": {"covered_lines": 15, "num_statements": 15, "percent_covered": 100.0, "percent_covered_display": "100", "missing_lines": 0, "excluded_lines": 0}, "missing_lines": [], "excluded_lines": []}, "_display_bm_header_and_info": {"executed_lines": [66, 68, 69, 71, 72, 73, 74, 76], "summary": {"covered_lines": 8, "num_statements": 8, "percent_covered": 100.0, "percent_covered_display": "100", "missing_lines": 0, "excluded_lines": 0}, "missing_lines": [], "excluded_lines": []}, "_display_bm_general_info": {"executed_lines": [82, 84, 85, 86, 87, 88, 89], "summary": {"covered_lines": 7, "num_statements": 19, "percent_covered": 36.8421052631579, "percent_covered_display": "37", "missing_lines": 12, "excluded_lines": 0}, "missing_lines": [90, 92, 94, 105, 108, 110, 112, 113, 114, 116, 117, 118], "excluded_lines": []}, "_handle_bm_form_actions": {"executed_lines": [124, 125, 128, 129], "summary": {"covered_lines": 4, "num_statements": 4, "percent_covered": 100.0, "percent_covered_display": "100", "missing_lines": 0, "excluded_lines": 0}, "missing_lines": [], "excluded_lines": []}, "show": {"executed_lines": [148, 151, 156], "summary": {"covered_lines": 3, "num_statements": 13, "percent_covered": 23.076923076923077, "percent_covered_display": "23", "missing_lines": 10, "excluded_lines": 0}, "missing_lines": [152, 153, 158, 159, 161, 162, 164, 165, 167, 168], "excluded_lines": []}, "show_bm_profile": {"executed_lines": [189, 192, 193, 194, 195, 196, 198, 199, 220, 221], "summary": {"covered_lines": 10, "num_statements": 21, "percent_covered": 47.61904761904762, "percent_covered_display": "48", "missing_lines": 11, "excluded_lines": 0}, "missing_lines": [200, 202, 203, 204, 205, 206, 209, 210, 213, 215, 218], "excluded_lines": []}, "show_edit_bm_form": {"executed_lines": [248, 250, 251, 253, 254, 255, 256, 258, 259, 260, 262, 264, 266, 267, 269, 270, 272, 273, 274, 276, 277, 278, 279, 294, 295], "summary": {"covered_lines": 25, "num_statements": 37, "percent_covered": 67.56756756756756, "percent_covered_display": "68", "missing_lines": 12, "excluded_lines": 0}, "missing_lines": [280, 281, 282, 283, 284, 285, 286, 287, 289, 290, 291, 292], "excluded_lines": []}, "show_delete_bm_confirmation": {"executed_lines": [322, 325, 326, 327, 338, 344, 345, 346, 348, 349, 351, 352, 354, 356, 357, 394, 395, 396, 399, 400, 402, 403], "summary": {"covered_lines": 22, "num_statements": 39, "percent_covered": 56.41025641025641, "percent_covered_display": "56", "missing_lines": 17, "excluded_lines": 0}, "missing_lines": [358, 360, 371, 372, 373, 377, 379, 382, 383, 384, 386, 387, 388, 389, 391, 392, 397], "excluded_lines": []}, "show_bm_consultants_management": {"executed_lines": [426], "summary": {"covered_lines": 1, "num_statements": 8, "percent_covered": 12.5, "percent_covered_display": "12", "missing_lines": 7, "excluded_lines": 0}, "missing_lines": [429, 431, 432, 434, 435, 437, 438], "excluded_lines": []}, "_get_current_assignments": {"executed_lines": [], "summary": {"covered_lines": 0, "num_statements": 1, "percent_covered": 0.0, "percent_covered_display": "0", "missing_lines": 1, "excluded_lines": 0}, "missing_lines": [443], "excluded_lines": []}, "_get_mission_data": {"executed_lines": [], "summary": {"covered_lines": 0, "num_statements": 11, "percent_covered": 0.0, "percent_covered_display": "0", "missing_lines": 11, "excluded_lines": 0}, "missing_lines": [458, 471, 472, 475, 476, 477, 478, 479, 480, 482, 484], "excluded_lines": []}, "_format_consultant_data": {"executed_lines": [495], "summary": {"covered_lines": 1, "num_statements": 3, "percent_covered": 33.333333333333336, "percent_covered_display": "33", "missing_lines": 2, "excluded_lines": 0}, "missing_lines": [498, 500], "excluded_lines": []}, "_handle_assignment_selection": {"executed_lines": [519, 528, 529], "summary": {"covered_lines": 3, "num_statements": 18, "percent_covered": 16.666666666666668, "percent_covered_display": "17", "missing_lines": 15, "excluded_lines": 0}, "missing_lines": [531, 532, 533, 534, 535, 537, 538, 540, 542, 544, 545, 546, 548, 550, 551], "excluded_lines": []}, "_end_assignment": {"executed_lines": [556, 557, 558, 559, 560, 561], "summary": {"covered_lines": 6, "num_statements": 8, "percent_covered": 75.0, "percent_covered_display": "75", "missing_lines": 2, "excluded_lines": 0}, "missing_lines": [562, 563], "excluded_lines": []}, "_handle_comment_form": {"executed_lines": [], "summary": {"covered_lines": 0, "num_statements": 12, "percent_covered": 0.0, "percent_covered_display": "0", "missing_lines": 12, "excluded_lines": 0}, "missing_lines": [568, 569, 571, 572, 574, 575, 576, 577, 579, 580, 581, 582], "excluded_lines": []}, "_add_comment_to_assignment": {"executed_lines": [587, 588, 589, 590, 591, 592, 593, 594, 595, 596, 597], "summary": {"covered_lines": 11, "num_statements": 13, "percent_covered": 84.61538461538461, "percent_covered_display": "85", "missing_lines": 2, "excluded_lines": 0}, "missing_lines": [598, 599], "excluded_lines": []}, "show_current_bm_consultants": {"executed_lines": [627, 629, 631, 636, 637, 648, 649], "summary": {"covered_lines": 7, "num_statements": 14, "percent_covered": 50.0, "percent_covered_display": "50", "missing_lines": 7, "excluded_lines": 0}, "missing_lines": [632, 633, 638, 639, 640, 643, 646], "excluded_lines": []}, "_get_consultant_assignment_status": {"executed_lines": [655, 668, 671, 672, 674, 675, 676, 701], "summary": {"covered_lines": 8, "num_statements": 13, "percent_covered": 61.53846153846154, "percent_covered_display": "62", "missing_lines": 5, "excluded_lines": 0}, "missing_lines": [679, 690, 692, 697, 699], "excluded_lines": []}, "_build_consultant_options": {"executed_lines": [706, 709, 710, 711, 712, 713, 721, 722, 723, 724, 725, 726, 733], "summary": {"covered_lines": 13, "num_statements": 13, "percent_covered": 100.0, "percent_covered_display": "100", "missing_lines": 0, "excluded_lines": 0}, "missing_lines": [], "excluded_lines": []}, "_process_assignment_creation": {"executed_lines": [738, 739, 740, 741, 744, 745, 746, 751, 761, 762, 764, 770], "summary": {"covered_lines": 12, "num_statements": 12, "percent_covered": 100.0, "percent_covered_display": "100", "missing_lines": 0, "excluded_lines": 0}, "missing_lines": [], "excluded_lines": []}, "show_add_bm_assignment": {"executed_lines": [797, 799, 883, 884], "summary": {"covered_lines": 4, "num_statements": 38, "percent_covered": 10.526315789473685, "percent_covered_display": "11", "missing_lines": 34, "excluded_lines": 0}, "missing_lines": [812, 815, 819, 820, 823, 825, 826, 827, 828, 831, 834, 837, 839, 842, 843, 844, 847, 850, 856, 857, 859, 860, 862, 864, 865, 867, 869, 870, 873, 874, 877, 879, 880, 881], "excluded_lines": []}, "show_bm_assignments_history": {"executed_lines": [912, 914, 978, 979], "summary": {"covered_lines": 4, "num_statements": 23, "percent_covered": 17.391304347826086, "percent_covered_display": "17", "missing_lines": 19, "excluded_lines": 0}, "missing_lines": [922, 923, 924, 927, 928, 929, 930, 936, 947, 949, 964, 965, 967, 969, 970, 972, 973, 975, 976], "excluded_lines": []}, "show_business_managers_list": {"executed_lines": [1007, 1014, 1016, 1017, 1018, 1019, 1024, 1026, 1032, 1035, 1038, 1042, 1045, 1048, 1057, 1058], "summary": {"covered_lines": 16, "num_statements": 25, "percent_covered": 64.0, "percent_covered_display": "64", "missing_lines": 9, "excluded_lines": 0}, "missing_lines": [1021, 1022, 1027, 1028, 1029, 1039, 1051, 1052, 1055], "excluded_lines": []}, "show_add_business_manager": {"executed_lines": [1089, 1091], "summary": {"covered_lines": 2, "num_statements": 33, "percent_covered": 6.0606060606060606, "percent_covered_display": "6", "missing_lines": 31, "excluded_lines": 0}, "missing_lines": [1092, 1094, 1095, 1096, 1097, 1099, 1100, 1101, 1103, 1109, 1111, 1113, 1114, 1115, 1117, 1118, 1119, 1121, 1122, 1124, 1128, 1129, 1130, 1133, 1143, 1144, 1146, 1147, 1150, 1152, 1153], "excluded_lines": []}, "show_statistics": {"executed_lines": [1184, 1186, 1187, 1189, 1191, 1192, 1193, 1197, 1284, 1285], "summary": {"covered_lines": 10, "num_statements": 41, "percent_covered": 24.390243902439025, "percent_covered_display": "24", "missing_lines": 31, "excluded_lines": 0}, "missing_lines": [1199, 1200, 1202, 1203, 1205, 1206, 1208, 1209, 1210, 1213, 1215, 1232, 1234, 1235, 1236, 1237, 1244, 1246, 1247, 1249, 1252, 1255, 1256, 1258, 1270, 1271, 1272, 1273, 1274, 1281, 1282], "excluded_lines": []}, "_separate_consultants_by_status": {"executed_lines": [], "summary": {"covered_lines": 0, "num_statements": 11, "percent_covered": 0.0, "percent_covered_display": "0", "missing_lines": 11, "excluded_lines": 0}, "missing_lines": [1293, 1294, 1296, 1297, 1298, 1301, 1312, 1314, 1319, 1321, 1323], "excluded_lines": []}, "_build_consultant_options_for_assignment": {"executed_lines": [], "summary": {"covered_lines": 0, "num_statements": 13, "percent_covered": 0.0, "percent_covered_display": "0", "missing_lines": 13, "excluded_lines": 0}, "missing_lines": [1328, 1331, 1332, 1333, 1334, 1335, 1343, 1344, 1345, 1346, 1347, 1348, 1355], "excluded_lines": []}, "_handle_assignment_transfer": {"executed_lines": [], "summary": {"covered_lines": 0, "num_statements": 11, "percent_covered": 0.0, "percent_covered_display": "0", "missing_lines": 11, "excluded_lines": 0}, "missing_lines": [1360, 1361, 1364, 1365, 1366, 1367, 1369, 1370, 1372, 1375, 1376], "excluded_lines": []}, "_create_new_assignment": {"executed_lines": [], "summary": {"covered_lines": 0, "num_statements": 3, "percent_covered": 0.0, "percent_covered_display": "0", "missing_lines": 3, "excluded_lines": 0}, "missing_lines": [1381, 1388, 1389], "excluded_lines": []}, "_display_assignment_success_message": {"executed_lines": [], "summary": {"covered_lines": 0, "num_statements": 5, "percent_covered": 0.0, "percent_covered_display": "0", "missing_lines": 5, "excluded_lines": 0}, "missing_lines": [1394, 1395, 1397, 1398, 1399], "excluded_lines": []}, "_apply_bm_list_css": {"executed_lines": [1407], "summary": {"covered_lines": 1, "num_statements": 1, "percent_covered": 100.0, "percent_covered_display": "100", "missing_lines": 0, "excluded_lines": 0}, "missing_lines": [], "excluded_lines": []}, "_build_bm_data_table": {"executed_lines": [1488, 1489, 1511], "summary": {"covered_lines": 3, "num_statements": 6, "percent_covered": 50.0, "percent_covered_display": "50", "missing_lines": 3, "excluded_lines": 0}, "missing_lines": [1491, 1492, 1498], "excluded_lines": []}, "_display_bm_table_header": {"executed_lines": [1517, 1518], "summary": {"covered_lines": 2, "num_statements": 16, "percent_covered": 12.5, "percent_covered_display": "12", "missing_lines": 14, "excluded_lines": 0}, "missing_lines": [1519, 1520, 1521, 1522, 1523, 1524, 1525, 1526, 1527, 1528, 1529, 1530, 1531, 1533], "excluded_lines": []}, "_display_bm_table_row": {"executed_lines": [], "summary": {"covered_lines": 0, "num_statements": 29, "percent_covered": 0.0, "percent_covered_display": "0", "missing_lines": 29, "excluded_lines": 0}, "missing_lines": [1538, 1540, 1541, 1543, 1545, 1548, 1553, 1555, 1556, 1557, 1558, 1559, 1561, 1562, 1563, 1564, 1565, 1567, 1569, 1578, 1579, 1581, 1582, 1584, 1585, 1587, 1588, 1591, 1592], "excluded_lines": []}, "_display_bm_metrics": {"executed_lines": [], "summary": {"covered_lines": 0, "num_statements": 13, "percent_covered": 0.0, "percent_covered_display": "0", "missing_lines": 13, "excluded_lines": 0}, "missing_lines": [1600, 1601, 1603, 1604, 1606, 1607, 1608, 1610, 1611, 1612, 1614, 1615, 1616], "excluded_lines": []}, "": {"executed_lines": [1, 2, 4, 5, 6, 8, 9, 10, 11, 12, 13, 14, 17, 18, 19, 22, 23, 24, 25, 26, 27, 28, 29, 30, 33, 34, 35, 38, 43, 63, 79, 121, 132, 171, 224, 298, 406, 441, 456, 492, 516, 554, 566, 585, 602, 652, 704, 736, 773, 887, 982, 1061, 1156, 1291, 1326, 1358, 1379, 1392, 1405, 1486, 1514, 1536, 1598], "summary": {"covered_lines": 63, "num_statements": 63, "percent_covered": 100.0, "percent_covered_display": "100", "missing_lines": 0, "excluded_lines": 0}, "missing_lines": [], "excluded_lines": []}}, "classes": {"": {"executed_lines": [1, 2, 4, 5, 6, 8, 9, 10, 11, 12, 13, 14, 17, 18, 19, 22, 23, 24, 25, 26, 27, 28, 29, 30, 33, 34, 35, 38, 43, 46, 47, 48, 49, 50, 51, 52, 53, 54, 55, 56, 57, 58, 59, 60, 63, 66, 68, 69, 71, 72, 73, 74, 76, 79, 82, 84, 85, 86, 87, 88, 89, 121, 124, 125, 128, 129, 132, 148, 151, 156, 171, 189, 192, 193, 194, 195, 196, 198, 199, 220, 221, 224, 248, 250, 251, 253, 254, 255, 256, 258, 259, 260, 262, 264, 266, 267, 269, 270, 272, 273, 274, 276, 277, 278, 279, 294, 295, 298, 322, 325, 326, 327, 338, 344, 345, 346, 348, 349, 351, 352, 354, 356, 357, 394, 395, 396, 399, 400, 402, 403, 406, 426, 441, 456, 492, 495, 516, 519, 528, 529, 554, 556, 557, 558, 559, 560, 561, 566, 585, 587, 588, 589, 590, 591, 592, 593, 594, 595, 596, 597, 602, 627, 629, 631, 636, 637, 648, 649, 652, 655, 668, 671, 672, 674, 675, 676, 701, 704, 706, 709, 710, 711, 712, 713, 721, 722, 723, 724, 725, 726, 733, 736, 738, 739, 740, 741, 744, 745, 746, 751, 761, 762, 764, 770, 773, 797, 799, 883, 884, 887, 912, 914, 978, 979, 982, 1007, 1014, 1016, 1017, 1018, 1019, 1024, 1026, 1032, 1035, 1038, 1042, 1045, 1048, 1057, 1058, 1061, 1089, 1091, 1156, 1184, 1186, 1187, 1189, 1191, 1192, 1193, 1197, 1284, 1285, 1291, 1326, 1358, 1379, 1392, 1405, 1407, 1486, 1488, 1489, 1511, 1514, 1517, 1518, 1536, 1598], "summary": {"covered_lines": 261, "num_statements": 613, "percent_covered": 42.57748776508972, "percent_covered_display": "43", "missing_lines": 352, "excluded_lines": 0}, "missing_lines": [90, 92, 94, 105, 108, 110, 112, 113, 114, 116, 117, 118, 152, 153, 158, 159, 161, 162, 164, 165, 167, 168, 200, 202, 203, 204, 205, 206, 209, 210, 213, 215, 218, 280, 281, 282, 283, 284, 285, 286, 287, 289, 290, 291, 292, 358, 360, 371, 372, 373, 377, 379, 382, 383, 384, 386, 387, 388, 389, 391, 392, 397, 429, 431, 432, 434, 435, 437, 438, 443, 458, 471, 472, 475, 476, 477, 478, 479, 480, 482, 484, 498, 500, 531, 532, 533, 534, 535, 537, 538, 540, 542, 544, 545, 546, 548, 550, 551, 562, 563, 568, 569, 571, 572, 574, 575, 576, 577, 579, 580, 581, 582, 598, 599, 632, 633, 638, 639, 640, 643, 646, 679, 690, 692, 697, 699, 812, 815, 819, 820, 823, 825, 826, 827, 828, 831, 834, 837, 839, 842, 843, 844, 847, 850, 856, 857, 859, 860, 862, 864, 865, 867, 869, 870, 873, 874, 877, 879, 880, 881, 922, 923, 924, 927, 928, 929, 930, 936, 947, 949, 964, 965, 967, 969, 970, 972, 973, 975, 976, 1021, 1022, 1027, 1028, 1029, 1039, 1051, 1052, 1055, 1092, 1094, 1095, 1096, 1097, 1099, 1100, 1101, 1103, 1109, 1111, 1113, 1114, 1115, 1117, 1118, 1119, 1121, 1122, 1124, 1128, 1129, 1130, 1133, 1143, 1144, 1146, 1147, 1150, 1152, 1153, 1199, 1200, 1202, 1203, 1205, 1206, 1208, 1209, 1210, 1213, 1215, 1232, 1234, 1235, 1236, 1237, 1244, 1246, 1247, 1249, 1252, 1255, 1256, 1258, 1270, 1271, 1272, 1273, 1274, 1281, 1282, 1293, 1294, 1296, 1297, 1298, 1301, 1312, 1314, 1319, 1321, 1323, 1328, 1331, 1332, 1333, 1334, 1335, 1343, 1344, 1345, 1346, 1347, 1348, 1355, 1360, 1361, 1364, 1365, 1366, 1367, 1369, 1370, 1372, 1375, 1376, 1381, 1388, 1389, 1394, 1395, 1397, 1398, 1399, 1491, 1492, 1498, 1519, 1520, 1521, 1522, 1523, 1524, 1525, 1526, 1527, 1528, 1529, 1530, 1531, 1533, 1538, 1540, 1541, 1543, 1545, 1548, 1553, 1555, 1556, 1557, 1558, 1559, 1561, 1562, 1563, 1564, 1565, 1567, 1569, 1578, 1579, 1581, 1582, 1584, 1585, 1587, 1588, 1591, 1592, 1600, 1601, 1603, 1604, 1606, 1607, 1608, 1610, 1611, 1612, 1614, 1615, 1616], "excluded_lines": []}}}, "app\\pages_modules\\chatbot.py": {"executed_lines": [1, 6, 7, 8, 10, 13, 16, 17, 24, 27, 28, 31, 32, 35, 36, 39, 55, 58, 60, 61, 62, 63, 66, 71, 73, 75, 80, 83, 84, 87, 88, 89, 91, 94, 95, 96, 99, 102, 103, 106, 107, 110, 120, 122, 123, 124, 127, 132, 135, 138, 141, 144, 145, 147, 148, 150, 152, 153, 154, 156, 157, 158, 160, 161, 163, 164, 166, 167, 169, 171, 172, 173, 174, 180, 181, 182, 183, 186, 187, 188, 189, 192, 195, 196, 199, 200, 201, 203, 205, 208, 209, 211, 212, 214, 215, 235, 236, 246, 247, 250, 251, 252, 254, 255, 257, 258, 260, 261, 264], "summary": {"covered_lines": 107, "num_statements": 113, "percent_covered": 94.69026548672566, "percent_covered_display": "95", "missing_lines": 6, "excluded_lines": 2}, "missing_lines": [18, 20, 21, 67, 68, 202], "excluded_lines": [264, 265], "functions": {"show": {"executed_lines": [27, 28, 31, 32, 35, 36, 39, 55, 58, 60, 61, 62, 63, 66, 71, 73, 75, 80, 83, 84, 87, 88, 89, 91, 94, 95, 96, 99, 102, 103, 106, 107, 110, 120, 122, 123, 124, 127, 132, 135, 138], "summary": {"covered_lines": 41, "num_statements": 43, "percent_covered": 95.34883720930233, "percent_covered_display": "95", "missing_lines": 2, "excluded_lines": 0}, "missing_lines": [67, 68], "excluded_lines": []}, "show_data_insights": {"executed_lines": [144, 145, 147, 148, 150, 152, 153, 154, 156, 157, 158, 160, 161, 163, 164, 166, 167, 169, 171, 172, 173, 174, 180, 181, 182, 183, 186, 187, 188, 189], "summary": {"covered_lines": 30, "num_statements": 30, "percent_covered": 100.0, "percent_covered_display": "100", "missing_lines": 0, "excluded_lines": 0}, "missing_lines": [], "excluded_lines": []}, "show_sidebar": {"executed_lines": [195, 196, 199, 200, 201, 203, 205, 208, 209, 211, 212, 214, 215, 235, 236, 246, 247, 250, 251, 252, 254, 255, 257, 258, 260, 261], "summary": {"covered_lines": 26, "num_statements": 27, "percent_covered": 96.29629629629629, "percent_covered_display": "96", "missing_lines": 1, "excluded_lines": 0}, "missing_lines": [202], "excluded_lines": []}, "": {"executed_lines": [1, 6, 7, 8, 10, 13, 16, 17, 24, 141, 192, 264], "summary": {"covered_lines": 10, "num_statements": 13, "percent_covered": 76.92307692307692, "percent_covered_display": "77", "missing_lines": 3, "excluded_lines": 2}, "missing_lines": [18, 20, 21], "excluded_lines": [264, 265]}}, "classes": {"": {"executed_lines": [1, 6, 7, 8, 10, 13, 16, 17, 24, 27, 28, 31, 32, 35, 36, 39, 55, 58, 60, 61, 62, 63, 66, 71, 73, 75, 80, 83, 84, 87, 88, 89, 91, 94, 95, 96, 99, 102, 103, 106, 107, 110, 120, 122, 123, 124, 127, 132, 135, 138, 141, 144, 145, 147, 148, 150, 152, 153, 154, 156, 157, 158, 160, 161, 163, 164, 166, 167, 169, 171, 172, 173, 174, 180, 181, 182, 183, 186, 187, 188, 189, 192, 195, 196, 199, 200, 201, 203, 205, 208, 209, 211, 212, 214, 215, 235, 236, 246, 247, 250, 251, 252, 254, 255, 257, 258, 260, 261, 264], "summary": {"covered_lines": 107, "num_statements": 113, "percent_covered": 94.69026548672566, "percent_covered_display": "95", "missing_lines": 6, "excluded_lines": 2}, "missing_lines": [18, 20, 21, 67, 68, 202], "excluded_lines": [264, 265]}}}, "app\\pages_modules\\consultant_cv.py": {"executed_lines": [1, 6, 7, 8, 9, 10, 11, 13, 16, 17, 18, 22, 23, 24, 25, 27, 28, 29, 36, 38, 41, 44, 45, 46, 48, 50, 51, 52, 54, 55, 56, 58, 59, 61, 62, 63, 66, 68, 69, 73, 75, 76, 77, 79, 80, 81, 84, 87, 88, 89, 91, 92, 93, 94, 96, 99, 102, 103, 104, 107, 110, 113, 114, 115, 117, 119, 121, 122, 123, 125, 126, 127, 129, 131, 132, 135, 140, 151, 154, 157, 159, 161, 162, 163, 165, 166, 167, 169, 170, 171, 172, 175, 177, 179, 180, 181, 183, 184, 185, 188, 191, 194, 220, 232, 241, 242, 243, 245, 246, 249, 250, 251, 253, 256, 259, 260, 280, 283, 284, 285, 340, 343, 344, 346, 348, 350, 351, 353, 355, 356, 357, 358, 360, 361, 363, 365, 366, 369, 372, 375, 376, 377, 380, 381, 382, 385, 386, 388, 390, 394, 397, 400, 403, 405, 408, 409, 410, 413, 414, 415, 418, 419, 420, 422, 423, 426, 427, 428, 429, 430, 432, 433, 436, 437, 438, 443, 446, 448, 449, 451, 457, 464, 465, 466, 467, 470, 476, 527, 528, 531, 534, 535, 537, 538, 575, 576, 577, 580, 583, 586, 587, 601, 602, 603, 606, 607, 610, 611, 612, 613, 616, 623, 624, 625, 628, 631, 639, 646, 649, 652, 654, 655, 657, 658, 660, 661, 663, 672, 673, 676, 679, 680, 682, 702, 704, 705, 706, 708, 709, 710, 712, 713, 714, 716, 717, 719, 722, 723, 726, 734, 736, 737, 740, 743, 745, 746, 747, 748, 800, 803, 805, 807, 808, 810, 813, 815, 816, 818, 819, 820, 824, 825, 827, 828, 830, 831, 834, 835, 836, 837, 840, 849, 850, 852, 854, 855, 861, 863, 864, 866, 867, 868, 869, 870, 873, 876, 877, 879, 883, 884, 889, 891, 892, 894, 895, 896], "summary": {"covered_lines": 305, "num_statements": 420, "percent_covered": 72.61904761904762, "percent_covered_display": "73", "missing_lines": 115, "excluded_lines": 0}, "missing_lines": [19, 30, 31, 32, 33, 35, 136, 137, 141, 142, 143, 144, 145, 146, 147, 148, 247, 262, 263, 264, 274, 276, 277, 287, 288, 290, 292, 294, 303, 304, 307, 316, 317, 318, 321, 323, 331, 332, 334, 336, 337, 387, 389, 391, 395, 440, 468, 478, 479, 481, 482, 488, 495, 502, 504, 505, 506, 508, 522, 523, 525, 540, 541, 542, 545, 546, 548, 549, 550, 551, 554, 556, 558, 570, 571, 573, 588, 591, 593, 594, 595, 596, 597, 598, 720, 750, 752, 759, 762, 765, 766, 767, 769, 771, 772, 774, 775, 777, 778, 781, 782, 783, 784, 786, 787, 788, 789, 791, 792, 793, 794, 796, 797, 821, 886], "excluded_lines": [], "functions": {"show_cv_missions": {"executed_lines": [44, 45, 46, 48, 50, 51, 52, 54, 55, 56, 58, 59, 61, 62, 63, 66, 68, 69, 73, 75, 76, 77, 79, 80, 81], "summary": {"covered_lines": 25, "num_statements": 25, "percent_covered": 100.0, "percent_covered_display": "100", "missing_lines": 0, "excluded_lines": 0}, "missing_lines": [], "excluded_lines": []}, "show_cv_skills": {"executed_lines": [87, 88, 89, 91, 92, 93, 94, 96, 99, 102, 103, 104, 107], "summary": {"covered_lines": 13, "num_statements": 13, "percent_covered": 100.0, "percent_covered_display": "100", "missing_lines": 0, "excluded_lines": 0}, "missing_lines": [], "excluded_lines": []}, "show_cv_summary": {"executed_lines": [113, 114, 115, 117, 119, 121, 122, 123, 125, 126, 127, 129, 131, 132, 135, 140, 151], "summary": {"covered_lines": 17, "num_statements": 27, "percent_covered": 62.96296296296296, "percent_covered_display": "63", "missing_lines": 10, "excluded_lines": 0}, "missing_lines": [136, 137, 141, 142, 143, 144, 145, 146, 147, 148], "excluded_lines": []}, "show_cv_actions": {"executed_lines": [157, 159, 161, 162, 163, 165, 166, 167, 169, 170, 171, 172, 175, 177, 179, 180, 181, 183, 184, 185], "summary": {"covered_lines": 20, "num_statements": 20, "percent_covered": 100.0, "percent_covered_display": "100", "missing_lines": 0, "excluded_lines": 0}, "missing_lines": [], "excluded_lines": []}, "categorize_skill": {"executed_lines": [191, 194, 220, 232, 241, 242, 243, 245, 246, 249, 250, 251, 253], "summary": {"covered_lines": 13, "num_statements": 14, "percent_covered": 92.85714285714286, "percent_covered_display": "93", "missing_lines": 1, "excluded_lines": 0}, "missing_lines": [247], "excluded_lines": []}, "check_existing_skill": {"executed_lines": [259, 260], "summary": {"covered_lines": 2, "num_statements": 8, "percent_covered": 25.0, "percent_covered_display": "25", "missing_lines": 6, "excluded_lines": 0}, "missing_lines": [262, 263, 264, 274, 276, 277], "excluded_lines": []}, "add_skill_from_cv": {"executed_lines": [283, 284, 285], "summary": {"covered_lines": 3, "num_statements": 21, "percent_covered": 14.285714285714286, "percent_covered_display": "14", "missing_lines": 18, "excluded_lines": 0}, "missing_lines": [287, 288, 290, 292, 294, 303, 304, 307, 316, 317, 318, 321, 323, 331, 332, 334, 336, 337], "excluded_lines": []}, "show_cv_skills_statistics": {"executed_lines": [343, 344, 346, 348, 350, 351, 353, 355, 356, 357, 358, 360, 361, 363, 365, 366], "summary": {"covered_lines": 16, "num_statements": 16, "percent_covered": 100.0, "percent_covered_display": "100", "missing_lines": 0, "excluded_lines": 0}, "missing_lines": [], "excluded_lines": []}, "calculate_cv_quality_score": {"executed_lines": [372, 375, 376, 377, 380, 381, 382, 385, 386, 388, 390, 394, 397], "summary": {"covered_lines": 13, "num_statements": 17, "percent_covered": 76.47058823529412, "percent_covered_display": "76", "missing_lines": 4, "excluded_lines": 0}, "missing_lines": [387, 389, 391, 395], "excluded_lines": []}, "show_cv_recommendations": {"executed_lines": [403, 405, 408, 409, 410, 413, 414, 415, 418, 419, 420, 422, 423, 426, 427, 428, 429, 430, 432, 433, 436, 437, 438], "summary": {"covered_lines": 23, "num_statements": 24, "percent_covered": 95.83333333333333, "percent_covered_display": "96", "missing_lines": 1, "excluded_lines": 0}, "missing_lines": [440], "excluded_lines": []}, "create_mission_from_cv": {"executed_lines": [446, 448, 449, 451, 457, 464, 465, 466, 467, 470, 476, 527, 528], "summary": {"covered_lines": 13, "num_statements": 28, "percent_covered": 46.42857142857143, "percent_covered_display": "46", "missing_lines": 15, "excluded_lines": 0}, "missing_lines": [468, 478, 479, 481, 482, 488, 495, 502, 504, 505, 506, 508, 522, 523, 525], "excluded_lines": []}, "save_mission_from_cv": {"executed_lines": [534, 535, 537, 538, 575, 576, 577], "summary": {"covered_lines": 7, "num_statements": 22, "percent_covered": 31.818181818181817, "percent_covered_display": "32", "missing_lines": 15, "excluded_lines": 0}, "missing_lines": [540, 541, 542, 545, 546, 548, 549, 550, 551, 554, 556, 558, 570, 571, 573], "excluded_lines": []}, "analyze_mission_details": {"executed_lines": [583, 586, 587, 601, 602, 603, 606, 607, 610, 611, 612, 613, 616, 623, 624, 625], "summary": {"covered_lines": 16, "num_statements": 24, "percent_covered": 66.66666666666667, "percent_covered_display": "67", "missing_lines": 8, "excluded_lines": 0}, "missing_lines": [588, 591, 593, 594, 595, 596, 597, 598], "excluded_lines": []}, "copy_mission_to_clipboard": {"executed_lines": [631, 639, 646], "summary": {"covered_lines": 3, "num_statements": 3, "percent_covered": 100.0, "percent_covered_display": "100", "missing_lines": 0, "excluded_lines": 0}, "missing_lines": [], "excluded_lines": []}, "save_cv_analysis_to_profile": {"executed_lines": [652, 654, 655, 657, 658, 660, 661, 663, 672, 673], "summary": {"covered_lines": 10, "num_statements": 10, "percent_covered": 100.0, "percent_covered_display": "100", "missing_lines": 0, "excluded_lines": 0}, "missing_lines": [], "excluded_lines": []}, "generate_cv_analysis_report": {"executed_lines": [679, 680, 682, 702, 704, 705, 706, 708, 709, 710, 712, 713, 714, 716, 717, 719, 722, 723, 726, 734, 736, 737], "summary": {"covered_lines": 22, "num_statements": 23, "percent_covered": 95.65217391304348, "percent_covered_display": "96", "missing_lines": 1, "excluded_lines": 0}, "missing_lines": [720], "excluded_lines": []}, "compare_cv_with_profile": {"executed_lines": [743, 745, 746, 747, 748], "summary": {"covered_lines": 5, "num_statements": 33, "percent_covered": 15.151515151515152, "percent_covered_display": "15", "missing_lines": 28, "excluded_lines": 0}, "missing_lines": [750, 752, 759, 762, 765, 766, 767, 769, 771, 772, 774, 775, 777, 778, 781, 782, 783, 784, 786, 787, 788, 789, 791, 792, 793, 794, 796, 797], "excluded_lines": []}, "show_career_suggestions": {"executed_lines": [803, 805, 807, 808, 810, 813, 815, 816, 818, 819, 820, 824, 825, 827, 828, 830, 831, 834, 835, 836, 837, 840, 849, 850, 852, 854, 855], "summary": {"covered_lines": 27, "num_statements": 28, "percent_covered": 96.42857142857143, "percent_covered_display": "96", "missing_lines": 1, "excluded_lines": 0}, "missing_lines": [821], "excluded_lines": []}, "_organize_skills_by_category": {"executed_lines": [863, 864, 866, 867, 868, 869, 870], "summary": {"covered_lines": 7, "num_statements": 7, "percent_covered": 100.0, "percent_covered_display": "100", "missing_lines": 0, "excluded_lines": 0}, "missing_lines": [], "excluded_lines": []}, "_display_skill_button": {"executed_lines": [876, 877, 879, 883, 884], "summary": {"covered_lines": 5, "num_statements": 6, "percent_covered": 83.33333333333333, "percent_covered_display": "83", "missing_lines": 1, "excluded_lines": 0}, "missing_lines": [886], "excluded_lines": []}, "_display_skills_in_category": {"executed_lines": [891, 892, 894, 895, 896], "summary": {"covered_lines": 5, "num_statements": 5, "percent_covered": 100.0, "percent_covered_display": "100", "missing_lines": 0, "excluded_lines": 0}, "missing_lines": [], "excluded_lines": []}, "": {"executed_lines": [1, 6, 7, 8, 9, 10, 11, 13, 16, 17, 18, 22, 23, 24, 25, 27, 28, 29, 36, 38, 41, 84, 110, 154, 188, 256, 280, 340, 369, 400, 443, 531, 580, 628, 649, 676, 740, 800, 861, 873, 889], "summary": {"covered_lines": 40, "num_statements": 46, "percent_covered": 86.95652173913044, "percent_covered_display": "87", "missing_lines": 6, "excluded_lines": 0}, "missing_lines": [19, 30, 31, 32, 33, 35], "excluded_lines": []}}, "classes": {"": {"executed_lines": [1, 6, 7, 8, 9, 10, 11, 13, 16, 17, 18, 22, 23, 24, 25, 27, 28, 29, 36, 38, 41, 44, 45, 46, 48, 50, 51, 52, 54, 55, 56, 58, 59, 61, 62, 63, 66, 68, 69, 73, 75, 76, 77, 79, 80, 81, 84, 87, 88, 89, 91, 92, 93, 94, 96, 99, 102, 103, 104, 107, 110, 113, 114, 115, 117, 119, 121, 122, 123, 125, 126, 127, 129, 131, 132, 135, 140, 151, 154, 157, 159, 161, 162, 163, 165, 166, 167, 169, 170, 171, 172, 175, 177, 179, 180, 181, 183, 184, 185, 188, 191, 194, 220, 232, 241, 242, 243, 245, 246, 249, 250, 251, 253, 256, 259, 260, 280, 283, 284, 285, 340, 343, 344, 346, 348, 350, 351, 353, 355, 356, 357, 358, 360, 361, 363, 365, 366, 369, 372, 375, 376, 377, 380, 381, 382, 385, 386, 388, 390, 394, 397, 400, 403, 405, 408, 409, 410, 413, 414, 415, 418, 419, 420, 422, 423, 426, 427, 428, 429, 430, 432, 433, 436, 437, 438, 443, 446, 448, 449, 451, 457, 464, 465, 466, 467, 470, 476, 527, 528, 531, 534, 535, 537, 538, 575, 576, 577, 580, 583, 586, 587, 601, 602, 603, 606, 607, 610, 611, 612, 613, 616, 623, 624, 625, 628, 631, 639, 646, 649, 652, 654, 655, 657, 658, 660, 661, 663, 672, 673, 676, 679, 680, 682, 702, 704, 705, 706, 708, 709, 710, 712, 713, 714, 716, 717, 719, 722, 723, 726, 734, 736, 737, 740, 743, 745, 746, 747, 748, 800, 803, 805, 807, 808, 810, 813, 815, 816, 818, 819, 820, 824, 825, 827, 828, 830, 831, 834, 835, 836, 837, 840, 849, 850, 852, 854, 855, 861, 863, 864, 866, 867, 868, 869, 870, 873, 876, 877, 879, 883, 884, 889, 891, 892, 894, 895, 896], "summary": {"covered_lines": 305, "num_statements": 420, "percent_covered": 72.61904761904762, "percent_covered_display": "73", "missing_lines": 115, "excluded_lines": 0}, "missing_lines": [19, 30, 31, 32, 33, 35, 136, 137, 141, 142, 143, 144, 145, 146, 147, 148, 247, 262, 263, 264, 274, 276, 277, 287, 288, 290, 292, 294, 303, 304, 307, 316, 317, 318, 321, 323, 331, 332, 334, 336, 337, 387, 389, 391, 395, 440, 468, 478, 479, 481, 482, 488, 495, 502, 504, 505, 506, 508, 522, 523, 525, 540, 541, 542, 545, 546, 548, 549, 550, 551, 554, 556, 558, 570, 571, 573, 588, 591, 593, 594, 595, 596, 597, 598, 720, 750, 752, 759, 762, 765, 766, 767, 769, 771, 772, 774, 775, 777, 778, 781, 782, 783, 784, 786, 787, 788, 789, 791, 792, 793, 794, 796, 797, 821, 886], "excluded_lines": []}}}, "app\\pages_modules\\consultant_documents.py": {"executed_lines": [1, 6, 7, 8, 9, 10, 11, 12, 13, 15, 16, 19, 22, 23, 24, 28, 29, 30, 31, 33, 34, 35, 36, 45, 47, 50, 53, 54, 55, 113, 116, 134, 137, 138, 140, 142, 170, 173, 175, 176, 179, 189, 195, 197, 199, 206, 241, 288, 290, 292, 293, 294, 306, 307, 310, 312, 323, 342, 359, 374, 398, 401, 402, 405, 406, 409, 410, 411, 412, 413, 416, 417, 420, 421, 422, 424, 429, 430, 433, 434, 451, 452, 453, 456, 459, 460, 461, 462, 464, 465, 467, 475, 476, 479, 482, 483, 484, 510, 511, 512, 515, 517, 518, 525, 527, 531, 539, 546, 547, 550, 552, 554, 557, 560, 562, 563, 596, 597, 600, 603, 604, 605, 619, 620, 621, 624, 627, 628, 629, 649, 650, 651, 654, 657, 659, 660, 661, 701, 708, 720, 728, 739, 752, 769, 772, 774, 775, 812, 813, 816, 819, 821, 822, 823, 882, 893, 908, 935, 959, 966, 969, 973, 976, 981, 983], "summary": {"covered_lines": 164, "num_statements": 516, "percent_covered": 31.782945736434108, "percent_covered_display": "32", "missing_lines": 352, "excluded_lines": 0}, "missing_lines": [25, 37, 38, 39, 40, 41, 42, 44, 57, 58, 59, 61, 63, 65, 66, 74, 77, 78, 80, 81, 82, 84, 87, 89, 91, 92, 93, 94, 96, 97, 98, 100, 101, 102, 105, 106, 108, 109, 110, 118, 119, 121, 122, 125, 128, 131, 144, 145, 146, 148, 150, 151, 152, 153, 155, 156, 158, 160, 161, 163, 165, 166, 167, 208, 209, 211, 212, 214, 215, 216, 218, 227, 228, 229, 230, 231, 233, 235, 236, 237, 238, 244, 246, 247, 248, 250, 251, 252, 253, 256, 258, 259, 260, 261, 263, 266, 267, 271, 274, 277, 278, 279, 281, 283, 284, 285, 295, 296, 297, 299, 300, 302, 303, 304, 325, 327, 328, 329, 331, 332, 334, 344, 345, 347, 348, 349, 351, 352, 353, 354, 356, 361, 363, 364, 365, 367, 368, 369, 371, 376, 377, 378, 380, 382, 383, 384, 427, 428, 446, 447, 449, 486, 487, 488, 490, 491, 492, 495, 496, 497, 501, 504, 505, 507, 508, 519, 520, 521, 522, 528, 529, 540, 541, 542, 543, 544, 553, 564, 565, 567, 568, 574, 582, 584, 585, 587, 588, 590, 591, 593, 594, 607, 608, 609, 612, 613, 615, 617, 631, 632, 633, 636, 637, 638, 639, 640, 643, 644, 646, 647, 663, 664, 665, 666, 669, 671, 672, 673, 674, 676, 679, 680, 684, 687, 690, 691, 692, 694, 696, 697, 698, 703, 704, 705, 710, 711, 712, 713, 714, 715, 716, 717, 722, 723, 724, 725, 730, 731, 732, 733, 734, 735, 736, 741, 743, 744, 745, 747, 748, 749, 755, 756, 758, 759, 760, 761, 762, 763, 765, 766, 786, 787, 795, 798, 799, 802, 810, 826, 828, 829, 830, 833, 834, 835, 836, 838, 839, 840, 842, 843, 844, 845, 847, 848, 851, 852, 853, 858, 861, 863, 864, 865, 875, 876, 884, 885, 886, 887, 889, 890, 895, 896, 897, 899, 900, 902, 903, 905, 910, 911, 913, 914, 915, 918, 919, 921, 922, 925, 929, 931, 932, 937, 939, 940, 941, 943, 944, 945, 946, 948, 949, 950, 951, 953, 954, 955, 956, 961, 962, 970, 971, 978], "excluded_lines": [], "functions": {"show_consultant_documents": {"executed_lines": [53, 54, 55], "summary": {"covered_lines": 3, "num_statements": 34, "percent_covered": 8.823529411764707, "percent_covered_display": "9", "missing_lines": 31, "excluded_lines": 0}, "missing_lines": [57, 58, 59, 61, 63, 65, 66, 74, 77, 78, 80, 81, 82, 84, 87, 89, 91, 92, 93, 94, 96, 97, 98, 100, 101, 102, 105, 106, 108, 109, 110], "excluded_lines": []}, "show_document_details": {"executed_lines": [116], "summary": {"covered_lines": 1, "num_statements": 8, "percent_covered": 12.5, "percent_covered_display": "12", "missing_lines": 7, "excluded_lines": 0}, "missing_lines": [118, 119, 121, 122, 125, 128, 131], "excluded_lines": []}, "show_documents_statistics": {"executed_lines": [137, 138, 140, 142], "summary": {"covered_lines": 4, "num_statements": 21, "percent_covered": 19.047619047619047, "percent_covered_display": "19", "missing_lines": 17, "excluded_lines": 0}, "missing_lines": [144, 145, 146, 148, 150, 151, 152, 153, 155, 156, 158, 160, 161, 163, 165, 166, 167], "excluded_lines": []}, "show_upload_document_form": {"executed_lines": [173, 175, 176, 179, 189, 195, 197, 199, 206], "summary": {"covered_lines": 9, "num_statements": 27, "percent_covered": 33.333333333333336, "percent_covered_display": "33", "missing_lines": 18, "excluded_lines": 0}, "missing_lines": [208, 209, 211, 212, 214, 215, 216, 218, 227, 228, 229, 230, 231, 233, 235, 236, 237, 238], "excluded_lines": []}, "perform_cv_analysis": {"executed_lines": [657, 659, 660, 661], "summary": {"covered_lines": 4, "num_statements": 25, "percent_covered": 16.0, "percent_covered_display": "16", "missing_lines": 21, "excluded_lines": 0}, "missing_lines": [663, 664, 665, 666, 669, 671, 672, 673, 674, 676, 679, 680, 684, 687, 690, 691, 692, 694, 696, 697, 698], "excluded_lines": []}, "analyze_consultant_cv": {"executed_lines": [290, 292, 293, 294, 306, 307], "summary": {"covered_lines": 6, "num_statements": 14, "percent_covered": 42.857142857142854, "percent_covered_display": "43", "missing_lines": 8, "excluded_lines": 0}, "missing_lines": [295, 296, 297, 299, 300, 302, 303, 304], "excluded_lines": []}, "_find_latest_cv": {"executed_lines": [312], "summary": {"covered_lines": 1, "num_statements": 1, "percent_covered": 100.0, "percent_covered_display": "100", "missing_lines": 0, "excluded_lines": 0}, "missing_lines": [], "excluded_lines": []}, "_display_analysis_method_selection": {"executed_lines": [], "summary": {"covered_lines": 0, "num_statements": 7, "percent_covered": 0.0, "percent_covered_display": "0", "missing_lines": 7, "excluded_lines": 0}, "missing_lines": [325, 327, 328, 329, 331, 332, 334], "excluded_lines": []}, "_display_current_analysis_status": {"executed_lines": [], "summary": {"covered_lines": 0, "num_statements": 10, "percent_covered": 0.0, "percent_covered_display": "0", "missing_lines": 10, "excluded_lines": 0}, "missing_lines": [344, 345, 347, 348, 349, 351, 352, 353, 354, 356], "excluded_lines": []}, "_handle_analysis_button": {"executed_lines": [], "summary": {"covered_lines": 0, "num_statements": 8, "percent_covered": 0.0, "percent_covered_display": "0", "missing_lines": 8, "excluded_lines": 0}, "missing_lines": [361, 363, 364, 365, 367, 368, 369, 371], "excluded_lines": []}, "_display_ai_configuration": {"executed_lines": [], "summary": {"covered_lines": 0, "num_statements": 7, "percent_covered": 0.0, "percent_covered_display": "0", "missing_lines": 7, "excluded_lines": 0}, "missing_lines": [376, 377, 378, 380, 382, 383, 384], "excluded_lines": []}, "upload_document": {"executed_lines": [401, 402, 405, 406, 409, 410, 411, 412, 413, 416, 417, 420, 421, 422, 424, 429, 430, 433, 434, 451, 452, 453], "summary": {"covered_lines": 22, "num_statements": 27, "percent_covered": 81.48148148148148, "percent_covered_display": "81", "missing_lines": 5, "excluded_lines": 0}, "missing_lines": [427, 428, 446, 447, 449], "excluded_lines": []}, "download_document": {"executed_lines": [459, 460, 461, 462, 464, 465, 467, 475, 476], "summary": {"covered_lines": 9, "num_statements": 9, "percent_covered": 100.0, "percent_covered_display": "100", "missing_lines": 0, "excluded_lines": 0}, "missing_lines": [], "excluded_lines": []}, "reanalyze_document": {"executed_lines": [482, 483, 484, 510, 511, 512], "summary": {"covered_lines": 6, "num_statements": 20, "percent_covered": 30.0, "percent_covered_display": "30", "missing_lines": 14, "excluded_lines": 0}, "missing_lines": [486, 487, 488, 490, 491, 492, 495, 496, 497, 501, 504, 505, 507, 508], "excluded_lines": []}, "_load_document_for_rename": {"executed_lines": [517, 518], "summary": {"covered_lines": 2, "num_statements": 6, "percent_covered": 33.333333333333336, "percent_covered_display": "33", "missing_lines": 4, "excluded_lines": 0}, "missing_lines": [519, 520, 521, 522], "excluded_lines": []}, "_handle_rename_form_submission": {"executed_lines": [527, 531, 539, 546, 547], "summary": {"covered_lines": 5, "num_statements": 12, "percent_covered": 41.666666666666664, "percent_covered_display": "42", "missing_lines": 7, "excluded_lines": 0}, "missing_lines": [528, 529, 540, 541, 542, 543, 544], "excluded_lines": []}, "_handle_rename_form_cancellation": {"executed_lines": [552, 554], "summary": {"covered_lines": 2, "num_statements": 3, "percent_covered": 66.66666666666667, "percent_covered_display": "67", "missing_lines": 1, "excluded_lines": 0}, "missing_lines": [553], "excluded_lines": []}, "show_rename_document_form": {"executed_lines": [560, 562, 563, 596, 597], "summary": {"covered_lines": 5, "num_statements": 19, "percent_covered": 26.31578947368421, "percent_covered_display": "26", "missing_lines": 14, "excluded_lines": 0}, "missing_lines": [564, 565, 567, 568, 574, 582, 584, 585, 587, 588, 590, 591, 593, 594], "excluded_lines": []}, "rename_document": {"executed_lines": [603, 604, 605, 619, 620, 621], "summary": {"covered_lines": 6, "num_statements": 13, "percent_covered": 46.15384615384615, "percent_covered_display": "46", "missing_lines": 7, "excluded_lines": 0}, "missing_lines": [607, 608, 609, 612, 613, 615, 617], "excluded_lines": []}, "delete_document": {"executed_lines": [627, 628, 629, 649, 650, 651], "summary": {"covered_lines": 6, "num_statements": 18, "percent_covered": 33.333333333333336, "percent_covered_display": "33", "missing_lines": 12, "excluded_lines": 0}, "missing_lines": [631, 632, 633, 636, 637, 638, 639, 640, 643, 644, 646, 647], "excluded_lines": []}, "_display_cv_resume": {"executed_lines": [], "summary": {"covered_lines": 0, "num_statements": 3, "percent_covered": 0.0, "percent_covered_display": "0", "missing_lines": 3, "excluded_lines": 0}, "missing_lines": [703, 704, 705], "excluded_lines": []}, "_display_cv_missions": {"executed_lines": [], "summary": {"covered_lines": 0, "num_statements": 8, "percent_covered": 0.0, "percent_covered_display": "0", "missing_lines": 8, "excluded_lines": 0}, "missing_lines": [710, 711, 712, 713, 714, 715, 716, 717], "excluded_lines": []}, "_display_cv_competences": {"executed_lines": [], "summary": {"covered_lines": 0, "num_statements": 4, "percent_covered": 0.0, "percent_covered_display": "0", "missing_lines": 4, "excluded_lines": 0}, "missing_lines": [722, 723, 724, 725], "excluded_lines": []}, "_display_cv_contact": {"executed_lines": [], "summary": {"covered_lines": 0, "num_statements": 7, "percent_covered": 0.0, "percent_covered_display": "0", "missing_lines": 7, "excluded_lines": 0}, "missing_lines": [730, 731, 732, 733, 734, 735, 736], "excluded_lines": []}, "_display_cv_actions": {"executed_lines": [], "summary": {"covered_lines": 0, "num_statements": 7, "percent_covered": 0.0, "percent_covered_display": "0", "missing_lines": 7, "excluded_lines": 0}, "missing_lines": [741, 743, 744, 745, 747, 748, 749], "excluded_lines": []}, "show_full_cv_analysis": {"executed_lines": [], "summary": {"covered_lines": 0, "num_statements": 10, "percent_covered": 0.0, "percent_covered_display": "0", "missing_lines": 10, "excluded_lines": 0}, "missing_lines": [755, 756, 758, 759, 760, 761, 762, 763, 765, 766], "excluded_lines": []}, "generate_cv_report": {"executed_lines": [772, 774, 775, 812, 813], "summary": {"covered_lines": 5, "num_statements": 12, "percent_covered": 41.666666666666664, "percent_covered_display": "42", "missing_lines": 7, "excluded_lines": 0}, "missing_lines": [786, 787, 795, 798, 799, 802, 810], "excluded_lines": []}, "show_documents_report": {"executed_lines": [819, 821, 822, 823], "summary": {"covered_lines": 4, "num_statements": 31, "percent_covered": 12.903225806451612, "percent_covered_display": "13", "missing_lines": 27, "excluded_lines": 0}, "missing_lines": [826, 828, 829, 830, 833, 834, 835, 836, 838, 839, 840, 842, 843, 844, 845, 847, 848, 851, 852, 853, 858, 861, 863, 864, 865, 875, 876], "excluded_lines": []}, "_display_document_basic_info": {"executed_lines": [], "summary": {"covered_lines": 0, "num_statements": 6, "percent_covered": 0.0, "percent_covered_display": "0", "missing_lines": 6, "excluded_lines": 0}, "missing_lines": [884, 885, 886, 887, 889, 890], "excluded_lines": []}, "_display_document_metadata": {"executed_lines": [], "summary": {"covered_lines": 0, "num_statements": 8, "percent_covered": 0.0, "percent_covered_display": "0", "missing_lines": 8, "excluded_lines": 0}, "missing_lines": [895, 896, 897, 899, 900, 902, 903, 905], "excluded_lines": []}, "_display_cv_analysis_summary": {"executed_lines": [], "summary": {"covered_lines": 0, "num_statements": 13, "percent_covered": 0.0, "percent_covered_display": "0", "missing_lines": 13, "excluded_lines": 0}, "missing_lines": [910, 911, 913, 914, 915, 918, 919, 921, 922, 925, 929, 931, 932], "excluded_lines": []}, "_display_document_actions": {"executed_lines": [], "summary": {"covered_lines": 0, "num_statements": 16, 
[...]
 406, 413, 414, 416, 417, 424, 425, 432, 433, 440, 441, 450, 453, 456, 476, 478, 479, 480, 481, 484, 501, 523, 538, 552, 566, 568, 571, 573, 574, 577, 579, 580, 581, 583, 585, 586, 587, 588, 590, 591, 592], "summary": {"covered_lines": 75, "num_statements": 116, "percent_covered": 64.65517241379311, "percent_covered_display": "65", "missing_lines": 41, "excluded_lines": 0}, "missing_lines": [459, 462, 465, 466, 469, 470, 473, 487, 494, 495, 496, 498, 503, 504, 506, 508, 509, 511, 512, 513, 515, 516, 518, 519, 520, 525, 526, 528, 529, 530, 532, 533, 535, 540, 541, 542, 543, 544, 545, 546, 548], "excluded_lines": []}}}, "app\\utils\\helpers.py": {"executed_lines": [1, 6, 7, 8, 9, 10, 11, 12, 13, 14, 15, 16, 17, 19, 20, 23, 26, 36, 37, 39, 41, 42, 43, 44, 47, 57, 58, 60, 61, 62, 63, 64, 66, 71, 81, 82, 84, 85, 86, 87, 88, 91, 101, 102, 104, 106, 108, 111, 114, 115, 116, 119, 129, 130, 132, 133, 134, 137, 138, 140, 141, 142, 145, 155, 156, 158, 159, 160, 163, 164, 166, 167, 168, 171, 182, 183, 184, 185, 190, 201, 202, 204, 206, 207, 208, 210, 211, 212, 213, 218, 229, 230, 231, 232, 237, 247, 248, 250, 251, 254, 264, 265, 268, 271, 272, 274, 277, 287, 288, 290, 292, 293, 294, 295, 296, 297, 298, 303, 314, 315, 317, 318, 319, 324, 334, 335, 338, 341, 344, 346, 349, 359, 360, 363, 366, 367, 369, 372, 382, 383, 386, 389, 392, 394, 397, 408, 409, 411, 412, 416, 417, 419, 421, 422, 423, 425, 428, 439, 440, 442, 443, 448, 455, 458, 468, 469, 471, 472, 473, 478, 488, 489, 492, 495, 496, 498, 501, 511, 512, 514, 515, 530, 531, 532, 533, 534, 536, 541, 551, 552, 555, 558, 561, 563, 566, 577, 578, 580, 581, 582, 583, 584, 586, 587, 592, 603, 604, 606, 608, 609, 619, 626, 628, 631, 638, 640, 643, 668, 687, 697, 698, 700, 701, 706, 717, 718, 720, 721, 726, 737, 738, 740, 741, 743, 744, 745, 748, 749, 752, 763, 764, 766, 767, 768, 771, 772, 773, 774, 776], "summary": {"covered_lines": 248, "num_statements": 287, "percent_covered": 86.41114982578397, "percent_covered_display": "86", "missing_lines": 39, "excluded_lines": 0}, "missing_lines": [67, 68, 109, 186, 187, 214, 215, 233, 234, 299, 300, 320, 321, 444, 445, 474, 475, 537, 538, 588, 589, 610, 611, 655, 658, 659, 660, 661, 663, 665, 677, 679, 702, 703, 722, 723, 746, 747, 769], "excluded_lines": [], "functions": {"format_currency": {"executed_lines": [36, 37, 39, 41, 42, 43, 44], "summary": {"covered_lines": 7, "num_statements": 7, "percent_covered": 100.0, "percent_covered_display": "100", "missing_lines": 0, "excluded_lines": 0}, "missing_lines": [], "excluded_lines": []}, "format_date": {"executed_lines": [57, 58, 60, 61, 62, 63, 64, 66], "summary": {"covered_lines": 8, "num_statements": 10, "percent_covered": 80.0, "percent_covered_display": "80", "missing_lines": 2, "excluded_lines": 0}, "missing_lines": [67, 68], "excluded_lines": []}, "format_percentage": {"executed_lines": [81, 82, 84, 85, 86, 87, 88], "summary": {"covered_lines": 7, "num_statements": 7, "percent_covered": 100.0, "percent_covered_display": "100", "missing_lines": 0, "excluded_lines": 0}, "missing_lines": [], "excluded_lines": []}, "format_number": {"executed_lines": [101, 102, 104, 106, 108, 111, 114, 115, 116], "summary": {"covered_lines": 9, "num_statements": 10, "percent_covered": 90.0, "percent_covered_display": "90", "missing_lines": 1, "excluded_lines": 0}, "missing_lines": [109], "excluded_lines": []}, "calculate_age": {"executed_lines": [129, 130, 132, 133, 134, 137, 138, 140, 141, 142], "summary": {"covered_lines": 10, "num_statements": 10, "percent_covered": 100.0, "percent_covered_display": "100", "missing_lines": 0, "excluded_lines": 0}, "missing_lines": [], "excluded_lines": []}, "calculate_experience_years": {"executed_lines": [155, 156, 158, 159, 160, 163, 164, 166, 167, 168], "summary": {"covered_lines": 10, "num_statements": 10, "percent_covered": 100.0, "percent_covered_display": "100", "missing_lines": 0, "excluded_lines": 0}, "missing_lines": [], "excluded_lines": []}, "safe_divide": {"executed_lines": [182, 183, 184, 185], "summary": {"covered_lines": 4, "num_statements": 6, "percent_covered": 66.66666666666667, "percent_covered_display": "67", "missing_lines": 2, "excluded_lines": 0}, "missing_lines": [186, 187], "excluded_lines": []}, "round_to_nearest": {"executed_lines": [201, 202, 204, 206, 207, 208, 210, 211, 212, 213], "summary": {"covered_lines": 10, "num_statements": 12, "percent_covered": 83.33333333333333, "percent_covered_display": "83", "missing_lines": 2, "excluded_lines": 0}, "missing_lines": [214, 215], "excluded_lines": []}, "calculate_percentage_change": {"executed_lines": [229, 230, 231, 232], "summary": {"covered_lines": 4, "num_statements": 6, "percent_covered": 66.66666666666667, "percent_covered_display": "67", "missing_lines": 2, "excluded_lines": 0}, "missing_lines": [233, 234], "excluded_lines": []}, "validate_email": {"executed_lines": [247, 248, 250, 251], "summary": {"covered_lines": 4, "num_statements": 4, "percent_covered": 100.0, "percent_covered_display": "100", "missing_lines": 0, "excluded_lines": 0}, "missing_lines": [], "excluded_lines": []}, "validate_phone": {"executed_lines": [264, 265, 268, 271, 272, 274], "summary": {"covered_lines": 6, "num_statements": 6, "percent_covered": 100.0, "percent_covered_display": "100", "missing_lines": 0, "excluded_lines": 0}, "missing_lines": [], "excluded_lines": []}, "validate_date": {"executed_lines": [287, 288, 290, 292, 293, 294, 295, 296, 297, 298], "summary": {"covered_lines": 10, "num_statements": 12, "percent_covered": 83.33333333333333, "percent_covered_display": "83", "missing_lines": 2, "excluded_lines": 0}, "missing_lines": [299, 300], "excluded_lines": []}, "is_valid_file_type": {"executed_lines": [314, 315, 317, 318, 319], "summary": {"covered_lines": 5, "num_statements": 7, "percent_covered": 71.42857142857143, "percent_covered_display": "71", "missing_lines": 2, "excluded_lines": 0}, "missing_lines": [320, 321], "excluded_lines": []}, "clean_string": {"executed_lines": [334, 335, 338, 341, 344, 346], "summary": {"covered_lines": 6, "num_statements": 6, "percent_covered": 100.0, "percent_covered_display": "100", "missing_lines": 0, "excluded_lines": 0}, "missing_lines": [], "excluded_lines": []}, "normalize_text": {"executed_lines": [359, 360, 363, 366, 367, 369], "summary": {"covered_lines": 6, "num_statements": 6, "percent_covered": 100.0, "percent_covered_display": "100", "missing_lines": 0, "excluded_lines": 0}, "missing_lines": [], "excluded_lines": []}, "slugify": {"executed_lines": [382, 383, 386, 389, 392, 394], "summary": {"covered_lines": 6, "num_statements": 6, "percent_covered": 100.0, "percent_covered_display": "100", "missing_lines": 0, "excluded_lines": 0}, "missing_lines": [], "excluded_lines": []}, "truncate_text": {"executed_lines": [408, 409, 411, 412, 416, 417, 419, 421, 422, 423, 425], "summary": {"covered_lines": 11, "num_statements": 11, "percent_covered": 100.0, "percent_covered_display": "100", "missing_lines": 0, "excluded_lines": 0}, "missing_lines": [], "excluded_lines": []}, "split_list_into_chunks": {"executed_lines": [439, 440, 442, 443], "summary": {"covered_lines": 4, "num_statements": 6, "percent_covered": 66.66666666666667, "percent_covered_display": "67", "missing_lines": 2, "excluded_lines": 0}, "missing_lines": [444, 445], "excluded_lines": []}, "generate_id": {"executed_lines": [455], "summary": {"covered_lines": 1, "num_statements": 1, "percent_covered": 100.0, "percent_covered_display": "100", "missing_lines": 0, "excluded_lines": 0}, "missing_lines": [], "excluded_lines": []}, "get_file_extension": {"executed_lines": [468, 469, 471, 472, 473], "summary": {"covered_lines": 5, "num_statements": 7, "percent_covered": 71.42857142857143, "percent_covered_display": "71", "missing_lines": 2, "excluded_lines": 0}, "missing_lines": [474, 475], "excluded_lines": []}, "format_phone_number": {"executed_lines": [488, 489, 492, 495, 496, 498], "summary": {"covered_lines": 6, "num_statements": 6, "percent_covered": 100.0, "percent_covered_display": "100", "missing_lines": 0, "excluded_lines": 0}, "missing_lines": [], "excluded_lines": []}, "format_date_french": {"executed_lines": [511, 512, 514, 515, 530, 531, 532, 533, 534, 536], "summary": {"covered_lines": 10, "num_statements": 12, "percent_covered": 83.33333333333333, "percent_covered_display": "83", "missing_lines": 2, "excluded_lines": 0}, "missing_lines": [537, 538], "excluded_lines": []}, "sanitize_input": {"executed_lines": [551, 552, 555, 558, 561, 563], "summary": {"covered_lines": 6, "num_statements": 6, "percent_covered": 100.0, "percent_covered_display": "100", "missing_lines": 0, "excluded_lines": 0}, "missing_lines": [], "excluded_lines": []}, "calculate_mission_duration": {"executed_lines": [577, 578, 580, 581, 582, 583, 584, 586, 587], "summary": {"covered_lines": 9, "num_statements": 11, "percent_covered": 81.81818181818181, "percent_covered_display": "82", "missing_lines": 2, "excluded_lines": 0}, "missing_lines": [588, 589], "excluded_lines": []}, "calculate_tjm": {"executed_lines": [603, 604, 606, 608, 609], "summary": {"covered_lines": 5, "num_statements": 7, "percent_covered": 71.42857142857143, "percent_covered_display": "71", "missing_lines": 2, "excluded_lines": 0}, "missing_lines": [610, 611], "excluded_lines": []}, "show_success_message": {"executed_lines": [626, 628], "summary": {"covered_lines": 2, "num_statements": 2, "percent_covered": 100.0, "percent_covered_display": "100", "missing_lines": 0, "excluded_lines": 0}, "missing_lines": [], "excluded_lines": []}, "show_error_message": {"executed_lines": [638, 640], "summary": {"covered_lines": 2, "num_statements": 2, "percent_covered": 100.0, "percent_covered_display": "100", "missing_lines": 0, "excluded_lines": 0}, "missing_lines": [], "excluded_lines": []}, "create_download_button": {"executed_lines": [], "summary": {"covered_lines": 0, "num_statements": 7, "percent_covered": 0.0, "percent_covered_display": "0", "missing_lines": 7, "excluded_lines": 0}, "missing_lines": [655, 658, 659, 660, 661, 663, 665], "excluded_lines": []}, "create_metric_card": {"executed_lines": [], "summary": {"covered_lines": 0, "num_statements": 2, "percent_covered": 0.0, "percent_covered_display": "0", "missing_lines": 2, "excluded_lines": 0}, "missing_lines": [677, 679], "excluded_lines": []}, "convert_to_dataframe": {"executed_lines": [697, 698, 700, 701], "summary": {"covered_lines": 4, "num_statements": 6, "percent_covered": 66.66666666666667, "percent_covered_display": "67", "missing_lines": 2, "excluded_lines": 0}, "missing_lines": [702, 703], "excluded_lines": []}, "export_to_csv": {"executed_lines": [717, 718, 720, 721], "summary": {"covered_lines": 4, "num_statements": 6, "percent_covered": 66.66666666666667, "percent_covered_display": "67", "missing_lines": 2, "excluded_lines": 0}, "missing_lines": [722, 723], "excluded_lines": []}, "export_to_excel": {"executed_lines": [737, 738, 740, 741, 743, 744, 745, 748, 749], "summary": {"covered_lines": 9, "num_statements": 11, "percent_covered": 81.81818181818181, "percent_covered_display": "82", "missing_lines": 2, "excluded_lines": 0}, "missing_lines": [746, 747], "excluded_lines": []}, "group_by_category": {"executed_lines": [763, 764, 766, 767, 768, 771, 772, 773, 774, 776], "summary": {"covered_lines": 10, "num_statements": 11, "percent_covered": 90.9090909090909, "percent_covered_display": "91", "missing_lines": 1, "excluded_lines": 0}, "missing_lines": [769], "excluded_lines": []}, "": {"executed_lines": [1, 6, 7, 8, 9, 10, 11, 12, 13, 14, 15, 16, 17, 19, 20, 23, 26, 47, 71, 91, 119, 145, 171, 190, 218, 237, 254, 277, 303, 324, 349, 372, 397, 428, 448, 458, 478, 501, 541, 566, 592, 619, 631, 643, 668, 687, 706, 726, 752], "summary": {"covered_lines": 48, "num_statements": 48, "percent_covered": 100.0, "percent_covered_display": "100", "missing_lines": 0, "excluded_lines": 0}, "missing_lines": [], "excluded_lines": []}}, "classes": {"": {"executed_lines": [1, 6, 7, 8, 9, 10, 11, 12, 13, 14, 15, 16, 17, 19, 20, 23, 26, 36, 37, 39, 41, 42, 43, 44, 47, 57, 58, 60, 61, 62, 63, 64, 66, 71, 81, 82, 84, 85, 86, 87, 88, 91, 101, 102, 104, 106, 108, 111, 114, 115, 116, 119, 129, 130, 132, 133, 134, 137, 138, 140, 141, 142, 145, 155, 156, 158, 159, 160, 163, 164, 166, 167, 168, 171, 182, 183, 184, 185, 190, 201, 202, 204, 206, 207, 208, 210, 211, 212, 213, 218, 229, 230, 231, 232, 237, 247, 248, 250, 251, 254, 264, 265, 268, 271, 272, 274, 277, 287, 288, 290, 292, 293, 294, 295, 296, 297, 298, 303, 314, 315, 317, 318, 319, 324, 334, 335, 338, 341, 344, 346, 349, 359, 360, 363, 366, 367, 369, 372, 382, 383, 386, 389, 392, 394, 397, 408, 409, 411, 412, 416, 417, 419, 421, 422, 423, 425, 428, 439, 440, 442, 443, 448, 455, 458, 468, 469, 471, 472, 473, 478, 488, 489, 492, 495, 496, 498, 501, 511, 512, 514, 515, 530, 531, 532, 533, 534, 536, 541, 551, 552, 555, 558, 561, 563, 566, 577, 578, 580, 581, 582, 583, 584, 586, 587, 592, 603, 604, 606, 608, 609, 619, 626, 628, 631, 638, 640, 643, 668, 687, 697, 698, 700, 701, 706, 717, 718, 720, 721, 726, 737, 738, 740, 741, 743, 744, 745, 748, 749, 752, 763, 764, 766, 767, 768, 771, 772, 773, 774, 776], "summary": {"covered_lines": 248, "num_statements": 287, "percent_covered": 86.41114982578397, "percent_covered_display": "86", "missing_lines": 39, "excluded_lines": 0}, "missing_lines": [67, 68, 109, 186, 187, 214, 215, 233, 234, 299, 300, 320, 321, 444, 445, 474, 475, 537, 538, 588, 589, 610, 611, 655, 658, 659, 660, 661, 663, 665, 677, 679, 702, 703, 722, 723, 746, 747, 769], "excluded_lines": []}}}, "app\\utils\\skill_categories.py": {"executed_lines": [1, 7, 171, 332, 335, 338, 340, 346, 348, 349, 350, 351, 353, 356, 358, 364, 366, 367, 368, 370, 372, 373, 376, 378, 381, 383, 384, 385, 386, 388, 391, 393, 394, 395, 402, 405, 407, 408, 409, 410, 417, 420, 422, 423, 424, 428, 431, 441, 442, 444, 447, 448, 449, 452, 453, 454, 456, 459, 466, 469, 470, 473, 474, 476], "summary": {"covered_lines": 63, "num_statements": 63, "percent_covered": 100.0, "percent_covered_display": "100", "missing_lines": 0, "excluded_lines": 0}, "missing_lines": [], "excluded_lines": [], "functions": {"get_all_competences": {"executed_lines": [340], "summary": {"covered_lines": 1, "num_statements": 1, "percent_covered": 100.0, "percent_covered_display": "100", "missing_lines": 0, "excluded_lines": 0}, "missing_lines": [], "excluded_lines": []}, "get_competences_by_category": {"executed_lines": [348, 349, 350, 351, 353], "summary": {"covered_lines": 5, "num_statements": 5, "percent_covered": 100.0, "percent_covered_display": "100", "missing_lines": 0, "excluded_lines": 0}, "missing_lines": [], "excluded_lines": []}, "get_all_categories": {"executed_lines": [358], "summary": {"covered_lines": 1, "num_statements": 1, "percent_covered": 100.0, "percent_covered_display": "100", "missing_lines": 0, "excluded_lines": 0}, "missing_lines": [], "excluded_lines": []}, "search_competences": {"executed_lines": [366, 367, 368, 370, 372, 373, 376, 378], "summary": {"covered_lines": 8, "num_statements": 8, "percent_covered": 100.0, "percent_covered_display": "100", "missing_lines": 0, "excluded_lines": 0}, "missing_lines": [], "excluded_lines": []}, "_get_competences_dict": {"executed_lines": [383, 384, 385, 386, 388], "summary": {"covered_lines": 5, "num_statements": 5, "percent_covered": 100.0, "percent_covered_display": "100", "missing_lines": 0, "excluded_lines": 0}, "missing_lines": [], "excluded_lines": []}, "_add_all_category_competences": {"executed_lines": [393, 394, 395, 402], "summary": {"covered_lines": 4, "num_statements": 4, "percent_covered": 100.0, "percent_covered_display": "100", "missing_lines": 0, "excluded_lines": 0}, "missing_lines": [], "excluded_lines": []}, "_search_individual_competences": {"executed_lines": [407, 408, 409, 410, 417], "summary": {"covered_lines": 5, "num_statements": 5, "percent_covered": 100.0, "percent_covered_display": "100", "missing_lines": 0, "excluded_lines": 0}, "missing_lines": [], "excluded_lines": []}, "_determine_competence_type": {"executed_lines": [422, 423, 424], "summary": {"covered_lines": 3, "num_statements": 3, "percent_covered": 100.0, "percent_covered_display": "100", "missing_lines": 0, "excluded_lines": 0}, "missing_lines": [], "excluded_lines": []}, "get_category_for_skill": {"executed_lines": [441, 442, 444, 447, 448, 449, 452, 453, 454, 456], "summary": {"covered_lines": 10, "num_statements": 10, "percent_covered": 100.0, "percent_covered_display": "100", "missing_lines": 0, "excluded_lines": 0}, "missing_lines": [], "excluded_lines": []}, "get_all_skills": {"executed_lines": [466, 469, 470, 473, 474, 476], "summary": {"covered_lines": 6, "num_statements": 6, "percent_covered": 100.0, "percent_covered_display": "100", "missing_lines": 0, "excluded_lines": 0}, "missing_lines": [], "excluded_lines": []}, "": {"executed_lines": [1, 7, 171, 332, 335, 338, 346, 356, 364, 381, 391, 405, 420, 428, 431, 459], "summary": {"covered_lines": 15, "num_statements": 15, "percent_covered": 100.0, "percent_covered_display": "100", "missing_lines": 0, "excluded_lines": 0}, "missing_lines": [], "excluded_lines": []}}, "classes": {"": {"executed_lines": [1, 7, 171, 332, 335, 338, 340, 346, 348, 349, 350, 351, 353, 356, 358, 364, 366, 367, 368, 370, 372, 373, 376, 378, 381, 383, 384, 385, 386, 388, 391, 393, 394, 395, 402, 405, 407, 408, 409, 410, 417, 420, 422, 423, 424, 428, 431, 441, 442, 444, 447, 448, 449, 452, 453, 454, 456, 459, 466, 469, 470, 473, 474, 476], "summary": {"covered_lines": 63, "num_statements": 63, "percent_covered": 100.0, "percent_covered_display": "100", "missing_lines": 0, "excluded_lines": 0}, "missing_lines": [], "excluded_lines": []}}}, "app\\utils\\technologies_referentiel.py": {"executed_lines": [1, 6, 7, 10, 411, 413, 414, 415, 416, 419, 421, 424, 426, 427, 428, 431, 433, 434, 436, 437, 438, 439, 440, 444], "summary": {"covered_lines": 23, "num_statements": 23, "percent_covered": 100.0, "percent_covered_display": "100", "missing_lines": 0, "excluded_lines": 0}, "missing_lines": [], "excluded_lines": [], "functions": {"get_all_technologies": {"executed_lines": [413, 414, 415, 416], "summary": {"covered_lines": 4, "num_statements": 4, "percent_covered": 100.0, "percent_covered_display": "100", "missing_lines": 0, "excluded_lines": 0}, "missing_lines": [], "excluded_lines": []}, "get_technologies_by_category": {"executed_lines": [421], "summary": {"covered_lines": 1, "num_statements": 1, "percent_covered": 100.0, "percent_covered_display": "100", "missing_lines": 0, "excluded_lines": 0}, "missing_lines": [], "excluded_lines": []}, "search_technologies": {"executed_lines": [426, 427, 428], "summary": {"covered_lines": 3, "num_statements": 3, "percent_covered": 100.0, "percent_covered_display": "100", "missing_lines": 0, "excluded_lines": 0}, "missing_lines": [], "excluded_lines": []}, "add_custom_technology": {"executed_lines": [433, 434, 436, 437, 438, 439, 440], "summary": {"covered_lines": 7, "num_statements": 7, "percent_covered": 100.0, "percent_covered_display": "100", "missing_lines": 0, "excluded_lines": 0}, "missing_lines": [], "excluded_lines": []}, "": {"executed_lines": [1, 6, 7, 10, 411, 419, 424, 431, 444], "summary": {"covered_lines": 8, "num_statements": 8, "percent_covered": 100.0, "percent_covered_display": "100", "missing_lines": 0, "excluded_lines": 0}, "missing_lines": [], "excluded_lines": []}}, "classes": {"": {"executed_lines": [1, 6, 7, 10, 411, 413, 414, 415, 416, 419, 421, 424, 426, 427, 428, 431, 433, 434, 436, 437, 438, 439, 440, 444], "summary": {"covered_lines": 23, "num_statements": 23, "percent_covered": 100.0, "percent_covered_display": "100", "missing_lines": 0, "excluded_lines": 0}, "missing_lines": [], "excluded_lines": []}}}}, "totals": {"covered_lines": 8662, "num_statements": 12673, "percent_covered": 68.3500355085615, "percent_covered_display": "68", "missing_lines": 4011, "excluded_lines": 68}}