{
  "timestamp": "2025-09-12T09:26:56.440670",
  "project": "Consultator",
  "pipeline_results": {
    "startup_test": {
      "success": true,
      "output": "Streamlit OK\nApp import OK\n"
    },
    "database_test": {
      "success": true,
      "output": "DB OK\n"
    },
    "unit_tests": {
      "success": false,
      "exit_code": 1,
      "output": "",
      "error": "Traceback (most recent call last):\n  File \"C:\\Users\\b302gja\\Documents\\Consultator en cours\\Consultator\\tests\\test_simple.py\", line 92, in <module>\n    sys.exit(main())\n             ~~~~^^\n  File \"C:\\Users\\b302gja\\Documents\\Consultator en cours\\Consultator\\tests\\test_simple.py\", line 53, in main\n    print(\"\\U0001f680 D√©marrage des tests simples...\")\n    ~~~~~^^^^^^^^^^^^^^^^^^^^^^^^^^^^^^^^^^^^^\n  File \"C:\\Users\\b302gja\\AppData\\Local\\Programs\\Python\\Python313\\Lib\\encodings\\cp1252.py\", line 19, in encode\n    return codecs.charmap_encode(input,self.errors,encoding_table)[0]\n           ~~~~~~~~~~~~~~~~~~~~~^^^^^^^^^^^^^^^^^^^^^^^^^^^^^^^^^^\nUnicodeEncodeError: 'charmap' codec can't encode character '\\U0001f680' in position 0: character maps to <undefined>\n"
    },
    "smoke_tests": {
      "success": false,
      "output": "",
      "error": "Traceback (most recent call last):\n  File \"C:\\Users\\b302gja\\Documents\\Consultator en cours\\Consultator\\tests\\test_simple.py\", line 92, in <module>\n    sys.exit(main())\n             ~~~~^^\n  File \"C:\\Users\\b302gja\\Documents\\Consultator en cours\\Consultator\\tests\\test_simple.py\", line 53, in main\n    print(\"\\U0001f680 D√©marrage des tests simples...\")\n    ~~~~~^^^^^^^^^^^^^^^^^^^^^^^^^^^^^^^^^^^^^\n  File \"C:\\Users\\b302gja\\AppData\\Local\\Programs\\Python\\Python313\\Lib\\encodings\\cp1252.py\", line 19, in encode\n    return codecs.charmap_encode(input,self.errors,encoding_table)[0]\n           ~~~~~~~~~~~~~~~~~~~~~^^^^^^^^^^^^^^^^^^^^^^^^^^^^^^^^^^\nUnicodeEncodeError: 'charmap' codec can't encode character '\\U0001f680' in position 0: character maps to <undefined>\n"
    },
    "regression_tests": {
      "success": false,
      "exit_code": 1,
      "output": "============================= test session starts =============================\nplatform win32 -- Python 3.13.5, pytest-8.4.1, pluggy-1.6.0 -- C:\\Users\\b302gja\\AppData\\Local\\Programs\\Python\\Python313\\python.exe\ncachedir: .pytest_cache\nmetadata: {'Python': '3.13.5', 'Platform': 'Windows-11-10.0.26100-SP0', 'Packages': {'pytest': '8.4.1', 'pluggy': '1.6.0'}, 'Plugins': {'anyio': '4.10.0', 'Faker': '37.6.0', 'asyncio': '1.1.0', 'cov': '6.2.1', 'html': '4.1.1', 'metadata': '3.1.1', 'mock': '3.15.0', 'xdist': '3.8.0', 'requests-mock': '1.12.1'}}\nrootdir: C:\\Users\\b302gja\\Documents\\Consultator en cours\\Consultator\nconfigfile: pytest.ini\nplugins: anyio-4.10.0, Faker-37.6.0, asyncio-1.1.0, cov-6.2.1, html-4.1.1, metadata-3.1.1, mock-3.15.0, xdist-3.8.0, requests-mock-1.12.1\nasyncio: mode=Mode.STRICT, asyncio_default_fixture_loop_scope=None, asyncio_default_test_loop_scope=function\ncollecting ... collected 261 items\n\ntests/test_analyzer_simple.py::TestAnalyzerSimple::test_basic_functionality PASSED [  0%]\ntests/test_analyzer_simple.py::TestAnalyzerSimple::test_dataframe_display PASSED [  0%]\ntests/test_analyzer_simple.py::TestAnalyzerSimple::test_form_creation PASSED [  1%]\ntests/test_analyzer_simple.py::TestAnalyzerSimple::test_layout_columns PASSED [  1%]\ntests/test_analyzer_simple.py::TestAnalyzerSimple::test_metrics_display PASSED [  1%]\ntests/test_analyzer_simple.py::TestAnalyzerSimple::test_notification_messages PASSED [  2%]\ntests/test_analyzer_simple.py::TestAnalyzerSimple::test_page_title_display PASSED [  2%]\ntests/test_bm_display.py::TestBmDisplay::test_basic_functionality PASSED [  3%]\ntests/test_bm_display.py::TestBmDisplay::test_dataframe_display PASSED   [  3%]\ntests/test_bm_display.py::TestBmDisplay::test_form_creation PASSED       [  3%]\ntests/test_bm_display.py::TestBmDisplay::test_layout_columns PASSED      [  4%]\ntests/test_bm_display.py::TestBmDisplay::test_metrics_display PASSED     [  4%]\ntests/test_bm_display.py::TestBmDisplay::test_notification_messages PASSED [  4%]\ntests/test_bm_display.py::TestBmDisplay::test_page_title_display PASSED  [  5%]\ntests/test_bm_integration.py::TestBmIntegration::test_basic_functionality PASSED [  5%]\ntests/test_bm_integration.py::TestBmIntegration::test_dataframe_display PASSED [  6%]\ntests/test_bm_integration.py::TestBmIntegration::test_form_creation PASSED [  6%]\ntests/test_bm_integration.py::TestBmIntegration::test_layout_columns PASSED [  6%]\ntests/test_bm_integration.py::TestBmIntegration::test_metrics_display PASSED [  7%]\ntests/test_bm_integration.py::TestBmIntegration::test_notification_messages PASSED [  7%]\ntests/test_bm_integration.py::TestBmIntegration::test_page_title_display PASSED [  8%]\ntests/test_consultant_list.py::TestConsultantList::test_basic_functionality PASSED [  8%]\ntests/test_consultant_list.py::TestConsultantList::test_dataframe_display PASSED [  8%]\ntests/test_consultant_list.py::TestConsultantList::test_form_creation PASSED [  9%]\ntests/test_consultant_list.py::TestConsultantList::test_layout_columns PASSED [  9%]\ntests/test_consultant_list.py::TestConsultantList::test_metrics_display PASSED [  9%]\ntests/test_consultant_list.py::TestConsultantList::test_notification_messages PASSED [ 10%]\ntests/test_consultant_list.py::TestConsultantList::test_page_title_display PASSED [ 10%]\ntests/test_consultant_profile.py::TestConsultantProfile::test_basic_functionality PASSED [ 11%]\ntests/test_consultant_profile.py::TestConsultantProfile::test_dataframe_display PASSED [ 11%]\ntests/test_consultant_profile.py::TestConsultantProfile::test_form_creation PASSED [ 11%]\ntests/test_consultant_profile.py::TestConsultantProfile::test_layout_columns PASSED [ 12%]\ntests/test_consultant_profile.py::TestConsultantProfile::test_metrics_display PASSED [ 12%]\ntests/test_consultant_profile.py::TestConsultantProfile::test_notification_messages PASSED [ 13%]\ntests/test_consultant_profile.py::TestConsultantProfile::test_page_title_display PASSED [ 13%]\ntests/test_consultant_service.py::TestConsultantService::test_create_consultant_basic PASSED [ 13%]\ntests/test_consultant_service.py::TestConsultantService::test_get_consultant_by_id_existing PASSED [ 14%]\ntests/test_consultant_service.py::TestConsultantService::test_get_consultant_by_id_not_found PASSED [ 14%]\ntests/test_consultant_service.py::TestConsultantService::test_create_consultant_valid_data PASSED [ 14%]\ntests/test_consultant_service.py::TestConsultantService::test_update_consultant_valid_data PASSED [ 15%]\ntests/test_consultant_service.py::TestConsultantService::test_delete_consultant_existing PASSED [ 15%]\ntests/test_consultant_service.py::TestConsultantService::test_search_consultants PASSED [ 16%]\ntests/test_consultant_service.py::TestConsultantService::test_get_consultants_count PASSED [ 16%]\ntests/test_consultant_service.py::TestConsultantService::test_get_available_consultants PASSED [ 16%]\ntests/test_consultants.py::TestConsultants::test_basic_functionality PASSED [ 17%]\ntests/test_consultants.py::TestConsultants::test_dataframe_display PASSED [ 17%]\ntests/test_consultants.py::TestConsultants::test_form_creation PASSED    [ 18%]\ntests/test_consultants.py::TestConsultants::test_layout_columns PASSED   [ 18%]\ntests/test_consultants.py::TestConsultants::test_metrics_display PASSED  [ 18%]\ntests/test_consultants.py::TestConsultants::test_notification_messages PASSED [ 19%]\ntests/test_consultants.py::TestConsultants::test_page_title_display PASSED [ 19%]\ntests/test_consultants_basic.py::TestConsultantsBasic::test_basic_functionality PASSED [ 19%]\ntests/test_consultants_basic.py::TestConsultantsBasic::test_dataframe_display PASSED [ 20%]\ntests/test_consultants_basic.py::TestConsultantsBasic::test_form_creation PASSED [ 20%]\ntests/test_consultants_basic.py::TestConsultantsBasic::test_layout_columns PASSED [ 21%]\ntests/test_consultants_basic.py::TestConsultantsBasic::test_metrics_display PASSED [ 21%]\ntests/test_consultants_basic.py::TestConsultantsBasic::test_notification_messages PASSED [ 21%]\ntests/test_consultants_basic.py::TestConsultantsBasic::test_page_title_display PASSED [ 22%]\ntests/test_consultants_comprehensive.py::TestConsultantsComprehensive::test_basic_functionality PASSED [ 22%]\ntests/test_consultants_comprehensive.py::TestConsultantsComprehensive::test_dataframe_display PASSED [ 22%]\ntests/test_consultants_comprehensive.py::TestConsultantsComprehensive::test_form_creation PASSED [ 23%]\ntests/test_consultants_comprehensive.py::TestConsultantsComprehensive::test_layout_columns PASSED [ 23%]\ntests/test_consultants_comprehensive.py::TestConsultantsComprehensive::test_metrics_display PASSED [ 24%]\ntests/test_consultants_comprehensive.py::TestConsultantsComprehensive::test_notification_messages PASSED [ 24%]\ntests/test_consultants_comprehensive.py::TestConsultantsComprehensive::test_page_title_display PASSED [ 24%]\ntests/test_consultants_minimal.py::TestConsultantsMinimal::test_basic_functionality PASSED [ 25%]\ntests/test_consultants_minimal.py::TestConsultantsMinimal::test_dataframe_display PASSED [ 25%]\ntests/test_consultants_minimal.py::TestConsultantsMinimal::test_form_creation PASSED [ 26%]\ntests/test_consultants_minimal.py::TestConsultantsMinimal::test_layout_columns PASSED [ 26%]\ntests/test_consultants_minimal.py::TestConsultantsMinimal::test_metrics_display PASSED [ 26%]\ntests/test_consultants_minimal.py::TestConsultantsMinimal::test_notification_messages PASSED [ 27%]\ntests/test_consultants_minimal.py::TestConsultantsMinimal::test_page_title_display PASSED [ 27%]\ntests/test_consultants_simple.py::TestConsultantsSimple::test_basic_functionality PASSED [ 27%]\ntests/test_consultants_simple.py::TestConsultantsSimple::test_dataframe_display PASSED [ 28%]\ntests/test_consultants_simple.py::TestConsultantsSimple::test_form_creation PASSED [ 28%]\ntests/test_consultants_simple.py::TestConsultantsSimple::test_layout_columns PASSED [ 29%]\ntests/test_consultants_simple.py::TestConsultantsSimple::test_metrics_display PASSED [ 29%]\ntests/test_consultants_simple.py::TestConsultantsSimple::test_notification_messages PASSED [ 29%]\ntests/test_consultants_simple.py::TestConsultantsSimple::test_page_title_display PASSED [ 30%]\ntests/test_consultants_simple_fixed.py::TestConsultantsSimpleFixed::test_basic_functionality PASSED [ 30%]\ntests/test_consultants_simple_fixed.py::TestConsultantsSimpleFixed::test_dataframe_display PASSED [ 31%]\ntests/test_consultants_simple_fixed.py::TestConsultantsSimpleFixed::test_form_creation PASSED [ 31%]\ntests/test_consultants_simple_fixed.py::TestConsultantsSimpleFixed::test_layout_columns PASSED [ 31%]\ntests/test_consultants_simple_fixed.py::TestConsultantsSimpleFixed::test_metrics_display PASSED [ 32%]\ntests/test_consultants_simple_fixed.py::TestConsultantsSimpleFixed::test_notification_messages PASSED [ 32%]\ntests/test_consultants_simple_fixed.py::TestConsultantsSimpleFixed::test_page_title_display PASSED [ 32%]\ntests/test_consultator_final_fixed.py::TestConsultatorFinalFixed::test_basic_functionality PASSED [ 33%]\ntests/test_consultator_final_fixed.py::TestConsultatorFinalFixed::test_dataframe_display PASSED [ 33%]\ntests/test_consultator_final_fixed.py::TestConsultatorFinalFixed::test_form_creation PASSED [ 34%]\ntests/test_consultator_final_fixed.py::TestConsultatorFinalFixed::test_layout_columns PASSED [ 34%]\ntests/test_consultator_final_fixed.py::TestConsultatorFinalFixed::test_metrics_display PASSED [ 34%]\ntests/test_consultator_final_fixed.py::TestConsultatorFinalFixed::test_notification_messages PASSED [ 35%]\ntests/test_consultator_final_fixed.py::TestConsultatorFinalFixed::test_page_title_display PASSED [ 35%]\ntests/test_corrections.py::TestCorrections::test_basic_functionality PASSED [ 36%]\ntests/test_corrections.py::TestCorrections::test_dataframe_display PASSED [ 36%]\ntests/test_corrections.py::TestCorrections::test_form_creation PASSED    [ 36%]\ntests/test_corrections.py::TestCorrections::test_layout_columns PASSED   [ 37%]\ntests/test_corrections.py::TestCorrections::test_metrics_display PASSED  [ 37%]\ntests/test_corrections.py::TestCorrections::test_notification_messages PASSED [ 37%]\ntests/test_corrections.py::TestCorrections::test_page_title_display PASSED [ 38%]\ntests/test_database.py::TestDatabase::test_get_database_session PASSED   [ 38%]\ntests/test_database.py::TestDatabase::test_database_config_exists PASSED [ 39%]\ntests/test_database.py::TestDatabase::test_get_database_engine_function_exists PASSED [ 39%]\ntests/test_database.py::TestDatabase::test_init_database_function_exists PASSED [ 39%]\ntests/test_database.py::TestDatabase::test_database_models_import PASSED [ 40%]\ntests/test_database.py::TestDatabase::test_database_session_context_manager PASSED [ 40%]\ntests/test_document_service_corrected.py::TestDocumentServiceCorrected::test_basic_functionality PASSED [ 40%]\ntests/test_document_service_corrected.py::TestDocumentServiceCorrected::test_dataframe_display PASSED [ 41%]\ntests/test_document_service_corrected.py::TestDocumentServiceCorrected::test_form_creation PASSED [ 41%]\ntests/test_document_service_corrected.py::TestDocumentServiceCorrected::test_layout_columns PASSED [ 42%]\ntests/test_document_service_corrected.py::TestDocumentServiceCorrected::test_metrics_display PASSED [ 42%]\ntests/test_document_service_corrected.py::TestDocumentServiceCorrected::test_notification_messages PASSED [ 42%]\ntests/test_document_service_corrected.py::TestDocumentServiceCorrected::test_page_title_display PASSED [ 43%]\ntests/test_documents_functions.py::TestDocumentsFunctions::test_basic_functionality PASSED [ 43%]\ntests/test_documents_functions.py::TestDocumentsFunctions::test_dataframe_display PASSED [ 44%]\ntests/test_documents_functions.py::TestDocumentsFunctions::test_form_creation PASSED [ 44%]\ntests/test_documents_functions.py::TestDocumentsFunctions::test_layout_columns PASSED [ 44%]\ntests/test_documents_functions.py::TestDocumentsFunctions::test_metrics_display PASSED [ 45%]\ntests/test_documents_functions.py::TestDocumentsFunctions::test_notification_messages PASSED [ 45%]\ntests/test_documents_functions.py::TestDocumentsFunctions::test_page_title_display PASSED [ 45%]\ntests/test_documents_upload.py::TestDocumentsUpload::test_basic_functionality PASSED [ 46%]\ntests/test_documents_upload.py::TestDocumentsUpload::test_dataframe_display PASSED [ 46%]\ntests/test_documents_upload.py::TestDocumentsUpload::test_form_creation PASSED [ 47%]\ntests/test_documents_upload.py::TestDocumentsUpload::test_layout_columns PASSED [ 47%]\ntests/test_documents_upload.py::TestDocumentsUpload::test_metrics_display PASSED [ 47%]\ntests/test_documents_upload.py::TestDocumentsUpload::test_notification_messages PASSED [ 48%]\ntests/test_documents_upload.py::TestDocumentsUpload::test_page_title_display PASSED [ 48%]\ntests/test_final_corrections.py::TestFinalCorrections::test_basic_functionality PASSED [ 49%]\ntests/test_final_corrections.py::TestFinalCorrections::test_dataframe_display PASSED [ 49%]\ntests/test_final_corrections.py::TestFinalCorrections::test_form_creation PASSED [ 49%]\ntests/test_final_corrections.py::TestFinalCorrections::test_layout_columns PASSED [ 50%]\ntests/test_final_corrections.py::TestFinalCorrections::test_metrics_display PASSED [ 50%]\ntests/test_final_corrections.py::TestFinalCorrections::test_notification_messages PASSED [ 50%]\ntests/test_final_corrections.py::TestFinalCorrections::test_page_title_display PASSED [ 51%]\ntests/test_fresh_import.py::TestFreshImport::test_basic_functionality PASSED [ 51%]\ntests/test_fresh_import.py::TestFreshImport::test_dataframe_display PASSED [ 52%]\ntests/test_fresh_import.py::TestFreshImport::test_form_creation PASSED   [ 52%]\ntests/test_fresh_import.py::TestFreshImport::test_layout_columns PASSED  [ 52%]\ntests/test_fresh_import.py::TestFreshImport::test_metrics_display PASSED [ 53%]\ntests/test_fresh_import.py::TestFreshImport::test_notification_messages PASSED [ 53%]\ntests/test_fresh_import.py::TestFreshImport::test_page_title_display PASSED [ 54%]\ntests/test_functionality.py::TestFunctionality::test_basic_functionality PASSED [ 54%]\ntests/test_functionality.py::TestFunctionality::test_dataframe_display PASSED [ 54%]\ntests/test_functionality.py::TestFunctionality::test_form_creation PASSED [ 55%]\ntests/test_functionality.py::TestFunctionality::test_layout_columns PASSED [ 55%]\ntests/test_functionality.py::TestFunctionality::test_metrics_display PASSED [ 55%]\ntests/test_functionality.py::TestFunctionality::test_notification_messages PASSED [ 56%]\ntests/test_functionality.py::TestFunctionality::test_page_title_display PASSED [ 56%]\ntests/test_langues.py::TestLangues::test_basic_functionality PASSED      [ 57%]\ntests/test_langues.py::TestLangues::test_dataframe_display PASSED        [ 57%]\ntests/test_langues.py::TestLangues::test_form_creation PASSED            [ 57%]\ntests/test_langues.py::TestLangues::test_layout_columns PASSED           [ 58%]\ntests/test_langues.py::TestLangues::test_metrics_display PASSED          [ 58%]\ntests/test_langues.py::TestLangues::test_notification_messages PASSED    [ 59%]\ntests/test_langues.py::TestLangues::test_page_title_display PASSED       [ 59%]\ntests/test_main_app.py::TestMainApp::test_basic_functionality PASSED     [ 59%]\ntests/test_main_app.py::TestMainApp::test_dataframe_display PASSED       [ 60%]\ntests/test_main_app.py::TestMainApp::test_form_creation PASSED           [ 60%]\ntests/test_main_app.py::TestMainApp::test_layout_columns PASSED          [ 60%]\ntests/test_main_app.py::TestMainApp::test_metrics_display PASSED         [ 61%]\ntests/test_main_app.py::TestMainApp::test_notification_messages PASSED   [ 61%]\ntests/test_main_app.py::TestMainApp::test_page_title_display PASSED      [ 62%]\ntests/test_main_navigation.py::TestMainNavigation::test_basic_functionality PASSED [ 62%]\ntests/test_main_navigation.py::TestMainNavigation::test_dataframe_display PASSED [ 62%]\ntests/test_main_navigation.py::TestMainNavigation::test_form_creation PASSED [ 63%]\ntests/test_main_navigation.py::TestMainNavigation::test_layout_columns PASSED [ 63%]\ntests/test_main_navigation.py::TestMainNavigation::test_metrics_display PASSED [ 63%]\ntests/test_main_navigation.py::TestMainNavigation::test_notification_messages PASSED [ 64%]\ntests/test_main_navigation.py::TestMainNavigation::test_page_title_display PASSED [ 64%]\ntests/test_pages_home.py::TestPagesHome::test_basic_functionality PASSED [ 65%]\ntests/test_pages_home.py::TestPagesHome::test_dataframe_display PASSED   [ 65%]\ntests/test_pages_home.py::TestPagesHome::test_form_creation PASSED       [ 65%]\ntests/test_pages_home.py::TestPagesHome::test_layout_columns PASSED      [ 66%]\ntests/test_pages_home.py::TestPagesHome::test_metrics_display PASSED     [ 66%]\ntests/test_pages_home.py::TestPagesHome::test_notification_messages PASSED [ 67%]\ntests/test_pages_home.py::TestPagesHome::test_page_title_display PASSED  [ 67%]\ntests/test_pages_modules_fixed.py::TestPagesModulesFixed::test_basic_functionality PASSED [ 67%]\ntests/test_pages_modules_fixed.py::TestPagesModulesFixed::test_dataframe_display PASSED [ 68%]\ntests/test_pages_modules_fixed.py::TestPagesModulesFixed::test_form_creation PASSED [ 68%]\ntests/test_pages_modules_fixed.py::TestPagesModulesFixed::test_layout_columns PASSED [ 68%]\ntests/test_pages_modules_fixed.py::TestPagesModulesFixed::test_metrics_display PASSED [ 69%]\ntests/test_pages_modules_fixed.py::TestPagesModulesFixed::test_notification_messages PASSED [ 69%]\ntests/test_pages_modules_fixed.py::TestPagesModulesFixed::test_page_title_display PASSED [ 70%]\ntests/test_performance_v14.py::TestPerformance::test_database_connection_speed ERROR [ 70%]\ntests/test_performance_v14.py::TestPerformance::test_data_processing_speed ERROR [ 70%]\ntests/test_performance_v14.py::TestPerformance::test_ui_rendering_simulation ERROR [ 71%]\ntests/test_performance_v14.py::TestPerformance::test_memory_usage_simulation ERROR [ 71%]\ntests/test_performance_v14.py::TestPerformance::test_api_response_simulation ERROR [ 72%]\n\n=================================== ERRORS ====================================\n______ ERROR at setup of TestPerformance.test_database_connection_speed _______\nfile C:\\Users\\b302gja\\Documents\\Consultator en cours\\Consultator\\tests\\test_performance_v14.py, line 25\n      @pytest.mark.benchmark\n      def test_database_connection_speed(self, benchmark):\nE       fixture 'benchmark' not found\n>       available fixtures: _class_scoped_runner, _function_scoped_runner, _module_scoped_runner, _package_scoped_runner, _session_faker, _session_scoped_runner, _xunit_setup_method_fixture_TestPerformance, anyio_backend, anyio_backend_name, anyio_backend_options, auto_mocks, cache, capfd, capfdbinary, caplog, capsys, capsysbinary, capteesys, class_mocker, cov, db_session, doctest_namespace, event_loop_policy, extra, extras, faker, free_tcp_port, free_tcp_port_factory, free_udp_port, free_udp_port_factory, include_metadata_in_junit_xml, metadata, mock_database_session, mock_services, mock_session, mock_session_state, mock_sqlalchemy_models, mock_sqlalchemy_models_global, mock_streamlit_complete, mock_streamlit_singleton, mocker, module_mocker, monkeypatch, no_cover, package_mocker, pytestconfig, record_property, record_testsuite_property, record_xml_attribute, recwarn, requests_mock, sample_consultant_data, sample_date_data, sample_mission_data, session_mocker, streamlit_app, test_db, testrun_uid, tmp_path, tmp_path_factory, tmpdir, tmpdir_factory, ui_test_streamlit_mock, unused_tcp_port, unused_tcp_port_factory, unused_udp_port, unused_udp_port_factory, worker_id\n>       use 'pytest --fixtures [testpath]' for help on them.\n\nC:\\Users\\b302gja\\Documents\\Consultator en cours\\Consultator\\tests\\test_performance_v14.py:25\n________ ERROR at setup of TestPerformance.test_data_processing_speed _________\nfile C:\\Users\\b302gja\\Documents\\Consultator en cours\\Consultator\\tests\\test_performance_v14.py, line 39\n      @pytest.mark.benchmark\n      def test_data_processing_speed(self, benchmark):\nE       fixture 'benchmark' not found\n>       available fixtures: _class_scoped_runner, _function_scoped_runner, _module_scoped_runner, _package_scoped_runner, _session_faker, _session_scoped_runner, _xunit_setup_method_fixture_TestPerformance, anyio_backend, anyio_backend_name, anyio_backend_options, auto_mocks, cache, capfd, capfdbinary, caplog, capsys, capsysbinary, capteesys, class_mocker, cov, db_session, doctest_namespace, event_loop_policy, extra, extras, faker, free_tcp_port, free_tcp_port_factory, free_udp_port, free_udp_port_factory, include_metadata_in_junit_xml, metadata, mock_database_session, mock_services, mock_session, mock_session_state, mock_sqlalchemy_models, mock_sqlalchemy_models_global, mock_streamlit_complete, mock_streamlit_singleton, mocker, module_mocker, monkeypatch, no_cover, package_mocker, pytestconfig, record_property, record_testsuite_property, record_xml_attribute, recwarn, requests_mock, sample_consultant_data, sample_date_data, sample_mission_data, session_mocker, streamlit_app, test_db, testrun_uid, tmp_path, tmp_path_factory, tmpdir, tmpdir_factory, ui_test_streamlit_mock, unused_tcp_port, unused_tcp_port_factory, unused_udp_port, unused_udp_port_factory, worker_id\n>       use 'pytest --fixtures [testpath]' for help on them.\n\nC:\\Users\\b302gja\\Documents\\Consultator en cours\\Consultator\\tests\\test_performance_v14.py:39\n_______ ERROR at setup of TestPerformance.test_ui_rendering_simulation ________\nfile C:\\Users\\b302gja\\Documents\\Consultator en cours\\Consultator\\tests\\test_performance_v14.py, line 51\n      @pytest.mark.benchmark\n      def test_ui_rendering_simulation(self, benchmark):\nE       fixture 'benchmark' not found\n>       available fixtures: _class_scoped_runner, _function_scoped_runner, _module_scoped_runner, _package_scoped_runner, _session_faker, _session_scoped_runner, _xunit_setup_method_fixture_TestPerformance, anyio_backend, anyio_backend_name, anyio_backend_options, auto_mocks, cache, capfd, capfdbinary, caplog, capsys, capsysbinary, capteesys, class_mocker, cov, db_session, doctest_namespace, event_loop_policy, extra, extras, faker, free_tcp_port, free_tcp_port_factory, free_udp_port, free_udp_port_factory, include_metadata_in_junit_xml, metadata, mock_database_session, mock_services, mock_session, mock_session_state, mock_sqlalchemy_models, mock_sqlalchemy_models_global, mock_streamlit_complete, mock_streamlit_singleton, mocker, module_mocker, monkeypatch, no_cover, package_mocker, pytestconfig, record_property, record_testsuite_property, record_xml_attribute, recwarn, requests_mock, sample_consultant_data, sample_date_data, sample_mission_data, session_mocker, streamlit_app, test_db, testrun_uid, tmp_path, tmp_path_factory, tmpdir, tmpdir_factory, ui_test_streamlit_mock, unused_tcp_port, unused_tcp_port_factory, unused_udp_port, unused_udp_port_factory, worker_id\n>       use 'pytest --fixtures [testpath]' for help on them.\n\nC:\\Users\\b302gja\\Documents\\Consultator en cours\\Consultator\\tests\\test_performance_v14.py:51\n_______ ERROR at setup of TestPerformance.test_memory_usage_simulation ________\nfile C:\\Users\\b302gja\\Documents\\Consultator en cours\\Consultator\\tests\\test_performance_v14.py, line 64\n      @pytest.mark.benchmark\n      def test_memory_usage_simulation(self, benchmark):\nE       fixture 'benchmark' not found\n>       available fixtures: _class_scoped_runner, _function_scoped_runner, _module_scoped_runner, _package_scoped_runner, _session_faker, _session_scoped_runner, _xunit_setup_method_fixture_TestPerformance, anyio_backend, anyio_backend_name, anyio_backend_options, auto_mocks, cache, capfd, capfdbinary, caplog, capsys, capsysbinary, capteesys, class_mocker, cov, db_session, doctest_namespace, event_loop_policy, extra, extras, faker, free_tcp_port, free_tcp_port_factory, free_udp_port, free_udp_port_factory, include_metadata_in_junit_xml, metadata, mock_database_session, mock_services, mock_session, mock_session_state, mock_sqlalchemy_models, mock_sqlalchemy_models_global, mock_streamlit_complete, mock_streamlit_singleton, mocker, module_mocker, monkeypatch, no_cover, package_mocker, pytestconfig, record_property, record_testsuite_property, record_xml_attribute, recwarn, requests_mock, sample_consultant_data, sample_date_data, sample_mission_data, session_mocker, streamlit_app, test_db, testrun_uid, tmp_path, tmp_path_factory, tmpdir, tmpdir_factory, ui_test_streamlit_mock, unused_tcp_port, unused_tcp_port_factory, unused_udp_port, unused_udp_port_factory, worker_id\n>       use 'pytest --fixtures [testpath]' for help on them.\n\nC:\\Users\\b302gja\\Documents\\Consultator en cours\\Consultator\\tests\\test_performance_v14.py:64\n_______ ERROR at setup of TestPerformance.test_api_response_simulation ________\nfile C:\\Users\\b302gja\\Documents\\Consultator en cours\\Consultator\\tests\\test_performance_v14.py, line 77\n      @pytest.mark.benchmark\n      def test_api_response_simulation(self, benchmark):\nE       fixture 'benchmark' not found\n>       available fixtures: _class_scoped_runner, _function_scoped_runner, _module_scoped_runner, _package_scoped_runner, _session_faker, _session_scoped_runner, _xunit_setup_method_fixture_TestPerformance, anyio_backend, anyio_backend_name, anyio_backend_options, auto_mocks, cache, capfd, capfdbinary, caplog, capsys, capsysbinary, capteesys, class_mocker, cov, db_session, doctest_namespace, event_loop_policy, extra, extras, faker, free_tcp_port, free_tcp_port_factory, free_udp_port, free_udp_port_factory, include_metadata_in_junit_xml, metadata, mock_database_session, mock_services, mock_session, mock_session_state, mock_sqlalchemy_models, mock_sqlalchemy_models_global, mock_streamlit_complete, mock_streamlit_singleton, mocker, module_mocker, monkeypatch, no_cover, package_mocker, pytestconfig, record_property, record_testsuite_property, record_xml_attribute, recwarn, requests_mock, sample_consultant_data, sample_date_data, sample_mission_data, session_mocker, streamlit_app, test_db, testrun_uid, tmp_path, tmp_path_factory, tmpdir, tmpdir_factory, ui_test_streamlit_mock, unused_tcp_port, unused_tcp_port_factory, unused_udp_port, unused_udp_port_factory, worker_id\n>       use 'pytest --fixtures [testpath]' for help on them.\n\nC:\\Users\\b302gja\\Documents\\Consultator en cours\\Consultator\\tests\\test_performance_v14.py:77\n=========================== short test summary info ===========================\nERROR tests/test_performance_v14.py::TestPerformance::test_database_connection_speed\nERROR tests/test_performance_v14.py::TestPerformance::test_data_processing_speed\nERROR tests/test_performance_v14.py::TestPerformance::test_ui_rendering_simulation\nERROR tests/test_performance_v14.py::TestPerformance::test_memory_usage_simulation\nERROR tests/test_performance_v14.py::TestPerformance::test_api_response_simulation\n!!!!!!!!!!!!!!!!!!!!!!!!!! stopping after 5 failures !!!!!!!!!!!!!!!!!!!!!!!!!!\n================== 183 passed, 5 warnings, 5 errors in 7.17s ==================\n",
      "error": ""
    },
    "linting": {
      "pylint": {
        "score": 0.0,
        "success": false
      },
      "flake8": {
        "issues": 2582,
        "success": false
      },
      "bandit": {
        "security_issues": 0,
        "success": true
      }
    }
  },
  "overall_success": false,
  "recommendations": [
    "‚ùå Corriger le test unit_tests qui √©choue",
    "‚ùå Corriger le test smoke_tests qui √©choue",
    "‚ùå Corriger le test regression_tests qui √©choue",
    "‚ùå Corriger le test linting qui √©choue",
    "üîß Corriger les 2582 probl√®mes Flake8",
    "üîÑ V√©rifier les r√©gressions d√©tect√©es"
  ]
}