<?xml version="1.0" encoding="utf-8"?><testsuites name="pytest tests"><testsuite name="pytest" errors="1" failures="0" skipped="0" tests="1" time="7.655" timestamp="2025-08-21T16:10:01.237332+02:00" hostname="GGFR-V11SP-249"><testcase classname="" name="tests.test_consultant_service" time="0.000"><error message="collection failure">ImportError while importing test module 'P:\Documents\Consultator\tests\test_consultant_service.py'.
Hint: make sure your test modules/packages have valid Python names.
Traceback:
C:\Users\b302gja\AppData\Local\Programs\Python\Python313\Lib\importlib\__init__.py:88: in import_module
    return _bootstrap._gcd_import(name[level:], package, level)
           ^^^^^^^^^^^^^^^^^^^^^^^^^^^^^^^^^^^^^^^^^^^^^^^^^^^^
tests\test_consultant_service.py:11: in &lt;module&gt;
    from services.consultant_service import ConsultantService
E   ModuleNotFoundError: No module named 'services'</error></testcase></testsuite></testsuites>